[2022-02-07 21:00:40,744] {scheduler_job.py:182} INFO - Started process (PID=39) to work on /opt/airflow/dags/task.py
[2022-02-07 21:00:40,746] {scheduler_job.py:633} INFO - Processing file /opt/airflow/dags/task.py for tasks to queue
[2022-02-07 21:00:40,747] {logging_mixin.py:104} INFO - [2022-02-07 21:00:40,747] {dagbag.py:487} INFO - Filling up the DagBag from /opt/airflow/dags/task.py
[2022-02-07 21:00:40,756] {logging_mixin.py:104} INFO - [2022-02-07 21:00:40,754] {dagbag.py:320} ERROR - Failed to import: /opt/airflow/dags/task.py
Traceback (most recent call last):
  File "/home/airflow/.local/lib/python3.6/site-packages/airflow/models/dagbag.py", line 317, in _load_modules_from_file
    loader.exec_module(new_module)
  File "<frozen importlib._bootstrap_external>", line 678, in exec_module
  File "<frozen importlib._bootstrap>", line 219, in _call_with_frames_removed
  File "/opt/airflow/dags/task.py", line 2, in <module>
    from bs4 import BeautifulSoup
ModuleNotFoundError: No module named 'bs4'
[2022-02-07 21:00:40,757] {scheduler_job.py:645} WARNING - No viable dags retrieved from /opt/airflow/dags/task.py
[2022-02-07 21:00:40,848] {scheduler_job.py:190} INFO - Processing /opt/airflow/dags/task.py took 0.114 seconds
[2022-02-07 21:01:11,017] {scheduler_job.py:182} INFO - Started process (PID=40) to work on /opt/airflow/dags/task.py
[2022-02-07 21:01:11,018] {scheduler_job.py:633} INFO - Processing file /opt/airflow/dags/task.py for tasks to queue
[2022-02-07 21:01:11,020] {logging_mixin.py:104} INFO - [2022-02-07 21:01:11,019] {dagbag.py:487} INFO - Filling up the DagBag from /opt/airflow/dags/task.py
[2022-02-07 21:01:11,024] {logging_mixin.py:104} INFO - [2022-02-07 21:01:11,023] {dagbag.py:320} ERROR - Failed to import: /opt/airflow/dags/task.py
Traceback (most recent call last):
  File "/home/airflow/.local/lib/python3.6/site-packages/airflow/models/dagbag.py", line 317, in _load_modules_from_file
    loader.exec_module(new_module)
  File "<frozen importlib._bootstrap_external>", line 678, in exec_module
  File "<frozen importlib._bootstrap>", line 219, in _call_with_frames_removed
  File "/opt/airflow/dags/task.py", line 2, in <module>
    from bs4 import BeautifulSoup
ModuleNotFoundError: No module named 'bs4'
[2022-02-07 21:01:11,025] {scheduler_job.py:645} WARNING - No viable dags retrieved from /opt/airflow/dags/task.py
[2022-02-07 21:01:11,549] {scheduler_job.py:190} INFO - Processing /opt/airflow/dags/task.py took 0.616 seconds
[2022-02-07 21:01:42,080] {scheduler_job.py:182} INFO - Started process (PID=41) to work on /opt/airflow/dags/task.py
[2022-02-07 21:01:42,095] {scheduler_job.py:633} INFO - Processing file /opt/airflow/dags/task.py for tasks to queue
[2022-02-07 21:01:42,096] {logging_mixin.py:104} INFO - [2022-02-07 21:01:42,096] {dagbag.py:487} INFO - Filling up the DagBag from /opt/airflow/dags/task.py
[2022-02-07 21:01:43,081] {logging_mixin.py:104} INFO - [2022-02-07 21:01:42,802] {dagbag.py:320} ERROR - Failed to import: /opt/airflow/dags/task.py
Traceback (most recent call last):
  File "/home/airflow/.local/lib/python3.6/site-packages/airflow/models/dagbag.py", line 317, in _load_modules_from_file
    loader.exec_module(new_module)
  File "<frozen importlib._bootstrap_external>", line 678, in exec_module
  File "<frozen importlib._bootstrap>", line 219, in _call_with_frames_removed
  File "/opt/airflow/dags/task.py", line 2, in <module>
    from bs4 import BeautifulSoup
ModuleNotFoundError: No module named 'bs4'
[2022-02-07 21:01:43,082] {scheduler_job.py:645} WARNING - No viable dags retrieved from /opt/airflow/dags/task.py
[2022-02-07 21:01:43,250] {scheduler_job.py:190} INFO - Processing /opt/airflow/dags/task.py took 1.191 seconds
[2022-02-07 21:02:13,327] {scheduler_job.py:182} INFO - Started process (PID=42) to work on /opt/airflow/dags/task.py
[2022-02-07 21:02:13,328] {scheduler_job.py:633} INFO - Processing file /opt/airflow/dags/task.py for tasks to queue
[2022-02-07 21:02:13,329] {logging_mixin.py:104} INFO - [2022-02-07 21:02:13,329] {dagbag.py:487} INFO - Filling up the DagBag from /opt/airflow/dags/task.py
[2022-02-07 21:02:13,342] {logging_mixin.py:104} INFO - [2022-02-07 21:02:13,332] {dagbag.py:320} ERROR - Failed to import: /opt/airflow/dags/task.py
Traceback (most recent call last):
  File "/home/airflow/.local/lib/python3.6/site-packages/airflow/models/dagbag.py", line 317, in _load_modules_from_file
    loader.exec_module(new_module)
  File "<frozen importlib._bootstrap_external>", line 678, in exec_module
  File "<frozen importlib._bootstrap>", line 219, in _call_with_frames_removed
  File "/opt/airflow/dags/task.py", line 2, in <module>
    from bs4 import BeautifulSoup
ModuleNotFoundError: No module named 'bs4'
[2022-02-07 21:02:13,342] {scheduler_job.py:645} WARNING - No viable dags retrieved from /opt/airflow/dags/task.py
[2022-02-07 21:02:13,389] {scheduler_job.py:190} INFO - Processing /opt/airflow/dags/task.py took 0.068 seconds
[2022-02-07 21:02:43,437] {scheduler_job.py:182} INFO - Started process (PID=43) to work on /opt/airflow/dags/task.py
[2022-02-07 21:02:43,439] {scheduler_job.py:633} INFO - Processing file /opt/airflow/dags/task.py for tasks to queue
[2022-02-07 21:02:43,441] {logging_mixin.py:104} INFO - [2022-02-07 21:02:43,441] {dagbag.py:487} INFO - Filling up the DagBag from /opt/airflow/dags/task.py
[2022-02-07 21:02:43,474] {logging_mixin.py:104} INFO - [2022-02-07 21:02:43,444] {dagbag.py:320} ERROR - Failed to import: /opt/airflow/dags/task.py
Traceback (most recent call last):
  File "/home/airflow/.local/lib/python3.6/site-packages/airflow/models/dagbag.py", line 317, in _load_modules_from_file
    loader.exec_module(new_module)
  File "<frozen importlib._bootstrap_external>", line 678, in exec_module
  File "<frozen importlib._bootstrap>", line 219, in _call_with_frames_removed
  File "/opt/airflow/dags/task.py", line 2, in <module>
    from bs4 import BeautifulSoup
ModuleNotFoundError: No module named 'bs4'
[2022-02-07 21:02:43,475] {scheduler_job.py:645} WARNING - No viable dags retrieved from /opt/airflow/dags/task.py
[2022-02-07 21:02:43,517] {scheduler_job.py:190} INFO - Processing /opt/airflow/dags/task.py took 0.085 seconds
[2022-02-07 21:03:13,561] {scheduler_job.py:182} INFO - Started process (PID=44) to work on /opt/airflow/dags/task.py
[2022-02-07 21:03:13,563] {scheduler_job.py:633} INFO - Processing file /opt/airflow/dags/task.py for tasks to queue
[2022-02-07 21:03:13,564] {logging_mixin.py:104} INFO - [2022-02-07 21:03:13,563] {dagbag.py:487} INFO - Filling up the DagBag from /opt/airflow/dags/task.py
[2022-02-07 21:03:13,567] {logging_mixin.py:104} INFO - [2022-02-07 21:03:13,566] {dagbag.py:320} ERROR - Failed to import: /opt/airflow/dags/task.py
Traceback (most recent call last):
  File "/home/airflow/.local/lib/python3.6/site-packages/airflow/models/dagbag.py", line 317, in _load_modules_from_file
    loader.exec_module(new_module)
  File "<frozen importlib._bootstrap_external>", line 678, in exec_module
  File "<frozen importlib._bootstrap>", line 219, in _call_with_frames_removed
  File "/opt/airflow/dags/task.py", line 2, in <module>
    from bs4 import BeautifulSoup
ModuleNotFoundError: No module named 'bs4'
[2022-02-07 21:03:13,568] {scheduler_job.py:645} WARNING - No viable dags retrieved from /opt/airflow/dags/task.py
[2022-02-07 21:03:13,614] {scheduler_job.py:190} INFO - Processing /opt/airflow/dags/task.py took 0.058 seconds
[2022-02-07 21:03:43,695] {scheduler_job.py:182} INFO - Started process (PID=45) to work on /opt/airflow/dags/task.py
[2022-02-07 21:03:43,697] {scheduler_job.py:633} INFO - Processing file /opt/airflow/dags/task.py for tasks to queue
[2022-02-07 21:03:43,698] {logging_mixin.py:104} INFO - [2022-02-07 21:03:43,698] {dagbag.py:487} INFO - Filling up the DagBag from /opt/airflow/dags/task.py
[2022-02-07 21:03:43,701] {logging_mixin.py:104} INFO - [2022-02-07 21:03:43,700] {dagbag.py:320} ERROR - Failed to import: /opt/airflow/dags/task.py
Traceback (most recent call last):
  File "/home/airflow/.local/lib/python3.6/site-packages/airflow/models/dagbag.py", line 317, in _load_modules_from_file
    loader.exec_module(new_module)
  File "<frozen importlib._bootstrap_external>", line 678, in exec_module
  File "<frozen importlib._bootstrap>", line 219, in _call_with_frames_removed
  File "/opt/airflow/dags/task.py", line 2, in <module>
    from bs4 import BeautifulSoup
ModuleNotFoundError: No module named 'bs4'
[2022-02-07 21:03:43,702] {scheduler_job.py:645} WARNING - No viable dags retrieved from /opt/airflow/dags/task.py
[2022-02-07 21:03:43,743] {scheduler_job.py:190} INFO - Processing /opt/airflow/dags/task.py took 0.054 seconds
[2022-02-07 21:04:13,815] {scheduler_job.py:182} INFO - Started process (PID=46) to work on /opt/airflow/dags/task.py
[2022-02-07 21:04:13,817] {scheduler_job.py:633} INFO - Processing file /opt/airflow/dags/task.py for tasks to queue
[2022-02-07 21:04:13,818] {logging_mixin.py:104} INFO - [2022-02-07 21:04:13,818] {dagbag.py:487} INFO - Filling up the DagBag from /opt/airflow/dags/task.py
[2022-02-07 21:04:13,822] {logging_mixin.py:104} INFO - [2022-02-07 21:04:13,821] {dagbag.py:320} ERROR - Failed to import: /opt/airflow/dags/task.py
Traceback (most recent call last):
  File "/home/airflow/.local/lib/python3.6/site-packages/airflow/models/dagbag.py", line 317, in _load_modules_from_file
    loader.exec_module(new_module)
  File "<frozen importlib._bootstrap_external>", line 678, in exec_module
  File "<frozen importlib._bootstrap>", line 219, in _call_with_frames_removed
  File "/opt/airflow/dags/task.py", line 2, in <module>
    from bs4 import BeautifulSoup
ModuleNotFoundError: No module named 'bs4'
[2022-02-07 21:04:13,822] {scheduler_job.py:645} WARNING - No viable dags retrieved from /opt/airflow/dags/task.py
[2022-02-07 21:04:13,871] {scheduler_job.py:190} INFO - Processing /opt/airflow/dags/task.py took 0.061 seconds
[2022-02-07 21:04:43,931] {scheduler_job.py:182} INFO - Started process (PID=47) to work on /opt/airflow/dags/task.py
[2022-02-07 21:04:43,932] {scheduler_job.py:633} INFO - Processing file /opt/airflow/dags/task.py for tasks to queue
[2022-02-07 21:04:43,933] {logging_mixin.py:104} INFO - [2022-02-07 21:04:43,933] {dagbag.py:487} INFO - Filling up the DagBag from /opt/airflow/dags/task.py
[2022-02-07 21:04:43,936] {logging_mixin.py:104} INFO - [2022-02-07 21:04:43,935] {dagbag.py:320} ERROR - Failed to import: /opt/airflow/dags/task.py
Traceback (most recent call last):
  File "/home/airflow/.local/lib/python3.6/site-packages/airflow/models/dagbag.py", line 317, in _load_modules_from_file
    loader.exec_module(new_module)
  File "<frozen importlib._bootstrap_external>", line 678, in exec_module
  File "<frozen importlib._bootstrap>", line 219, in _call_with_frames_removed
  File "/opt/airflow/dags/task.py", line 2, in <module>
    from bs4 import BeautifulSoup
ModuleNotFoundError: No module named 'bs4'
[2022-02-07 21:04:43,937] {scheduler_job.py:645} WARNING - No viable dags retrieved from /opt/airflow/dags/task.py
[2022-02-07 21:04:43,978] {scheduler_job.py:190} INFO - Processing /opt/airflow/dags/task.py took 0.054 seconds
[2022-02-07 21:05:14,054] {scheduler_job.py:182} INFO - Started process (PID=48) to work on /opt/airflow/dags/task.py
[2022-02-07 21:05:14,056] {scheduler_job.py:633} INFO - Processing file /opt/airflow/dags/task.py for tasks to queue
[2022-02-07 21:05:14,057] {logging_mixin.py:104} INFO - [2022-02-07 21:05:14,057] {dagbag.py:487} INFO - Filling up the DagBag from /opt/airflow/dags/task.py
[2022-02-07 21:05:14,060] {logging_mixin.py:104} INFO - [2022-02-07 21:05:14,059] {dagbag.py:320} ERROR - Failed to import: /opt/airflow/dags/task.py
Traceback (most recent call last):
  File "/home/airflow/.local/lib/python3.6/site-packages/airflow/models/dagbag.py", line 317, in _load_modules_from_file
    loader.exec_module(new_module)
  File "<frozen importlib._bootstrap_external>", line 678, in exec_module
  File "<frozen importlib._bootstrap>", line 219, in _call_with_frames_removed
  File "/opt/airflow/dags/task.py", line 2, in <module>
    from bs4 import BeautifulSoup
ModuleNotFoundError: No module named 'bs4'
[2022-02-07 21:05:14,061] {scheduler_job.py:645} WARNING - No viable dags retrieved from /opt/airflow/dags/task.py
[2022-02-07 21:05:14,096] {scheduler_job.py:190} INFO - Processing /opt/airflow/dags/task.py took 0.049 seconds
[2022-02-07 21:05:44,220] {scheduler_job.py:182} INFO - Started process (PID=49) to work on /opt/airflow/dags/task.py
[2022-02-07 21:05:44,222] {scheduler_job.py:633} INFO - Processing file /opt/airflow/dags/task.py for tasks to queue
[2022-02-07 21:05:44,222] {logging_mixin.py:104} INFO - [2022-02-07 21:05:44,222] {dagbag.py:487} INFO - Filling up the DagBag from /opt/airflow/dags/task.py
[2022-02-07 21:05:44,227] {logging_mixin.py:104} INFO - [2022-02-07 21:05:44,225] {dagbag.py:320} ERROR - Failed to import: /opt/airflow/dags/task.py
Traceback (most recent call last):
  File "/home/airflow/.local/lib/python3.6/site-packages/airflow/models/dagbag.py", line 317, in _load_modules_from_file
    loader.exec_module(new_module)
  File "<frozen importlib._bootstrap_external>", line 678, in exec_module
  File "<frozen importlib._bootstrap>", line 219, in _call_with_frames_removed
  File "/opt/airflow/dags/task.py", line 2, in <module>
    from bs4 import BeautifulSoup
ModuleNotFoundError: No module named 'bs4'
[2022-02-07 21:05:44,227] {scheduler_job.py:645} WARNING - No viable dags retrieved from /opt/airflow/dags/task.py
[2022-02-07 21:05:44,266] {scheduler_job.py:190} INFO - Processing /opt/airflow/dags/task.py took 0.052 seconds
[2022-02-07 21:06:14,342] {scheduler_job.py:182} INFO - Started process (PID=50) to work on /opt/airflow/dags/task.py
[2022-02-07 21:06:14,345] {scheduler_job.py:633} INFO - Processing file /opt/airflow/dags/task.py for tasks to queue
[2022-02-07 21:06:14,346] {logging_mixin.py:104} INFO - [2022-02-07 21:06:14,346] {dagbag.py:487} INFO - Filling up the DagBag from /opt/airflow/dags/task.py
[2022-02-07 21:06:14,349] {logging_mixin.py:104} INFO - [2022-02-07 21:06:14,348] {dagbag.py:320} ERROR - Failed to import: /opt/airflow/dags/task.py
Traceback (most recent call last):
  File "/home/airflow/.local/lib/python3.6/site-packages/airflow/models/dagbag.py", line 317, in _load_modules_from_file
    loader.exec_module(new_module)
  File "<frozen importlib._bootstrap_external>", line 678, in exec_module
  File "<frozen importlib._bootstrap>", line 219, in _call_with_frames_removed
  File "/opt/airflow/dags/task.py", line 2, in <module>
    from bs4 import BeautifulSoup
ModuleNotFoundError: No module named 'bs4'
[2022-02-07 21:06:14,349] {scheduler_job.py:645} WARNING - No viable dags retrieved from /opt/airflow/dags/task.py
[2022-02-07 21:06:14,384] {scheduler_job.py:190} INFO - Processing /opt/airflow/dags/task.py took 0.048 seconds
[2022-02-07 21:06:44,461] {scheduler_job.py:182} INFO - Started process (PID=51) to work on /opt/airflow/dags/task.py
[2022-02-07 21:06:44,463] {scheduler_job.py:633} INFO - Processing file /opt/airflow/dags/task.py for tasks to queue
[2022-02-07 21:06:44,464] {logging_mixin.py:104} INFO - [2022-02-07 21:06:44,463] {dagbag.py:487} INFO - Filling up the DagBag from /opt/airflow/dags/task.py
[2022-02-07 21:06:44,468] {logging_mixin.py:104} INFO - [2022-02-07 21:06:44,466] {dagbag.py:320} ERROR - Failed to import: /opt/airflow/dags/task.py
Traceback (most recent call last):
  File "/home/airflow/.local/lib/python3.6/site-packages/airflow/models/dagbag.py", line 317, in _load_modules_from_file
    loader.exec_module(new_module)
  File "<frozen importlib._bootstrap_external>", line 678, in exec_module
  File "<frozen importlib._bootstrap>", line 219, in _call_with_frames_removed
  File "/opt/airflow/dags/task.py", line 2, in <module>
    from bs4 import BeautifulSoup
ModuleNotFoundError: No module named 'bs4'
[2022-02-07 21:06:44,468] {scheduler_job.py:645} WARNING - No viable dags retrieved from /opt/airflow/dags/task.py
[2022-02-07 21:06:44,503] {scheduler_job.py:190} INFO - Processing /opt/airflow/dags/task.py took 0.047 seconds
[2022-02-07 21:07:14,579] {scheduler_job.py:182} INFO - Started process (PID=52) to work on /opt/airflow/dags/task.py
[2022-02-07 21:07:14,580] {scheduler_job.py:633} INFO - Processing file /opt/airflow/dags/task.py for tasks to queue
[2022-02-07 21:07:14,581] {logging_mixin.py:104} INFO - [2022-02-07 21:07:14,581] {dagbag.py:487} INFO - Filling up the DagBag from /opt/airflow/dags/task.py
[2022-02-07 21:07:14,585] {logging_mixin.py:104} INFO - [2022-02-07 21:07:14,583] {dagbag.py:320} ERROR - Failed to import: /opt/airflow/dags/task.py
Traceback (most recent call last):
  File "/home/airflow/.local/lib/python3.6/site-packages/airflow/models/dagbag.py", line 317, in _load_modules_from_file
    loader.exec_module(new_module)
  File "<frozen importlib._bootstrap_external>", line 678, in exec_module
  File "<frozen importlib._bootstrap>", line 219, in _call_with_frames_removed
  File "/opt/airflow/dags/task.py", line 2, in <module>
    from bs4 import BeautifulSoup
ModuleNotFoundError: No module named 'bs4'
[2022-02-07 21:07:14,585] {scheduler_job.py:645} WARNING - No viable dags retrieved from /opt/airflow/dags/task.py
[2022-02-07 21:07:14,651] {scheduler_job.py:190} INFO - Processing /opt/airflow/dags/task.py took 0.077 seconds
[2022-02-07 21:07:44,699] {scheduler_job.py:182} INFO - Started process (PID=53) to work on /opt/airflow/dags/task.py
[2022-02-07 21:07:44,719] {scheduler_job.py:633} INFO - Processing file /opt/airflow/dags/task.py for tasks to queue
[2022-02-07 21:07:44,724] {logging_mixin.py:104} INFO - [2022-02-07 21:07:44,724] {dagbag.py:487} INFO - Filling up the DagBag from /opt/airflow/dags/task.py
[2022-02-07 21:07:44,742] {logging_mixin.py:104} INFO - [2022-02-07 21:07:44,741] {dagbag.py:320} ERROR - Failed to import: /opt/airflow/dags/task.py
Traceback (most recent call last):
  File "/home/airflow/.local/lib/python3.6/site-packages/airflow/models/dagbag.py", line 317, in _load_modules_from_file
    loader.exec_module(new_module)
  File "<frozen importlib._bootstrap_external>", line 678, in exec_module
  File "<frozen importlib._bootstrap>", line 219, in _call_with_frames_removed
  File "/opt/airflow/dags/task.py", line 2, in <module>
    from bs4 import BeautifulSoup
ModuleNotFoundError: No module named 'bs4'
[2022-02-07 21:07:44,743] {scheduler_job.py:645} WARNING - No viable dags retrieved from /opt/airflow/dags/task.py
[2022-02-07 21:07:45,455] {scheduler_job.py:190} INFO - Processing /opt/airflow/dags/task.py took 0.762 seconds
[2022-02-07 21:08:15,546] {scheduler_job.py:182} INFO - Started process (PID=54) to work on /opt/airflow/dags/task.py
[2022-02-07 21:08:15,548] {scheduler_job.py:633} INFO - Processing file /opt/airflow/dags/task.py for tasks to queue
[2022-02-07 21:08:15,549] {logging_mixin.py:104} INFO - [2022-02-07 21:08:15,549] {dagbag.py:487} INFO - Filling up the DagBag from /opt/airflow/dags/task.py
[2022-02-07 21:08:15,553] {logging_mixin.py:104} INFO - [2022-02-07 21:08:15,552] {dagbag.py:320} ERROR - Failed to import: /opt/airflow/dags/task.py
Traceback (most recent call last):
  File "/home/airflow/.local/lib/python3.6/site-packages/airflow/models/dagbag.py", line 317, in _load_modules_from_file
    loader.exec_module(new_module)
  File "<frozen importlib._bootstrap_external>", line 678, in exec_module
  File "<frozen importlib._bootstrap>", line 219, in _call_with_frames_removed
  File "/opt/airflow/dags/task.py", line 2, in <module>
    from bs4 import BeautifulSoup
ModuleNotFoundError: No module named 'bs4'
[2022-02-07 21:08:15,553] {scheduler_job.py:645} WARNING - No viable dags retrieved from /opt/airflow/dags/task.py
[2022-02-07 21:08:15,586] {scheduler_job.py:190} INFO - Processing /opt/airflow/dags/task.py took 0.046 seconds
[2022-02-07 21:08:45,665] {scheduler_job.py:182} INFO - Started process (PID=55) to work on /opt/airflow/dags/task.py
[2022-02-07 21:08:45,667] {scheduler_job.py:633} INFO - Processing file /opt/airflow/dags/task.py for tasks to queue
[2022-02-07 21:08:45,667] {logging_mixin.py:104} INFO - [2022-02-07 21:08:45,667] {dagbag.py:487} INFO - Filling up the DagBag from /opt/airflow/dags/task.py
[2022-02-07 21:08:45,671] {logging_mixin.py:104} INFO - [2022-02-07 21:08:45,670] {dagbag.py:320} ERROR - Failed to import: /opt/airflow/dags/task.py
Traceback (most recent call last):
  File "/home/airflow/.local/lib/python3.6/site-packages/airflow/models/dagbag.py", line 317, in _load_modules_from_file
    loader.exec_module(new_module)
  File "<frozen importlib._bootstrap_external>", line 678, in exec_module
  File "<frozen importlib._bootstrap>", line 219, in _call_with_frames_removed
  File "/opt/airflow/dags/task.py", line 2, in <module>
    from bs4 import BeautifulSoup
ModuleNotFoundError: No module named 'bs4'
[2022-02-07 21:08:45,672] {scheduler_job.py:645} WARNING - No viable dags retrieved from /opt/airflow/dags/task.py
[2022-02-07 21:08:45,704] {scheduler_job.py:190} INFO - Processing /opt/airflow/dags/task.py took 0.045 seconds
[2022-02-07 21:09:15,795] {scheduler_job.py:182} INFO - Started process (PID=56) to work on /opt/airflow/dags/task.py
[2022-02-07 21:09:15,797] {scheduler_job.py:633} INFO - Processing file /opt/airflow/dags/task.py for tasks to queue
[2022-02-07 21:09:15,799] {logging_mixin.py:104} INFO - [2022-02-07 21:09:15,798] {dagbag.py:487} INFO - Filling up the DagBag from /opt/airflow/dags/task.py
[2022-02-07 21:09:15,802] {logging_mixin.py:104} INFO - [2022-02-07 21:09:15,801] {dagbag.py:320} ERROR - Failed to import: /opt/airflow/dags/task.py
Traceback (most recent call last):
  File "/home/airflow/.local/lib/python3.6/site-packages/airflow/models/dagbag.py", line 317, in _load_modules_from_file
    loader.exec_module(new_module)
  File "<frozen importlib._bootstrap_external>", line 678, in exec_module
  File "<frozen importlib._bootstrap>", line 219, in _call_with_frames_removed
  File "/opt/airflow/dags/task.py", line 2, in <module>
    from bs4 import BeautifulSoup
ModuleNotFoundError: No module named 'bs4'
[2022-02-07 21:09:15,803] {scheduler_job.py:645} WARNING - No viable dags retrieved from /opt/airflow/dags/task.py
[2022-02-07 21:09:15,842] {scheduler_job.py:190} INFO - Processing /opt/airflow/dags/task.py took 0.053 seconds
[2022-02-07 21:09:45,906] {scheduler_job.py:182} INFO - Started process (PID=57) to work on /opt/airflow/dags/task.py
[2022-02-07 21:09:45,908] {scheduler_job.py:633} INFO - Processing file /opt/airflow/dags/task.py for tasks to queue
[2022-02-07 21:09:45,909] {logging_mixin.py:104} INFO - [2022-02-07 21:09:45,908] {dagbag.py:487} INFO - Filling up the DagBag from /opt/airflow/dags/task.py
[2022-02-07 21:09:45,912] {logging_mixin.py:104} INFO - [2022-02-07 21:09:45,911] {dagbag.py:320} ERROR - Failed to import: /opt/airflow/dags/task.py
Traceback (most recent call last):
  File "/home/airflow/.local/lib/python3.6/site-packages/airflow/models/dagbag.py", line 317, in _load_modules_from_file
    loader.exec_module(new_module)
  File "<frozen importlib._bootstrap_external>", line 678, in exec_module
  File "<frozen importlib._bootstrap>", line 219, in _call_with_frames_removed
  File "/opt/airflow/dags/task.py", line 2, in <module>
    from bs4 import BeautifulSoup
ModuleNotFoundError: No module named 'bs4'
[2022-02-07 21:09:45,913] {scheduler_job.py:645} WARNING - No viable dags retrieved from /opt/airflow/dags/task.py
[2022-02-07 21:09:45,950] {scheduler_job.py:190} INFO - Processing /opt/airflow/dags/task.py took 0.050 seconds
[2022-02-07 21:10:16,028] {scheduler_job.py:182} INFO - Started process (PID=58) to work on /opt/airflow/dags/task.py
[2022-02-07 21:10:16,030] {scheduler_job.py:633} INFO - Processing file /opt/airflow/dags/task.py for tasks to queue
[2022-02-07 21:10:16,031] {logging_mixin.py:104} INFO - [2022-02-07 21:10:16,031] {dagbag.py:487} INFO - Filling up the DagBag from /opt/airflow/dags/task.py
[2022-02-07 21:10:16,035] {logging_mixin.py:104} INFO - [2022-02-07 21:10:16,034] {dagbag.py:320} ERROR - Failed to import: /opt/airflow/dags/task.py
Traceback (most recent call last):
  File "/home/airflow/.local/lib/python3.6/site-packages/airflow/models/dagbag.py", line 317, in _load_modules_from_file
    loader.exec_module(new_module)
  File "<frozen importlib._bootstrap_external>", line 678, in exec_module
  File "<frozen importlib._bootstrap>", line 219, in _call_with_frames_removed
  File "/opt/airflow/dags/task.py", line 2, in <module>
    from bs4 import BeautifulSoup
ModuleNotFoundError: No module named 'bs4'
[2022-02-07 21:10:16,035] {scheduler_job.py:645} WARNING - No viable dags retrieved from /opt/airflow/dags/task.py
[2022-02-07 21:10:16,068] {scheduler_job.py:190} INFO - Processing /opt/airflow/dags/task.py took 0.045 seconds
[2022-02-07 21:10:46,168] {scheduler_job.py:182} INFO - Started process (PID=59) to work on /opt/airflow/dags/task.py
[2022-02-07 21:10:46,169] {scheduler_job.py:633} INFO - Processing file /opt/airflow/dags/task.py for tasks to queue
[2022-02-07 21:10:46,170] {logging_mixin.py:104} INFO - [2022-02-07 21:10:46,170] {dagbag.py:487} INFO - Filling up the DagBag from /opt/airflow/dags/task.py
[2022-02-07 21:10:46,174] {logging_mixin.py:104} INFO - [2022-02-07 21:10:46,173] {dagbag.py:320} ERROR - Failed to import: /opt/airflow/dags/task.py
Traceback (most recent call last):
  File "/home/airflow/.local/lib/python3.6/site-packages/airflow/models/dagbag.py", line 317, in _load_modules_from_file
    loader.exec_module(new_module)
  File "<frozen importlib._bootstrap_external>", line 678, in exec_module
  File "<frozen importlib._bootstrap>", line 219, in _call_with_frames_removed
  File "/opt/airflow/dags/task.py", line 2, in <module>
    from bs4 import BeautifulSoup
ModuleNotFoundError: No module named 'bs4'
[2022-02-07 21:10:46,175] {scheduler_job.py:645} WARNING - No viable dags retrieved from /opt/airflow/dags/task.py
[2022-02-07 21:10:46,217] {scheduler_job.py:190} INFO - Processing /opt/airflow/dags/task.py took 0.054 seconds
[2022-02-07 21:11:16,275] {scheduler_job.py:182} INFO - Started process (PID=60) to work on /opt/airflow/dags/task.py
[2022-02-07 21:11:16,277] {scheduler_job.py:633} INFO - Processing file /opt/airflow/dags/task.py for tasks to queue
[2022-02-07 21:11:16,278] {logging_mixin.py:104} INFO - [2022-02-07 21:11:16,278] {dagbag.py:487} INFO - Filling up the DagBag from /opt/airflow/dags/task.py
[2022-02-07 21:11:16,282] {logging_mixin.py:104} INFO - [2022-02-07 21:11:16,280] {dagbag.py:320} ERROR - Failed to import: /opt/airflow/dags/task.py
Traceback (most recent call last):
  File "/home/airflow/.local/lib/python3.6/site-packages/airflow/models/dagbag.py", line 317, in _load_modules_from_file
    loader.exec_module(new_module)
  File "<frozen importlib._bootstrap_external>", line 678, in exec_module
  File "<frozen importlib._bootstrap>", line 219, in _call_with_frames_removed
  File "/opt/airflow/dags/task.py", line 2, in <module>
    from bs4 import BeautifulSoup
ModuleNotFoundError: No module named 'bs4'
[2022-02-07 21:11:16,282] {scheduler_job.py:645} WARNING - No viable dags retrieved from /opt/airflow/dags/task.py
[2022-02-07 21:11:16,366] {scheduler_job.py:190} INFO - Processing /opt/airflow/dags/task.py took 0.095 seconds
[2022-02-07 21:11:46,448] {scheduler_job.py:182} INFO - Started process (PID=61) to work on /opt/airflow/dags/task.py
[2022-02-07 21:11:46,450] {scheduler_job.py:633} INFO - Processing file /opt/airflow/dags/task.py for tasks to queue
[2022-02-07 21:11:46,452] {logging_mixin.py:104} INFO - [2022-02-07 21:11:46,452] {dagbag.py:487} INFO - Filling up the DagBag from /opt/airflow/dags/task.py
[2022-02-07 21:11:46,456] {logging_mixin.py:104} INFO - [2022-02-07 21:11:46,455] {dagbag.py:320} ERROR - Failed to import: /opt/airflow/dags/task.py
Traceback (most recent call last):
  File "/home/airflow/.local/lib/python3.6/site-packages/airflow/models/dagbag.py", line 317, in _load_modules_from_file
    loader.exec_module(new_module)
  File "<frozen importlib._bootstrap_external>", line 678, in exec_module
  File "<frozen importlib._bootstrap>", line 219, in _call_with_frames_removed
  File "/opt/airflow/dags/task.py", line 2, in <module>
    from bs4 import BeautifulSoup
ModuleNotFoundError: No module named 'bs4'
[2022-02-07 21:11:46,457] {scheduler_job.py:645} WARNING - No viable dags retrieved from /opt/airflow/dags/task.py
[2022-02-07 21:11:46,494] {scheduler_job.py:190} INFO - Processing /opt/airflow/dags/task.py took 0.051 seconds
[2022-02-07 21:13:34,539] {scheduler_job.py:182} INFO - Started process (PID=40) to work on /opt/airflow/dags/task.py
[2022-02-07 21:13:34,541] {scheduler_job.py:633} INFO - Processing file /opt/airflow/dags/task.py for tasks to queue
[2022-02-07 21:13:34,543] {logging_mixin.py:104} INFO - [2022-02-07 21:13:34,543] {dagbag.py:487} INFO - Filling up the DagBag from /opt/airflow/dags/task.py
[2022-02-07 21:13:34,549] {logging_mixin.py:104} INFO - [2022-02-07 21:13:34,547] {dagbag.py:320} ERROR - Failed to import: /opt/airflow/dags/task.py
Traceback (most recent call last):
  File "/home/airflow/.local/lib/python3.6/site-packages/airflow/models/dagbag.py", line 317, in _load_modules_from_file
    loader.exec_module(new_module)
  File "<frozen importlib._bootstrap_external>", line 678, in exec_module
  File "<frozen importlib._bootstrap>", line 219, in _call_with_frames_removed
  File "/opt/airflow/dags/task.py", line 2, in <module>
    from bs4 import BeautifulSoup
ModuleNotFoundError: No module named 'bs4'
[2022-02-07 21:13:34,550] {scheduler_job.py:645} WARNING - No viable dags retrieved from /opt/airflow/dags/task.py
[2022-02-07 21:13:34,676] {scheduler_job.py:190} INFO - Processing /opt/airflow/dags/task.py took 0.143 seconds
[2022-02-07 21:14:05,019] {scheduler_job.py:182} INFO - Started process (PID=41) to work on /opt/airflow/dags/task.py
[2022-02-07 21:14:05,050] {scheduler_job.py:633} INFO - Processing file /opt/airflow/dags/task.py for tasks to queue
[2022-02-07 21:14:05,051] {logging_mixin.py:104} INFO - [2022-02-07 21:14:05,051] {dagbag.py:487} INFO - Filling up the DagBag from /opt/airflow/dags/task.py
[2022-02-07 21:14:05,089] {logging_mixin.py:104} INFO - [2022-02-07 21:14:05,069] {dagbag.py:320} ERROR - Failed to import: /opt/airflow/dags/task.py
Traceback (most recent call last):
  File "/home/airflow/.local/lib/python3.6/site-packages/airflow/models/dagbag.py", line 317, in _load_modules_from_file
    loader.exec_module(new_module)
  File "<frozen importlib._bootstrap_external>", line 678, in exec_module
  File "<frozen importlib._bootstrap>", line 219, in _call_with_frames_removed
  File "/opt/airflow/dags/task.py", line 2, in <module>
    from bs4 import BeautifulSoup
ModuleNotFoundError: No module named 'bs4'
[2022-02-07 21:14:05,090] {scheduler_job.py:645} WARNING - No viable dags retrieved from /opt/airflow/dags/task.py
[2022-02-07 21:14:05,181] {scheduler_job.py:190} INFO - Processing /opt/airflow/dags/task.py took 0.167 seconds
[2022-02-07 21:14:35,280] {scheduler_job.py:182} INFO - Started process (PID=42) to work on /opt/airflow/dags/task.py
[2022-02-07 21:14:35,284] {scheduler_job.py:633} INFO - Processing file /opt/airflow/dags/task.py for tasks to queue
[2022-02-07 21:14:35,285] {logging_mixin.py:104} INFO - [2022-02-07 21:14:35,285] {dagbag.py:487} INFO - Filling up the DagBag from /opt/airflow/dags/task.py
[2022-02-07 21:14:35,362] {logging_mixin.py:104} INFO - [2022-02-07 21:14:35,330] {dagbag.py:320} ERROR - Failed to import: /opt/airflow/dags/task.py
Traceback (most recent call last):
  File "/home/airflow/.local/lib/python3.6/site-packages/airflow/models/dagbag.py", line 317, in _load_modules_from_file
    loader.exec_module(new_module)
  File "<frozen importlib._bootstrap_external>", line 678, in exec_module
  File "<frozen importlib._bootstrap>", line 219, in _call_with_frames_removed
  File "/opt/airflow/dags/task.py", line 2, in <module>
    from bs4 import BeautifulSoup
ModuleNotFoundError: No module named 'bs4'
[2022-02-07 21:14:35,363] {scheduler_job.py:645} WARNING - No viable dags retrieved from /opt/airflow/dags/task.py
[2022-02-07 21:14:35,457] {scheduler_job.py:190} INFO - Processing /opt/airflow/dags/task.py took 0.185 seconds
[2022-02-07 21:15:05,538] {scheduler_job.py:182} INFO - Started process (PID=43) to work on /opt/airflow/dags/task.py
[2022-02-07 21:15:05,564] {scheduler_job.py:633} INFO - Processing file /opt/airflow/dags/task.py for tasks to queue
[2022-02-07 21:15:05,565] {logging_mixin.py:104} INFO - [2022-02-07 21:15:05,565] {dagbag.py:487} INFO - Filling up the DagBag from /opt/airflow/dags/task.py
[2022-02-07 21:15:05,603] {logging_mixin.py:104} INFO - [2022-02-07 21:15:05,602] {dagbag.py:320} ERROR - Failed to import: /opt/airflow/dags/task.py
Traceback (most recent call last):
  File "/home/airflow/.local/lib/python3.6/site-packages/airflow/models/dagbag.py", line 317, in _load_modules_from_file
    loader.exec_module(new_module)
  File "<frozen importlib._bootstrap_external>", line 678, in exec_module
  File "<frozen importlib._bootstrap>", line 219, in _call_with_frames_removed
  File "/opt/airflow/dags/task.py", line 2, in <module>
    from bs4 import BeautifulSoup
ModuleNotFoundError: No module named 'bs4'
[2022-02-07 21:15:05,603] {scheduler_job.py:645} WARNING - No viable dags retrieved from /opt/airflow/dags/task.py
[2022-02-07 21:15:05,647] {scheduler_job.py:190} INFO - Processing /opt/airflow/dags/task.py took 0.114 seconds
[2022-02-07 21:15:35,721] {scheduler_job.py:182} INFO - Started process (PID=44) to work on /opt/airflow/dags/task.py
[2022-02-07 21:15:35,722] {scheduler_job.py:633} INFO - Processing file /opt/airflow/dags/task.py for tasks to queue
[2022-02-07 21:15:35,723] {logging_mixin.py:104} INFO - [2022-02-07 21:15:35,723] {dagbag.py:487} INFO - Filling up the DagBag from /opt/airflow/dags/task.py
[2022-02-07 21:15:35,727] {logging_mixin.py:104} INFO - [2022-02-07 21:15:35,726] {dagbag.py:320} ERROR - Failed to import: /opt/airflow/dags/task.py
Traceback (most recent call last):
  File "/home/airflow/.local/lib/python3.6/site-packages/airflow/models/dagbag.py", line 317, in _load_modules_from_file
    loader.exec_module(new_module)
  File "<frozen importlib._bootstrap_external>", line 678, in exec_module
  File "<frozen importlib._bootstrap>", line 219, in _call_with_frames_removed
  File "/opt/airflow/dags/task.py", line 2, in <module>
    from bs4 import BeautifulSoup
ModuleNotFoundError: No module named 'bs4'
[2022-02-07 21:15:35,728] {scheduler_job.py:645} WARNING - No viable dags retrieved from /opt/airflow/dags/task.py
[2022-02-07 21:15:35,775] {scheduler_job.py:190} INFO - Processing /opt/airflow/dags/task.py took 0.059 seconds
[2022-02-07 21:16:05,828] {scheduler_job.py:182} INFO - Started process (PID=45) to work on /opt/airflow/dags/task.py
[2022-02-07 21:16:05,830] {scheduler_job.py:633} INFO - Processing file /opt/airflow/dags/task.py for tasks to queue
[2022-02-07 21:16:05,831] {logging_mixin.py:104} INFO - [2022-02-07 21:16:05,831] {dagbag.py:487} INFO - Filling up the DagBag from /opt/airflow/dags/task.py
[2022-02-07 21:16:05,834] {logging_mixin.py:104} INFO - [2022-02-07 21:16:05,833] {dagbag.py:320} ERROR - Failed to import: /opt/airflow/dags/task.py
Traceback (most recent call last):
  File "/home/airflow/.local/lib/python3.6/site-packages/airflow/models/dagbag.py", line 317, in _load_modules_from_file
    loader.exec_module(new_module)
  File "<frozen importlib._bootstrap_external>", line 678, in exec_module
  File "<frozen importlib._bootstrap>", line 219, in _call_with_frames_removed
  File "/opt/airflow/dags/task.py", line 2, in <module>
    from bs4 import BeautifulSoup
ModuleNotFoundError: No module named 'bs4'
[2022-02-07 21:16:05,835] {scheduler_job.py:645} WARNING - No viable dags retrieved from /opt/airflow/dags/task.py
[2022-02-07 21:16:05,872] {scheduler_job.py:190} INFO - Processing /opt/airflow/dags/task.py took 0.050 seconds
[2022-02-07 21:16:35,946] {scheduler_job.py:182} INFO - Started process (PID=46) to work on /opt/airflow/dags/task.py
[2022-02-07 21:16:35,948] {scheduler_job.py:633} INFO - Processing file /opt/airflow/dags/task.py for tasks to queue
[2022-02-07 21:16:35,949] {logging_mixin.py:104} INFO - [2022-02-07 21:16:35,949] {dagbag.py:487} INFO - Filling up the DagBag from /opt/airflow/dags/task.py
[2022-02-07 21:16:35,954] {logging_mixin.py:104} INFO - [2022-02-07 21:16:35,953] {dagbag.py:320} ERROR - Failed to import: /opt/airflow/dags/task.py
Traceback (most recent call last):
  File "/home/airflow/.local/lib/python3.6/site-packages/airflow/models/dagbag.py", line 317, in _load_modules_from_file
    loader.exec_module(new_module)
  File "<frozen importlib._bootstrap_external>", line 678, in exec_module
  File "<frozen importlib._bootstrap>", line 219, in _call_with_frames_removed
  File "/opt/airflow/dags/task.py", line 2, in <module>
    from bs4 import BeautifulSoup
ModuleNotFoundError: No module named 'bs4'
[2022-02-07 21:16:35,955] {scheduler_job.py:645} WARNING - No viable dags retrieved from /opt/airflow/dags/task.py
[2022-02-07 21:16:36,079] {scheduler_job.py:190} INFO - Processing /opt/airflow/dags/task.py took 0.140 seconds
[2022-02-07 21:17:06,167] {scheduler_job.py:182} INFO - Started process (PID=47) to work on /opt/airflow/dags/task.py
[2022-02-07 21:17:06,169] {scheduler_job.py:633} INFO - Processing file /opt/airflow/dags/task.py for tasks to queue
[2022-02-07 21:17:06,170] {logging_mixin.py:104} INFO - [2022-02-07 21:17:06,170] {dagbag.py:487} INFO - Filling up the DagBag from /opt/airflow/dags/task.py
[2022-02-07 21:17:06,173] {logging_mixin.py:104} INFO - [2022-02-07 21:17:06,172] {dagbag.py:320} ERROR - Failed to import: /opt/airflow/dags/task.py
Traceback (most recent call last):
  File "/home/airflow/.local/lib/python3.6/site-packages/airflow/models/dagbag.py", line 317, in _load_modules_from_file
    loader.exec_module(new_module)
  File "<frozen importlib._bootstrap_external>", line 678, in exec_module
  File "<frozen importlib._bootstrap>", line 219, in _call_with_frames_removed
  File "/opt/airflow/dags/task.py", line 2, in <module>
    from bs4 import BeautifulSoup
ModuleNotFoundError: No module named 'bs4'
[2022-02-07 21:17:06,173] {scheduler_job.py:645} WARNING - No viable dags retrieved from /opt/airflow/dags/task.py
[2022-02-07 21:17:06,211] {scheduler_job.py:190} INFO - Processing /opt/airflow/dags/task.py took 0.050 seconds
[2022-02-07 21:17:36,273] {scheduler_job.py:182} INFO - Started process (PID=48) to work on /opt/airflow/dags/task.py
[2022-02-07 21:17:36,275] {scheduler_job.py:633} INFO - Processing file /opt/airflow/dags/task.py for tasks to queue
[2022-02-07 21:17:36,276] {logging_mixin.py:104} INFO - [2022-02-07 21:17:36,275] {dagbag.py:487} INFO - Filling up the DagBag from /opt/airflow/dags/task.py
[2022-02-07 21:17:36,295] {logging_mixin.py:104} INFO - [2022-02-07 21:17:36,294] {dagbag.py:320} ERROR - Failed to import: /opt/airflow/dags/task.py
Traceback (most recent call last):
  File "/home/airflow/.local/lib/python3.6/site-packages/airflow/models/dagbag.py", line 317, in _load_modules_from_file
    loader.exec_module(new_module)
  File "<frozen importlib._bootstrap_external>", line 678, in exec_module
  File "<frozen importlib._bootstrap>", line 219, in _call_with_frames_removed
  File "/opt/airflow/dags/task.py", line 2, in <module>
    from bs4 import BeautifulSoup
ModuleNotFoundError: No module named 'bs4'
[2022-02-07 21:17:36,295] {scheduler_job.py:645} WARNING - No viable dags retrieved from /opt/airflow/dags/task.py
[2022-02-07 21:17:36,339] {scheduler_job.py:190} INFO - Processing /opt/airflow/dags/task.py took 0.072 seconds
[2022-02-07 21:18:06,378] {scheduler_job.py:182} INFO - Started process (PID=49) to work on /opt/airflow/dags/task.py
[2022-02-07 21:18:06,379] {scheduler_job.py:633} INFO - Processing file /opt/airflow/dags/task.py for tasks to queue
[2022-02-07 21:18:06,380] {logging_mixin.py:104} INFO - [2022-02-07 21:18:06,380] {dagbag.py:487} INFO - Filling up the DagBag from /opt/airflow/dags/task.py
[2022-02-07 21:18:06,384] {logging_mixin.py:104} INFO - [2022-02-07 21:18:06,383] {dagbag.py:320} ERROR - Failed to import: /opt/airflow/dags/task.py
Traceback (most recent call last):
  File "/home/airflow/.local/lib/python3.6/site-packages/airflow/models/dagbag.py", line 317, in _load_modules_from_file
    loader.exec_module(new_module)
  File "<frozen importlib._bootstrap_external>", line 678, in exec_module
  File "<frozen importlib._bootstrap>", line 219, in _call_with_frames_removed
  File "/opt/airflow/dags/task.py", line 2, in <module>
    from bs4 import BeautifulSoup
ModuleNotFoundError: No module named 'bs4'
[2022-02-07 21:18:06,385] {scheduler_job.py:645} WARNING - No viable dags retrieved from /opt/airflow/dags/task.py
[2022-02-07 21:18:06,469] {scheduler_job.py:190} INFO - Processing /opt/airflow/dags/task.py took 0.095 seconds
[2022-02-07 21:18:36,577] {scheduler_job.py:182} INFO - Started process (PID=50) to work on /opt/airflow/dags/task.py
[2022-02-07 21:18:36,578] {scheduler_job.py:633} INFO - Processing file /opt/airflow/dags/task.py for tasks to queue
[2022-02-07 21:18:36,579] {logging_mixin.py:104} INFO - [2022-02-07 21:18:36,579] {dagbag.py:487} INFO - Filling up the DagBag from /opt/airflow/dags/task.py
[2022-02-07 21:18:36,584] {logging_mixin.py:104} INFO - [2022-02-07 21:18:36,582] {dagbag.py:320} ERROR - Failed to import: /opt/airflow/dags/task.py
Traceback (most recent call last):
  File "/home/airflow/.local/lib/python3.6/site-packages/airflow/models/dagbag.py", line 317, in _load_modules_from_file
    loader.exec_module(new_module)
  File "<frozen importlib._bootstrap_external>", line 678, in exec_module
  File "<frozen importlib._bootstrap>", line 219, in _call_with_frames_removed
  File "/opt/airflow/dags/task.py", line 2, in <module>
    from bs4 import BeautifulSoup
ModuleNotFoundError: No module named 'bs4'
[2022-02-07 21:18:36,584] {scheduler_job.py:645} WARNING - No viable dags retrieved from /opt/airflow/dags/task.py
[2022-02-07 21:18:36,627] {scheduler_job.py:190} INFO - Processing /opt/airflow/dags/task.py took 0.055 seconds
[2022-02-07 21:19:06,686] {scheduler_job.py:182} INFO - Started process (PID=51) to work on /opt/airflow/dags/task.py
[2022-02-07 21:19:06,689] {scheduler_job.py:633} INFO - Processing file /opt/airflow/dags/task.py for tasks to queue
[2022-02-07 21:19:06,689] {logging_mixin.py:104} INFO - [2022-02-07 21:19:06,689] {dagbag.py:487} INFO - Filling up the DagBag from /opt/airflow/dags/task.py
[2022-02-07 21:19:06,693] {logging_mixin.py:104} INFO - [2022-02-07 21:19:06,692] {dagbag.py:320} ERROR - Failed to import: /opt/airflow/dags/task.py
Traceback (most recent call last):
  File "/home/airflow/.local/lib/python3.6/site-packages/airflow/models/dagbag.py", line 317, in _load_modules_from_file
    loader.exec_module(new_module)
  File "<frozen importlib._bootstrap_external>", line 678, in exec_module
  File "<frozen importlib._bootstrap>", line 219, in _call_with_frames_removed
  File "/opt/airflow/dags/task.py", line 2, in <module>
    from bs4 import BeautifulSoup
ModuleNotFoundError: No module named 'bs4'
[2022-02-07 21:19:06,694] {scheduler_job.py:645} WARNING - No viable dags retrieved from /opt/airflow/dags/task.py
[2022-02-07 21:19:06,735] {scheduler_job.py:190} INFO - Processing /opt/airflow/dags/task.py took 0.056 seconds
[2022-02-07 21:19:36,804] {scheduler_job.py:182} INFO - Started process (PID=52) to work on /opt/airflow/dags/task.py
[2022-02-07 21:19:36,806] {scheduler_job.py:633} INFO - Processing file /opt/airflow/dags/task.py for tasks to queue
[2022-02-07 21:19:36,807] {logging_mixin.py:104} INFO - [2022-02-07 21:19:36,807] {dagbag.py:487} INFO - Filling up the DagBag from /opt/airflow/dags/task.py
[2022-02-07 21:19:36,810] {logging_mixin.py:104} INFO - [2022-02-07 21:19:36,809] {dagbag.py:320} ERROR - Failed to import: /opt/airflow/dags/task.py
Traceback (most recent call last):
  File "/home/airflow/.local/lib/python3.6/site-packages/airflow/models/dagbag.py", line 317, in _load_modules_from_file
    loader.exec_module(new_module)
  File "<frozen importlib._bootstrap_external>", line 678, in exec_module
  File "<frozen importlib._bootstrap>", line 219, in _call_with_frames_removed
  File "/opt/airflow/dags/task.py", line 2, in <module>
    from bs4 import BeautifulSoup
ModuleNotFoundError: No module named 'bs4'
[2022-02-07 21:19:36,811] {scheduler_job.py:645} WARNING - No viable dags retrieved from /opt/airflow/dags/task.py
[2022-02-07 21:19:36,852] {scheduler_job.py:190} INFO - Processing /opt/airflow/dags/task.py took 0.053 seconds
[2022-02-07 21:20:06,932] {scheduler_job.py:182} INFO - Started process (PID=53) to work on /opt/airflow/dags/task.py
[2022-02-07 21:20:06,933] {scheduler_job.py:633} INFO - Processing file /opt/airflow/dags/task.py for tasks to queue
[2022-02-07 21:20:06,934] {logging_mixin.py:104} INFO - [2022-02-07 21:20:06,934] {dagbag.py:487} INFO - Filling up the DagBag from /opt/airflow/dags/task.py
[2022-02-07 21:20:06,938] {logging_mixin.py:104} INFO - [2022-02-07 21:20:06,937] {dagbag.py:320} ERROR - Failed to import: /opt/airflow/dags/task.py
Traceback (most recent call last):
  File "/home/airflow/.local/lib/python3.6/site-packages/airflow/models/dagbag.py", line 317, in _load_modules_from_file
    loader.exec_module(new_module)
  File "<frozen importlib._bootstrap_external>", line 678, in exec_module
  File "<frozen importlib._bootstrap>", line 219, in _call_with_frames_removed
  File "/opt/airflow/dags/task.py", line 2, in <module>
    from bs4 import BeautifulSoup
ModuleNotFoundError: No module named 'bs4'
[2022-02-07 21:20:06,938] {scheduler_job.py:645} WARNING - No viable dags retrieved from /opt/airflow/dags/task.py
[2022-02-07 21:20:06,981] {scheduler_job.py:190} INFO - Processing /opt/airflow/dags/task.py took 0.052 seconds
[2022-02-07 21:20:37,045] {scheduler_job.py:182} INFO - Started process (PID=54) to work on /opt/airflow/dags/task.py
[2022-02-07 21:20:37,046] {scheduler_job.py:633} INFO - Processing file /opt/airflow/dags/task.py for tasks to queue
[2022-02-07 21:20:37,047] {logging_mixin.py:104} INFO - [2022-02-07 21:20:37,047] {dagbag.py:487} INFO - Filling up the DagBag from /opt/airflow/dags/task.py
[2022-02-07 21:20:37,052] {logging_mixin.py:104} INFO - [2022-02-07 21:20:37,051] {dagbag.py:320} ERROR - Failed to import: /opt/airflow/dags/task.py
Traceback (most recent call last):
  File "/home/airflow/.local/lib/python3.6/site-packages/airflow/models/dagbag.py", line 317, in _load_modules_from_file
    loader.exec_module(new_module)
  File "<frozen importlib._bootstrap_external>", line 678, in exec_module
  File "<frozen importlib._bootstrap>", line 219, in _call_with_frames_removed
  File "/opt/airflow/dags/task.py", line 2, in <module>
    from bs4 import BeautifulSoup
ModuleNotFoundError: No module named 'bs4'
[2022-02-07 21:20:37,053] {scheduler_job.py:645} WARNING - No viable dags retrieved from /opt/airflow/dags/task.py
[2022-02-07 21:20:37,088] {scheduler_job.py:190} INFO - Processing /opt/airflow/dags/task.py took 0.048 seconds
[2022-02-07 21:21:07,163] {scheduler_job.py:182} INFO - Started process (PID=55) to work on /opt/airflow/dags/task.py
[2022-02-07 21:21:07,165] {scheduler_job.py:633} INFO - Processing file /opt/airflow/dags/task.py for tasks to queue
[2022-02-07 21:21:07,166] {logging_mixin.py:104} INFO - [2022-02-07 21:21:07,165] {dagbag.py:487} INFO - Filling up the DagBag from /opt/airflow/dags/task.py
[2022-02-07 21:21:07,170] {logging_mixin.py:104} INFO - [2022-02-07 21:21:07,168] {dagbag.py:320} ERROR - Failed to import: /opt/airflow/dags/task.py
Traceback (most recent call last):
  File "/home/airflow/.local/lib/python3.6/site-packages/airflow/models/dagbag.py", line 317, in _load_modules_from_file
    loader.exec_module(new_module)
  File "<frozen importlib._bootstrap_external>", line 678, in exec_module
  File "<frozen importlib._bootstrap>", line 219, in _call_with_frames_removed
  File "/opt/airflow/dags/task.py", line 2, in <module>
    from bs4 import BeautifulSoup
ModuleNotFoundError: No module named 'bs4'
[2022-02-07 21:21:07,170] {scheduler_job.py:645} WARNING - No viable dags retrieved from /opt/airflow/dags/task.py
[2022-02-07 21:21:07,217] {scheduler_job.py:190} INFO - Processing /opt/airflow/dags/task.py took 0.058 seconds
[2022-02-07 21:21:37,273] {scheduler_job.py:182} INFO - Started process (PID=56) to work on /opt/airflow/dags/task.py
[2022-02-07 21:21:37,274] {scheduler_job.py:633} INFO - Processing file /opt/airflow/dags/task.py for tasks to queue
[2022-02-07 21:21:37,275] {logging_mixin.py:104} INFO - [2022-02-07 21:21:37,275] {dagbag.py:487} INFO - Filling up the DagBag from /opt/airflow/dags/task.py
[2022-02-07 21:21:37,280] {logging_mixin.py:104} INFO - [2022-02-07 21:21:37,278] {dagbag.py:320} ERROR - Failed to import: /opt/airflow/dags/task.py
Traceback (most recent call last):
  File "/home/airflow/.local/lib/python3.6/site-packages/airflow/models/dagbag.py", line 317, in _load_modules_from_file
    loader.exec_module(new_module)
  File "<frozen importlib._bootstrap_external>", line 678, in exec_module
  File "<frozen importlib._bootstrap>", line 219, in _call_with_frames_removed
  File "/opt/airflow/dags/task.py", line 2, in <module>
    from bs4 import BeautifulSoup
ModuleNotFoundError: No module named 'bs4'
[2022-02-07 21:21:37,281] {scheduler_job.py:645} WARNING - No viable dags retrieved from /opt/airflow/dags/task.py
[2022-02-07 21:21:37,325] {scheduler_job.py:190} INFO - Processing /opt/airflow/dags/task.py took 0.057 seconds
[2022-02-07 21:22:07,391] {scheduler_job.py:182} INFO - Started process (PID=57) to work on /opt/airflow/dags/task.py
[2022-02-07 21:22:07,394] {scheduler_job.py:633} INFO - Processing file /opt/airflow/dags/task.py for tasks to queue
[2022-02-07 21:22:07,396] {logging_mixin.py:104} INFO - [2022-02-07 21:22:07,395] {dagbag.py:487} INFO - Filling up the DagBag from /opt/airflow/dags/task.py
[2022-02-07 21:22:07,399] {logging_mixin.py:104} INFO - [2022-02-07 21:22:07,398] {dagbag.py:320} ERROR - Failed to import: /opt/airflow/dags/task.py
Traceback (most recent call last):
  File "/home/airflow/.local/lib/python3.6/site-packages/airflow/models/dagbag.py", line 317, in _load_modules_from_file
    loader.exec_module(new_module)
  File "<frozen importlib._bootstrap_external>", line 678, in exec_module
  File "<frozen importlib._bootstrap>", line 219, in _call_with_frames_removed
  File "/opt/airflow/dags/task.py", line 2, in <module>
    from bs4 import BeautifulSoup
ModuleNotFoundError: No module named 'bs4'
[2022-02-07 21:22:07,400] {scheduler_job.py:645} WARNING - No viable dags retrieved from /opt/airflow/dags/task.py
[2022-02-07 21:22:07,442] {scheduler_job.py:190} INFO - Processing /opt/airflow/dags/task.py took 0.058 seconds
[2022-02-07 21:22:37,526] {scheduler_job.py:182} INFO - Started process (PID=58) to work on /opt/airflow/dags/task.py
[2022-02-07 21:22:37,528] {scheduler_job.py:633} INFO - Processing file /opt/airflow/dags/task.py for tasks to queue
[2022-02-07 21:22:37,529] {logging_mixin.py:104} INFO - [2022-02-07 21:22:37,529] {dagbag.py:487} INFO - Filling up the DagBag from /opt/airflow/dags/task.py
[2022-02-07 21:22:37,532] {logging_mixin.py:104} INFO - [2022-02-07 21:22:37,531] {dagbag.py:320} ERROR - Failed to import: /opt/airflow/dags/task.py
Traceback (most recent call last):
  File "/home/airflow/.local/lib/python3.6/site-packages/airflow/models/dagbag.py", line 317, in _load_modules_from_file
    loader.exec_module(new_module)
  File "<frozen importlib._bootstrap_external>", line 678, in exec_module
  File "<frozen importlib._bootstrap>", line 219, in _call_with_frames_removed
  File "/opt/airflow/dags/task.py", line 2, in <module>
    from bs4 import BeautifulSoup
ModuleNotFoundError: No module named 'bs4'
[2022-02-07 21:22:37,533] {scheduler_job.py:645} WARNING - No viable dags retrieved from /opt/airflow/dags/task.py
[2022-02-07 21:22:37,591] {scheduler_job.py:190} INFO - Processing /opt/airflow/dags/task.py took 0.071 seconds
[2022-02-07 21:23:07,666] {scheduler_job.py:182} INFO - Started process (PID=59) to work on /opt/airflow/dags/task.py
[2022-02-07 21:23:07,668] {scheduler_job.py:633} INFO - Processing file /opt/airflow/dags/task.py for tasks to queue
[2022-02-07 21:23:07,669] {logging_mixin.py:104} INFO - [2022-02-07 21:23:07,668] {dagbag.py:487} INFO - Filling up the DagBag from /opt/airflow/dags/task.py
[2022-02-07 21:23:07,672] {logging_mixin.py:104} INFO - [2022-02-07 21:23:07,671] {dagbag.py:320} ERROR - Failed to import: /opt/airflow/dags/task.py
Traceback (most recent call last):
  File "/home/airflow/.local/lib/python3.6/site-packages/airflow/models/dagbag.py", line 317, in _load_modules_from_file
    loader.exec_module(new_module)
  File "<frozen importlib._bootstrap_external>", line 678, in exec_module
  File "<frozen importlib._bootstrap>", line 219, in _call_with_frames_removed
  File "/opt/airflow/dags/task.py", line 2, in <module>
    from bs4 import BeautifulSoup
ModuleNotFoundError: No module named 'bs4'
[2022-02-07 21:23:07,673] {scheduler_job.py:645} WARNING - No viable dags retrieved from /opt/airflow/dags/task.py
[2022-02-07 21:23:07,709] {scheduler_job.py:190} INFO - Processing /opt/airflow/dags/task.py took 0.048 seconds
[2022-02-07 21:23:37,793] {scheduler_job.py:182} INFO - Started process (PID=60) to work on /opt/airflow/dags/task.py
[2022-02-07 21:23:37,795] {scheduler_job.py:633} INFO - Processing file /opt/airflow/dags/task.py for tasks to queue
[2022-02-07 21:23:37,796] {logging_mixin.py:104} INFO - [2022-02-07 21:23:37,796] {dagbag.py:487} INFO - Filling up the DagBag from /opt/airflow/dags/task.py
[2022-02-07 21:23:37,800] {logging_mixin.py:104} INFO - [2022-02-07 21:23:37,799] {dagbag.py:320} ERROR - Failed to import: /opt/airflow/dags/task.py
Traceback (most recent call last):
  File "/home/airflow/.local/lib/python3.6/site-packages/airflow/models/dagbag.py", line 317, in _load_modules_from_file
    loader.exec_module(new_module)
  File "<frozen importlib._bootstrap_external>", line 678, in exec_module
  File "<frozen importlib._bootstrap>", line 219, in _call_with_frames_removed
  File "/opt/airflow/dags/task.py", line 2, in <module>
    from bs4 import BeautifulSoup
ModuleNotFoundError: No module named 'bs4'
[2022-02-07 21:23:37,801] {scheduler_job.py:645} WARNING - No viable dags retrieved from /opt/airflow/dags/task.py
[2022-02-07 21:23:37,906] {scheduler_job.py:190} INFO - Processing /opt/airflow/dags/task.py took 0.117 seconds
[2022-02-07 21:24:07,983] {scheduler_job.py:182} INFO - Started process (PID=61) to work on /opt/airflow/dags/task.py
[2022-02-07 21:24:07,985] {scheduler_job.py:633} INFO - Processing file /opt/airflow/dags/task.py for tasks to queue
[2022-02-07 21:24:07,986] {logging_mixin.py:104} INFO - [2022-02-07 21:24:07,986] {dagbag.py:487} INFO - Filling up the DagBag from /opt/airflow/dags/task.py
[2022-02-07 21:24:07,989] {logging_mixin.py:104} INFO - [2022-02-07 21:24:07,988] {dagbag.py:320} ERROR - Failed to import: /opt/airflow/dags/task.py
Traceback (most recent call last):
  File "/home/airflow/.local/lib/python3.6/site-packages/airflow/models/dagbag.py", line 317, in _load_modules_from_file
    loader.exec_module(new_module)
  File "<frozen importlib._bootstrap_external>", line 678, in exec_module
  File "<frozen importlib._bootstrap>", line 219, in _call_with_frames_removed
  File "/opt/airflow/dags/task.py", line 2, in <module>
    from bs4 import BeautifulSoup
ModuleNotFoundError: No module named 'bs4'
[2022-02-07 21:24:07,990] {scheduler_job.py:645} WARNING - No viable dags retrieved from /opt/airflow/dags/task.py
[2022-02-07 21:24:08,130] {scheduler_job.py:190} INFO - Processing /opt/airflow/dags/task.py took 0.153 seconds
[2022-02-07 21:24:38,208] {scheduler_job.py:182} INFO - Started process (PID=62) to work on /opt/airflow/dags/task.py
[2022-02-07 21:24:38,210] {scheduler_job.py:633} INFO - Processing file /opt/airflow/dags/task.py for tasks to queue
[2022-02-07 21:24:38,211] {logging_mixin.py:104} INFO - [2022-02-07 21:24:38,211] {dagbag.py:487} INFO - Filling up the DagBag from /opt/airflow/dags/task.py
[2022-02-07 21:24:38,216] {logging_mixin.py:104} INFO - [2022-02-07 21:24:38,215] {dagbag.py:320} ERROR - Failed to import: /opt/airflow/dags/task.py
Traceback (most recent call last):
  File "/home/airflow/.local/lib/python3.6/site-packages/airflow/models/dagbag.py", line 317, in _load_modules_from_file
    loader.exec_module(new_module)
  File "<frozen importlib._bootstrap_external>", line 678, in exec_module
  File "<frozen importlib._bootstrap>", line 219, in _call_with_frames_removed
  File "/opt/airflow/dags/task.py", line 2, in <module>
    from bs4 import BeautifulSoup
ModuleNotFoundError: No module named 'bs4'
[2022-02-07 21:24:38,217] {scheduler_job.py:645} WARNING - No viable dags retrieved from /opt/airflow/dags/task.py
[2022-02-07 21:24:38,248] {scheduler_job.py:190} INFO - Processing /opt/airflow/dags/task.py took 0.045 seconds
[2022-02-07 22:23:32,429] {processor.py:163} INFO - Started process (PID=26) to work on /opt/airflow/dags/task.py
[2022-02-07 22:23:33,607] {processor.py:620} INFO - Processing file /opt/airflow/dags/task.py for tasks to queue
[2022-02-07 22:23:33,608] {logging_mixin.py:109} INFO - [2022-02-07 22:23:33,608] {dagbag.py:500} INFO - Filling up the DagBag from /opt/airflow/dags/task.py
[2022-02-07 22:23:33,690] {logging_mixin.py:109} INFO - [2022-02-07 22:23:33,688] {dagbag.py:334} ERROR - Failed to import: /opt/airflow/dags/task.py
Traceback (most recent call last):
  File "/home/airflow/.local/lib/python3.8/site-packages/airflow/models/dagbag.py", line 331, in _load_modules_from_file
    loader.exec_module(new_module)
  File "<frozen importlib._bootstrap_external>", line 843, in exec_module
  File "<frozen importlib._bootstrap>", line 219, in _call_with_frames_removed
  File "/opt/airflow/dags/task.py", line 2, in <module>
    from bs4 import BeautifulSoup
ModuleNotFoundError: No module named 'bs4'
[2022-02-07 22:23:33,711] {processor.py:634} WARNING - No viable dags retrieved from /opt/airflow/dags/task.py
[2022-02-07 22:23:33,832] {processor.py:171} INFO - Processing /opt/airflow/dags/task.py took 1.409 seconds
[2022-02-07 22:24:04,131] {processor.py:163} INFO - Started process (PID=27) to work on /opt/airflow/dags/task.py
[2022-02-07 22:24:04,146] {processor.py:620} INFO - Processing file /opt/airflow/dags/task.py for tasks to queue
[2022-02-07 22:24:04,147] {logging_mixin.py:109} INFO - [2022-02-07 22:24:04,146] {dagbag.py:500} INFO - Filling up the DagBag from /opt/airflow/dags/task.py
[2022-02-07 22:24:04,157] {logging_mixin.py:109} INFO - [2022-02-07 22:24:04,156] {dagbag.py:334} ERROR - Failed to import: /opt/airflow/dags/task.py
Traceback (most recent call last):
  File "/home/airflow/.local/lib/python3.8/site-packages/airflow/models/dagbag.py", line 331, in _load_modules_from_file
    loader.exec_module(new_module)
  File "<frozen importlib._bootstrap_external>", line 843, in exec_module
  File "<frozen importlib._bootstrap>", line 219, in _call_with_frames_removed
  File "/opt/airflow/dags/task.py", line 2, in <module>
    from bs4 import BeautifulSoup
ModuleNotFoundError: No module named 'bs4'
[2022-02-07 22:24:04,189] {processor.py:634} WARNING - No viable dags retrieved from /opt/airflow/dags/task.py
[2022-02-07 22:24:04,224] {processor.py:171} INFO - Processing /opt/airflow/dags/task.py took 0.097 seconds
[2022-02-07 22:24:34,606] {processor.py:163} INFO - Started process (PID=28) to work on /opt/airflow/dags/task.py
[2022-02-07 22:24:34,634] {processor.py:620} INFO - Processing file /opt/airflow/dags/task.py for tasks to queue
[2022-02-07 22:24:34,635] {logging_mixin.py:109} INFO - [2022-02-07 22:24:34,634] {dagbag.py:500} INFO - Filling up the DagBag from /opt/airflow/dags/task.py
[2022-02-07 22:24:34,920] {logging_mixin.py:109} INFO - [2022-02-07 22:24:34,918] {dagbag.py:334} ERROR - Failed to import: /opt/airflow/dags/task.py
Traceback (most recent call last):
  File "/home/airflow/.local/lib/python3.8/site-packages/airflow/models/dagbag.py", line 331, in _load_modules_from_file
    loader.exec_module(new_module)
  File "<frozen importlib._bootstrap_external>", line 843, in exec_module
  File "<frozen importlib._bootstrap>", line 219, in _call_with_frames_removed
  File "/opt/airflow/dags/task.py", line 2, in <module>
    from bs4 import BeautifulSoup
ModuleNotFoundError: No module named 'bs4'
[2022-02-07 22:24:35,013] {processor.py:634} WARNING - No viable dags retrieved from /opt/airflow/dags/task.py
[2022-02-07 22:24:35,103] {processor.py:171} INFO - Processing /opt/airflow/dags/task.py took 0.573 seconds
[2022-02-07 22:25:05,466] {processor.py:163} INFO - Started process (PID=29) to work on /opt/airflow/dags/task.py
[2022-02-07 22:25:05,467] {processor.py:620} INFO - Processing file /opt/airflow/dags/task.py for tasks to queue
[2022-02-07 22:25:05,468] {logging_mixin.py:109} INFO - [2022-02-07 22:25:05,468] {dagbag.py:500} INFO - Filling up the DagBag from /opt/airflow/dags/task.py
[2022-02-07 22:25:05,603] {logging_mixin.py:109} INFO - [2022-02-07 22:25:05,602] {dagbag.py:334} ERROR - Failed to import: /opt/airflow/dags/task.py
Traceback (most recent call last):
  File "/home/airflow/.local/lib/python3.8/site-packages/airflow/models/dagbag.py", line 331, in _load_modules_from_file
    loader.exec_module(new_module)
  File "<frozen importlib._bootstrap_external>", line 843, in exec_module
  File "<frozen importlib._bootstrap>", line 219, in _call_with_frames_removed
  File "/opt/airflow/dags/task.py", line 2, in <module>
    from bs4 import BeautifulSoup
ModuleNotFoundError: No module named 'bs4'
[2022-02-07 22:25:05,633] {processor.py:634} WARNING - No viable dags retrieved from /opt/airflow/dags/task.py
[2022-02-07 22:25:05,765] {processor.py:171} INFO - Processing /opt/airflow/dags/task.py took 0.552 seconds
[2022-02-07 22:56:39,978] {scheduler_job.py:182} INFO - Started process (PID=26) to work on /opt/airflow/dags/task.py
[2022-02-07 22:56:39,980] {scheduler_job.py:633} INFO - Processing file /opt/airflow/dags/task.py for tasks to queue
[2022-02-07 22:56:39,981] {logging_mixin.py:104} INFO - [2022-02-07 22:56:39,981] {dagbag.py:496} INFO - Filling up the DagBag from /opt/airflow/dags/task.py
[2022-02-07 22:57:07,005] {scheduler_job.py:643} INFO - DAG(s) dict_keys(['hello_world']) retrieved from /opt/airflow/dags/task.py
[2022-02-07 22:57:16,630] {logging_mixin.py:104} WARNING - /home/airflow/.local/lib/python3.8/site-packages/azure/cosmos/session.py:186 SyntaxWarning: "is not" with a literal. Did you mean "!="?
[2022-02-07 22:57:17,221] {logging_mixin.py:104} WARNING - /home/airflow/.local/lib/python3.8/site-packages/azure/storage/common/_connection.py:82 SyntaxWarning: "is" with a literal. Did you mean "=="?
[2022-02-07 22:57:29,129] {logging_mixin.py:104} INFO - [2022-02-07 22:57:29,126] {dag.py:1833} INFO - Sync 1 DAGs
[2022-02-07 22:57:29,158] {logging_mixin.py:104} INFO - [2022-02-07 22:57:29,158] {dag.py:1852} INFO - Creating ORM DAG for hello_world
[2022-02-07 22:57:29,228] {logging_mixin.py:104} INFO - [2022-02-07 22:57:29,228] {dag.py:2306} INFO - Setting next_dagrun for hello_world to 2022-02-06 00:00:00+00:00
[2022-02-07 22:57:29,252] {scheduler_job.py:190} INFO - Processing /opt/airflow/dags/task.py took 49.280 seconds
[2022-02-07 22:57:59,443] {scheduler_job.py:182} INFO - Started process (PID=148) to work on /opt/airflow/dags/task.py
[2022-02-07 22:57:59,444] {scheduler_job.py:633} INFO - Processing file /opt/airflow/dags/task.py for tasks to queue
[2022-02-07 22:57:59,445] {logging_mixin.py:104} INFO - [2022-02-07 22:57:59,445] {dagbag.py:496} INFO - Filling up the DagBag from /opt/airflow/dags/task.py
[2022-02-07 22:58:10,475] {scheduler_job.py:643} INFO - DAG(s) dict_keys(['hello_world']) retrieved from /opt/airflow/dags/task.py
[2022-02-07 22:58:10,507] {logging_mixin.py:104} INFO - [2022-02-07 22:58:10,506] {dag.py:1833} INFO - Sync 1 DAGs
[2022-02-07 22:58:10,536] {logging_mixin.py:104} INFO - [2022-02-07 22:58:10,536] {dag.py:2306} INFO - Setting next_dagrun for hello_world to 2022-02-06 00:00:00+00:00
[2022-02-07 22:58:10,561] {scheduler_job.py:190} INFO - Processing /opt/airflow/dags/task.py took 11.122 seconds
[2022-02-07 22:58:40,597] {scheduler_job.py:182} INFO - Started process (PID=266) to work on /opt/airflow/dags/task.py
[2022-02-07 22:58:40,603] {scheduler_job.py:633} INFO - Processing file /opt/airflow/dags/task.py for tasks to queue
[2022-02-07 22:58:40,603] {logging_mixin.py:104} INFO - [2022-02-07 22:58:40,603] {dagbag.py:496} INFO - Filling up the DagBag from /opt/airflow/dags/task.py
[2022-02-07 22:58:51,018] {scheduler_job.py:643} INFO - DAG(s) dict_keys(['hello_world']) retrieved from /opt/airflow/dags/task.py
[2022-02-07 22:58:51,083] {logging_mixin.py:104} INFO - [2022-02-07 22:58:51,082] {dag.py:1833} INFO - Sync 1 DAGs
[2022-02-07 22:58:51,145] {logging_mixin.py:104} INFO - [2022-02-07 22:58:51,145] {dag.py:2306} INFO - Setting next_dagrun for hello_world to 2022-02-06 00:00:00+00:00
[2022-02-07 22:58:51,188] {scheduler_job.py:190} INFO - Processing /opt/airflow/dags/task.py took 10.595 seconds
[2022-02-07 22:59:21,296] {scheduler_job.py:182} INFO - Started process (PID=384) to work on /opt/airflow/dags/task.py
[2022-02-07 22:59:21,297] {scheduler_job.py:633} INFO - Processing file /opt/airflow/dags/task.py for tasks to queue
[2022-02-07 22:59:21,298] {logging_mixin.py:104} INFO - [2022-02-07 22:59:21,298] {dagbag.py:496} INFO - Filling up the DagBag from /opt/airflow/dags/task.py
[2022-02-07 22:59:29,751] {scheduler_job.py:643} INFO - DAG(s) dict_keys(['hello_world']) retrieved from /opt/airflow/dags/task.py
[2022-02-07 22:59:29,785] {logging_mixin.py:104} INFO - [2022-02-07 22:59:29,784] {dag.py:1833} INFO - Sync 1 DAGs
[2022-02-07 22:59:29,813] {logging_mixin.py:104} INFO - [2022-02-07 22:59:29,813] {dag.py:2306} INFO - Setting next_dagrun for hello_world to 2022-02-06 00:00:00+00:00
[2022-02-07 22:59:29,837] {scheduler_job.py:190} INFO - Processing /opt/airflow/dags/task.py took 8.547 seconds
[2022-02-07 22:59:59,925] {scheduler_job.py:182} INFO - Started process (PID=502) to work on /opt/airflow/dags/task.py
[2022-02-07 22:59:59,926] {scheduler_job.py:633} INFO - Processing file /opt/airflow/dags/task.py for tasks to queue
[2022-02-07 22:59:59,927] {logging_mixin.py:104} INFO - [2022-02-07 22:59:59,927] {dagbag.py:496} INFO - Filling up the DagBag from /opt/airflow/dags/task.py
[2022-02-07 23:00:08,688] {scheduler_job.py:643} INFO - DAG(s) dict_keys(['hello_world']) retrieved from /opt/airflow/dags/task.py
[2022-02-07 23:00:08,718] {logging_mixin.py:104} INFO - [2022-02-07 23:00:08,718] {dag.py:1833} INFO - Sync 1 DAGs
[2022-02-07 23:00:08,741] {logging_mixin.py:104} INFO - [2022-02-07 23:00:08,740] {dag.py:2306} INFO - Setting next_dagrun for hello_world to 2022-02-06 00:00:00+00:00
[2022-02-07 23:00:08,824] {scheduler_job.py:190} INFO - Processing /opt/airflow/dags/task.py took 8.903 seconds
[2022-02-07 23:00:38,921] {scheduler_job.py:182} INFO - Started process (PID=620) to work on /opt/airflow/dags/task.py
[2022-02-07 23:00:38,923] {scheduler_job.py:633} INFO - Processing file /opt/airflow/dags/task.py for tasks to queue
[2022-02-07 23:00:38,924] {logging_mixin.py:104} INFO - [2022-02-07 23:00:38,924] {dagbag.py:496} INFO - Filling up the DagBag from /opt/airflow/dags/task.py
[2022-02-07 23:00:46,326] {scheduler_job.py:643} INFO - DAG(s) dict_keys(['hello_world']) retrieved from /opt/airflow/dags/task.py
[2022-02-07 23:00:46,349] {logging_mixin.py:104} INFO - [2022-02-07 23:00:46,348] {dag.py:1833} INFO - Sync 1 DAGs
[2022-02-07 23:00:46,377] {logging_mixin.py:104} INFO - [2022-02-07 23:00:46,376] {dag.py:2306} INFO - Setting next_dagrun for hello_world to 2022-02-06 00:00:00+00:00
[2022-02-07 23:00:46,391] {scheduler_job.py:190} INFO - Processing /opt/airflow/dags/task.py took 7.476 seconds
[2022-02-07 23:01:16,480] {scheduler_job.py:182} INFO - Started process (PID=738) to work on /opt/airflow/dags/task.py
[2022-02-07 23:01:16,482] {scheduler_job.py:633} INFO - Processing file /opt/airflow/dags/task.py for tasks to queue
[2022-02-07 23:01:16,483] {logging_mixin.py:104} INFO - [2022-02-07 23:01:16,483] {dagbag.py:496} INFO - Filling up the DagBag from /opt/airflow/dags/task.py
[2022-02-07 23:01:24,293] {scheduler_job.py:643} INFO - DAG(s) dict_keys(['hello_world']) retrieved from /opt/airflow/dags/task.py
[2022-02-07 23:01:24,338] {logging_mixin.py:104} INFO - [2022-02-07 23:01:24,337] {dag.py:1833} INFO - Sync 1 DAGs
[2022-02-07 23:01:24,381] {logging_mixin.py:104} INFO - [2022-02-07 23:01:24,381] {dag.py:2306} INFO - Setting next_dagrun for hello_world to 2022-02-06 00:00:00+00:00
[2022-02-07 23:01:24,400] {scheduler_job.py:190} INFO - Processing /opt/airflow/dags/task.py took 7.925 seconds
[2022-02-07 23:01:54,483] {scheduler_job.py:182} INFO - Started process (PID=856) to work on /opt/airflow/dags/task.py
[2022-02-07 23:01:54,486] {scheduler_job.py:633} INFO - Processing file /opt/airflow/dags/task.py for tasks to queue
[2022-02-07 23:01:54,487] {logging_mixin.py:104} INFO - [2022-02-07 23:01:54,487] {dagbag.py:496} INFO - Filling up the DagBag from /opt/airflow/dags/task.py
[2022-02-07 23:02:02,371] {scheduler_job.py:643} INFO - DAG(s) dict_keys(['hello_world']) retrieved from /opt/airflow/dags/task.py
[2022-02-07 23:02:02,400] {logging_mixin.py:104} INFO - [2022-02-07 23:02:02,399] {dag.py:1833} INFO - Sync 1 DAGs
[2022-02-07 23:02:02,431] {logging_mixin.py:104} INFO - [2022-02-07 23:02:02,430] {dag.py:2306} INFO - Setting next_dagrun for hello_world to 2022-02-06 00:00:00+00:00
[2022-02-07 23:02:02,538] {scheduler_job.py:190} INFO - Processing /opt/airflow/dags/task.py took 8.061 seconds
[2022-02-07 23:02:32,612] {scheduler_job.py:182} INFO - Started process (PID=974) to work on /opt/airflow/dags/task.py
[2022-02-07 23:02:32,614] {scheduler_job.py:633} INFO - Processing file /opt/airflow/dags/task.py for tasks to queue
[2022-02-07 23:02:32,615] {logging_mixin.py:104} INFO - [2022-02-07 23:02:32,615] {dagbag.py:496} INFO - Filling up the DagBag from /opt/airflow/dags/task.py
[2022-02-07 23:02:40,635] {scheduler_job.py:643} INFO - DAG(s) dict_keys(['hello_world']) retrieved from /opt/airflow/dags/task.py
[2022-02-07 23:02:40,675] {logging_mixin.py:104} INFO - [2022-02-07 23:02:40,674] {dag.py:1833} INFO - Sync 1 DAGs
[2022-02-07 23:02:40,713] {logging_mixin.py:104} INFO - [2022-02-07 23:02:40,713] {dag.py:2306} INFO - Setting next_dagrun for hello_world to 2022-02-06 00:00:00+00:00
[2022-02-07 23:02:40,739] {scheduler_job.py:190} INFO - Processing /opt/airflow/dags/task.py took 8.134 seconds
[2022-02-07 23:03:10,822] {scheduler_job.py:182} INFO - Started process (PID=1092) to work on /opt/airflow/dags/task.py
[2022-02-07 23:03:10,824] {scheduler_job.py:633} INFO - Processing file /opt/airflow/dags/task.py for tasks to queue
[2022-02-07 23:03:10,824] {logging_mixin.py:104} INFO - [2022-02-07 23:03:10,824] {dagbag.py:496} INFO - Filling up the DagBag from /opt/airflow/dags/task.py
[2022-02-07 23:03:18,137] {scheduler_job.py:643} INFO - DAG(s) dict_keys(['hello_world']) retrieved from /opt/airflow/dags/task.py
[2022-02-07 23:03:18,164] {logging_mixin.py:104} INFO - [2022-02-07 23:03:18,163] {dag.py:1833} INFO - Sync 1 DAGs
[2022-02-07 23:03:18,192] {logging_mixin.py:104} INFO - [2022-02-07 23:03:18,192] {dag.py:2306} INFO - Setting next_dagrun for hello_world to 2022-02-06 00:00:00+00:00
[2022-02-07 23:03:18,215] {scheduler_job.py:190} INFO - Processing /opt/airflow/dags/task.py took 7.399 seconds
[2022-02-07 23:03:48,313] {scheduler_job.py:182} INFO - Started process (PID=1212) to work on /opt/airflow/dags/task.py
[2022-02-07 23:03:48,315] {scheduler_job.py:633} INFO - Processing file /opt/airflow/dags/task.py for tasks to queue
[2022-02-07 23:03:48,316] {logging_mixin.py:104} INFO - [2022-02-07 23:03:48,315] {dagbag.py:496} INFO - Filling up the DagBag from /opt/airflow/dags/task.py
[2022-02-07 23:03:55,735] {scheduler_job.py:643} INFO - DAG(s) dict_keys(['hello_world']) retrieved from /opt/airflow/dags/task.py
[2022-02-07 23:03:55,768] {logging_mixin.py:104} INFO - [2022-02-07 23:03:55,767] {dag.py:1833} INFO - Sync 1 DAGs
[2022-02-07 23:03:55,815] {logging_mixin.py:104} INFO - [2022-02-07 23:03:55,815] {dag.py:2306} INFO - Setting next_dagrun for hello_world to 2022-02-06 00:00:00+00:00
[2022-02-07 23:03:55,868] {scheduler_job.py:190} INFO - Processing /opt/airflow/dags/task.py took 7.559 seconds
[2022-02-07 23:04:25,973] {scheduler_job.py:182} INFO - Started process (PID=1332) to work on /opt/airflow/dags/task.py
[2022-02-07 23:04:25,976] {scheduler_job.py:633} INFO - Processing file /opt/airflow/dags/task.py for tasks to queue
[2022-02-07 23:04:25,977] {logging_mixin.py:104} INFO - [2022-02-07 23:04:25,977] {dagbag.py:496} INFO - Filling up the DagBag from /opt/airflow/dags/task.py
[2022-02-07 23:04:34,867] {scheduler_job.py:643} INFO - DAG(s) dict_keys(['hello_world']) retrieved from /opt/airflow/dags/task.py
[2022-02-07 23:04:34,897] {logging_mixin.py:104} INFO - [2022-02-07 23:04:34,895] {dag.py:1833} INFO - Sync 1 DAGs
[2022-02-07 23:04:34,926] {logging_mixin.py:104} INFO - [2022-02-07 23:04:34,926] {dag.py:2306} INFO - Setting next_dagrun for hello_world to 2022-02-06 00:00:00+00:00
[2022-02-07 23:04:34,943] {scheduler_job.py:190} INFO - Processing /opt/airflow/dags/task.py took 8.974 seconds
[2022-02-07 23:05:05,036] {scheduler_job.py:182} INFO - Started process (PID=1450) to work on /opt/airflow/dags/task.py
[2022-02-07 23:05:05,038] {scheduler_job.py:633} INFO - Processing file /opt/airflow/dags/task.py for tasks to queue
[2022-02-07 23:05:05,039] {logging_mixin.py:104} INFO - [2022-02-07 23:05:05,039] {dagbag.py:496} INFO - Filling up the DagBag from /opt/airflow/dags/task.py
[2022-02-07 23:05:13,253] {scheduler_job.py:643} INFO - DAG(s) dict_keys(['hello_world']) retrieved from /opt/airflow/dags/task.py
[2022-02-07 23:05:13,296] {logging_mixin.py:104} INFO - [2022-02-07 23:05:13,295] {dag.py:1833} INFO - Sync 1 DAGs
[2022-02-07 23:05:13,331] {logging_mixin.py:104} INFO - [2022-02-07 23:05:13,331] {dag.py:2306} INFO - Setting next_dagrun for hello_world to 2022-02-06 00:00:00+00:00
[2022-02-07 23:05:13,354] {scheduler_job.py:190} INFO - Processing /opt/airflow/dags/task.py took 8.323 seconds
[2022-02-07 23:05:43,700] {scheduler_job.py:182} INFO - Started process (PID=1568) to work on /opt/airflow/dags/task.py
[2022-02-07 23:05:43,706] {scheduler_job.py:633} INFO - Processing file /opt/airflow/dags/task.py for tasks to queue
[2022-02-07 23:05:43,707] {logging_mixin.py:104} INFO - [2022-02-07 23:05:43,707] {dagbag.py:496} INFO - Filling up the DagBag from /opt/airflow/dags/task.py
[2022-02-07 23:05:51,820] {scheduler_job.py:643} INFO - DAG(s) dict_keys(['hello_world']) retrieved from /opt/airflow/dags/task.py
[2022-02-07 23:05:51,848] {logging_mixin.py:104} INFO - [2022-02-07 23:05:51,847] {dag.py:1833} INFO - Sync 1 DAGs
[2022-02-07 23:05:51,874] {logging_mixin.py:104} INFO - [2022-02-07 23:05:51,874] {dag.py:2306} INFO - Setting next_dagrun for hello_world to 2022-02-06 00:00:00+00:00
[2022-02-07 23:05:51,898] {scheduler_job.py:190} INFO - Processing /opt/airflow/dags/task.py took 8.201 seconds
[2022-02-07 23:06:21,995] {scheduler_job.py:182} INFO - Started process (PID=1686) to work on /opt/airflow/dags/task.py
[2022-02-07 23:06:21,997] {scheduler_job.py:633} INFO - Processing file /opt/airflow/dags/task.py for tasks to queue
[2022-02-07 23:06:21,998] {logging_mixin.py:104} INFO - [2022-02-07 23:06:21,998] {dagbag.py:496} INFO - Filling up the DagBag from /opt/airflow/dags/task.py
[2022-02-07 23:06:30,406] {scheduler_job.py:643} INFO - DAG(s) dict_keys(['hello_world']) retrieved from /opt/airflow/dags/task.py
[2022-02-07 23:06:30,436] {logging_mixin.py:104} INFO - [2022-02-07 23:06:30,435] {dag.py:1833} INFO - Sync 1 DAGs
[2022-02-07 23:06:30,467] {logging_mixin.py:104} INFO - [2022-02-07 23:06:30,467] {dag.py:2306} INFO - Setting next_dagrun for hello_world to 2022-02-06 00:00:00+00:00
[2022-02-07 23:06:30,494] {scheduler_job.py:190} INFO - Processing /opt/airflow/dags/task.py took 8.505 seconds
[2022-02-07 23:07:00,614] {scheduler_job.py:182} INFO - Started process (PID=1804) to work on /opt/airflow/dags/task.py
[2022-02-07 23:07:00,616] {scheduler_job.py:633} INFO - Processing file /opt/airflow/dags/task.py for tasks to queue
[2022-02-07 23:07:00,617] {logging_mixin.py:104} INFO - [2022-02-07 23:07:00,617] {dagbag.py:496} INFO - Filling up the DagBag from /opt/airflow/dags/task.py
[2022-02-07 23:07:08,541] {scheduler_job.py:643} INFO - DAG(s) dict_keys(['hello_world']) retrieved from /opt/airflow/dags/task.py
[2022-02-07 23:07:08,571] {logging_mixin.py:104} INFO - [2022-02-07 23:07:08,570] {dag.py:1833} INFO - Sync 1 DAGs
[2022-02-07 23:07:08,596] {logging_mixin.py:104} INFO - [2022-02-07 23:07:08,596] {dag.py:2306} INFO - Setting next_dagrun for hello_world to 2022-02-06 00:00:00+00:00
[2022-02-07 23:07:08,626] {scheduler_job.py:190} INFO - Processing /opt/airflow/dags/task.py took 8.017 seconds
[2022-02-07 23:07:38,739] {scheduler_job.py:182} INFO - Started process (PID=1922) to work on /opt/airflow/dags/task.py
[2022-02-07 23:07:38,740] {scheduler_job.py:633} INFO - Processing file /opt/airflow/dags/task.py for tasks to queue
[2022-02-07 23:07:38,741] {logging_mixin.py:104} INFO - [2022-02-07 23:07:38,741] {dagbag.py:496} INFO - Filling up the DagBag from /opt/airflow/dags/task.py
[2022-02-07 23:07:47,609] {scheduler_job.py:643} INFO - DAG(s) dict_keys(['hello_world']) retrieved from /opt/airflow/dags/task.py
[2022-02-07 23:07:47,646] {logging_mixin.py:104} INFO - [2022-02-07 23:07:47,645] {dag.py:1833} INFO - Sync 1 DAGs
[2022-02-07 23:07:47,688] {logging_mixin.py:104} INFO - [2022-02-07 23:07:47,688] {dag.py:2306} INFO - Setting next_dagrun for hello_world to 2022-02-06 00:00:00+00:00
[2022-02-07 23:07:47,807] {scheduler_job.py:190} INFO - Processing /opt/airflow/dags/task.py took 9.073 seconds
[2022-02-07 23:07:55,824] {scheduler_job.py:182} INFO - Started process (PID=2040) to work on /opt/airflow/dags/task.py
[2022-02-07 23:07:55,825] {scheduler_job.py:633} INFO - Processing file /opt/airflow/dags/task.py for tasks to queue
[2022-02-07 23:07:55,826] {logging_mixin.py:104} INFO - [2022-02-07 23:07:55,826] {dagbag.py:496} INFO - Filling up the DagBag from /opt/airflow/dags/task.py
[2022-02-07 23:08:05,751] {scheduler_job.py:643} INFO - DAG(s) dict_keys(['hello_world']) retrieved from /opt/airflow/dags/task.py
[2022-02-07 23:08:05,783] {logging_mixin.py:104} INFO - [2022-02-07 23:08:05,782] {dag.py:1833} INFO - Sync 1 DAGs
[2022-02-07 23:08:05,822] {logging_mixin.py:104} INFO - [2022-02-07 23:08:05,821] {dag.py:2306} INFO - Setting next_dagrun for hello_world to 2022-02-06 00:00:00+00:00
[2022-02-07 23:08:05,874] {scheduler_job.py:190} INFO - Processing /opt/airflow/dags/task.py took 10.054 seconds
[2022-02-07 23:08:35,976] {scheduler_job.py:182} INFO - Started process (PID=2158) to work on /opt/airflow/dags/task.py
[2022-02-07 23:08:35,978] {scheduler_job.py:633} INFO - Processing file /opt/airflow/dags/task.py for tasks to queue
[2022-02-07 23:08:35,979] {logging_mixin.py:104} INFO - [2022-02-07 23:08:35,979] {dagbag.py:496} INFO - Filling up the DagBag from /opt/airflow/dags/task.py
[2022-02-07 23:08:45,474] {scheduler_job.py:643} INFO - DAG(s) dict_keys(['hello_world']) retrieved from /opt/airflow/dags/task.py
[2022-02-07 23:08:45,661] {logging_mixin.py:104} INFO - [2022-02-07 23:08:45,660] {dag.py:1833} INFO - Sync 1 DAGs
[2022-02-07 23:08:45,694] {logging_mixin.py:104} INFO - [2022-02-07 23:08:45,694] {dag.py:2306} INFO - Setting next_dagrun for hello_world to 2022-02-06 00:00:00+00:00
[2022-02-07 23:08:45,732] {scheduler_job.py:190} INFO - Processing /opt/airflow/dags/task.py took 9.760 seconds
[2022-02-07 23:09:16,164] {scheduler_job.py:182} INFO - Started process (PID=2276) to work on /opt/airflow/dags/task.py
[2022-02-07 23:09:16,210] {scheduler_job.py:633} INFO - Processing file /opt/airflow/dags/task.py for tasks to queue
[2022-02-07 23:09:16,214] {logging_mixin.py:104} INFO - [2022-02-07 23:09:16,212] {dagbag.py:496} INFO - Filling up the DagBag from /opt/airflow/dags/task.py
[2022-02-07 23:09:26,974] {scheduler_job.py:643} INFO - DAG(s) dict_keys(['hello_world']) retrieved from /opt/airflow/dags/task.py
[2022-02-07 23:09:27,008] {logging_mixin.py:104} INFO - [2022-02-07 23:09:27,007] {dag.py:1833} INFO - Sync 1 DAGs
[2022-02-07 23:09:27,038] {logging_mixin.py:104} INFO - [2022-02-07 23:09:27,038] {dag.py:2306} INFO - Setting next_dagrun for hello_world to 2022-02-06 00:00:00+00:00
[2022-02-07 23:09:27,072] {scheduler_job.py:190} INFO - Processing /opt/airflow/dags/task.py took 11.066 seconds
[2022-02-07 23:09:49,923] {scheduler_job.py:182} INFO - Started process (PID=2395) to work on /opt/airflow/dags/task.py
[2022-02-07 23:09:49,924] {scheduler_job.py:633} INFO - Processing file /opt/airflow/dags/task.py for tasks to queue
[2022-02-07 23:09:49,925] {logging_mixin.py:104} INFO - [2022-02-07 23:09:49,925] {dagbag.py:496} INFO - Filling up the DagBag from /opt/airflow/dags/task.py
[2022-02-07 23:09:57,510] {scheduler_job.py:643} INFO - DAG(s) dict_keys(['hello_world']) retrieved from /opt/airflow/dags/task.py
[2022-02-07 23:09:57,535] {logging_mixin.py:104} INFO - [2022-02-07 23:09:57,535] {dag.py:1833} INFO - Sync 1 DAGs
[2022-02-07 23:09:57,563] {logging_mixin.py:104} INFO - [2022-02-07 23:09:57,563] {dag.py:2306} INFO - Setting next_dagrun for hello_world to 2022-02-06 00:00:00+00:00
[2022-02-07 23:09:57,671] {scheduler_job.py:190} INFO - Processing /opt/airflow/dags/task.py took 7.753 seconds
[2022-02-07 23:10:28,234] {scheduler_job.py:182} INFO - Started process (PID=2513) to work on /opt/airflow/dags/task.py
[2022-02-07 23:10:28,348] {scheduler_job.py:633} INFO - Processing file /opt/airflow/dags/task.py for tasks to queue
[2022-02-07 23:10:28,349] {logging_mixin.py:104} INFO - [2022-02-07 23:10:28,348] {dagbag.py:496} INFO - Filling up the DagBag from /opt/airflow/dags/task.py
[2022-02-07 23:10:58,395] {logging_mixin.py:104} INFO - [2022-02-07 23:10:58,394] {timeout.py:36} ERROR - Process timed out, PID: 2513
[2022-02-07 23:10:59,165] {logging_mixin.py:104} INFO - [2022-02-07 23:10:58,396] {clientserver.py:502} INFO - Error while receiving.
Traceback (most recent call last):
  File "/home/airflow/.local/lib/python3.8/site-packages/py4j/clientserver.py", line 475, in send_command
    answer = smart_decode(self.stream.readline()[:-1])
  File "/usr/local/lib/python3.8/socket.py", line 669, in readinto
    return self._sock.recv_into(b)
  File "/home/airflow/.local/lib/python3.8/site-packages/airflow/utils/timeout.py", line 37, in handle_timeout
    raise AirflowTaskTimeout(self.error_message)
airflow.exceptions.AirflowTaskTimeout: DagBag import timeout for /opt/airflow/dags/task.py after 30.0s, PID: 2513
[2022-02-07 23:10:59,166] {logging_mixin.py:104} INFO - [2022-02-07 23:10:59,166] {clientserver.py:507} INFO - Closing down clientserver connection
[2022-02-07 23:10:59,249] {logging_mixin.py:104} INFO - [2022-02-07 23:10:59,166] {java_gateway.py:1055} ERROR - Exception while sending command.
Traceback (most recent call last):
  File "/home/airflow/.local/lib/python3.8/site-packages/py4j/clientserver.py", line 475, in send_command
    answer = smart_decode(self.stream.readline()[:-1])
  File "/usr/local/lib/python3.8/socket.py", line 669, in readinto
    return self._sock.recv_into(b)
  File "/home/airflow/.local/lib/python3.8/site-packages/airflow/utils/timeout.py", line 37, in handle_timeout
    raise AirflowTaskTimeout(self.error_message)
airflow.exceptions.AirflowTaskTimeout: DagBag import timeout for /opt/airflow/dags/task.py after 30.0s, PID: 2513

During handling of the above exception, another exception occurred:

Traceback (most recent call last):
  File "/home/airflow/.local/lib/python3.8/site-packages/py4j/java_gateway.py", line 1038, in send_command
    response = connection.send_command(command)
  File "/home/airflow/.local/lib/python3.8/site-packages/py4j/clientserver.py", line 503, in send_command
    raise Py4JNetworkError(
py4j.protocol.Py4JNetworkError: Error while sending or receiving
[2022-02-07 23:10:59,296] {logging_mixin.py:104} INFO - [2022-02-07 23:10:59,249] {dagbag.py:329} ERROR - Failed to import: /opt/airflow/dags/task.py
Traceback (most recent call last):
  File "/home/airflow/.local/lib/python3.8/site-packages/airflow/models/dagbag.py", line 326, in _load_modules_from_file
    loader.exec_module(new_module)
  File "<frozen importlib._bootstrap_external>", line 843, in exec_module
  File "<frozen importlib._bootstrap>", line 219, in _call_with_frames_removed
  File "/opt/airflow/dags/task.py", line 10, in <module>
    sc = SparkContext()
  File "/home/airflow/.local/lib/python3.8/site-packages/pyspark/context.py", line 146, in __init__
    self._do_init(master, appName, sparkHome, pyFiles, environment, batchSize, serializer,
  File "/home/airflow/.local/lib/python3.8/site-packages/pyspark/context.py", line 209, in _do_init
    self._jsc = jsc or self._initialize_context(self._conf._jconf)
  File "/home/airflow/.local/lib/python3.8/site-packages/pyspark/context.py", line 329, in _initialize_context
    return self._jvm.JavaSparkContext(jconf)
  File "/home/airflow/.local/lib/python3.8/site-packages/py4j/java_gateway.py", line 1585, in __call__
    return_value = get_return_value(
  File "/home/airflow/.local/lib/python3.8/site-packages/py4j/protocol.py", line 334, in get_return_value
    raise Py4JError(
py4j.protocol.Py4JError: An error occurred while calling None.org.apache.spark.api.java.JavaSparkContext
[2022-02-07 23:10:59,297] {scheduler_job.py:645} WARNING - No viable dags retrieved from /opt/airflow/dags/task.py
[2022-02-07 23:11:00,884] {scheduler_job.py:190} INFO - Processing /opt/airflow/dags/task.py took 32.715 seconds
[2022-02-07 23:11:20,375] {scheduler_job.py:182} INFO - Started process (PID=2628) to work on /opt/airflow/dags/task.py
[2022-02-07 23:11:20,377] {scheduler_job.py:633} INFO - Processing file /opt/airflow/dags/task.py for tasks to queue
[2022-02-07 23:11:20,378] {logging_mixin.py:104} INFO - [2022-02-07 23:11:20,378] {dagbag.py:496} INFO - Filling up the DagBag from /opt/airflow/dags/task.py
[2022-02-07 23:11:39,291] {scheduler_job.py:643} INFO - DAG(s) dict_keys(['hello_world']) retrieved from /opt/airflow/dags/task.py
[2022-02-07 23:11:39,316] {logging_mixin.py:104} INFO - [2022-02-07 23:11:39,315] {dag.py:1833} INFO - Sync 1 DAGs
[2022-02-07 23:11:39,363] {logging_mixin.py:104} INFO - [2022-02-07 23:11:39,363] {dag.py:2306} INFO - Setting next_dagrun for hello_world to 2022-02-06 00:00:00+00:00
[2022-02-07 23:11:39,407] {scheduler_job.py:190} INFO - Processing /opt/airflow/dags/task.py took 19.185 seconds
[2022-02-07 23:12:09,497] {scheduler_job.py:182} INFO - Started process (PID=2750) to work on /opt/airflow/dags/task.py
[2022-02-07 23:12:09,499] {scheduler_job.py:633} INFO - Processing file /opt/airflow/dags/task.py for tasks to queue
[2022-02-07 23:12:09,501] {logging_mixin.py:104} INFO - [2022-02-07 23:12:09,501] {dagbag.py:496} INFO - Filling up the DagBag from /opt/airflow/dags/task.py
[2022-02-07 23:12:17,950] {scheduler_job.py:643} INFO - DAG(s) dict_keys(['hello_world']) retrieved from /opt/airflow/dags/task.py
[2022-02-07 23:12:17,979] {logging_mixin.py:104} INFO - [2022-02-07 23:12:17,978] {dag.py:1833} INFO - Sync 1 DAGs
[2022-02-07 23:12:18,005] {logging_mixin.py:104} INFO - [2022-02-07 23:12:18,005] {dag.py:2306} INFO - Setting next_dagrun for hello_world to 2022-02-06 00:00:00+00:00
[2022-02-07 23:12:18,027] {scheduler_job.py:190} INFO - Processing /opt/airflow/dags/task.py took 8.533 seconds
[2022-02-07 23:12:48,126] {scheduler_job.py:182} INFO - Started process (PID=2871) to work on /opt/airflow/dags/task.py
[2022-02-07 23:12:48,128] {scheduler_job.py:633} INFO - Processing file /opt/airflow/dags/task.py for tasks to queue
[2022-02-07 23:12:48,129] {logging_mixin.py:104} INFO - [2022-02-07 23:12:48,129] {dagbag.py:496} INFO - Filling up the DagBag from /opt/airflow/dags/task.py
[2022-02-07 23:12:58,558] {scheduler_job.py:643} INFO - DAG(s) dict_keys(['hello_world']) retrieved from /opt/airflow/dags/task.py
[2022-02-07 23:12:58,594] {logging_mixin.py:104} INFO - [2022-02-07 23:12:58,593] {dag.py:1833} INFO - Sync 1 DAGs
[2022-02-07 23:12:58,631] {logging_mixin.py:104} INFO - [2022-02-07 23:12:58,631] {dag.py:2306} INFO - Setting next_dagrun for hello_world to 2022-02-06 00:00:00+00:00
[2022-02-07 23:12:58,859] {scheduler_job.py:190} INFO - Processing /opt/airflow/dags/task.py took 10.738 seconds
[2022-02-07 23:13:16,730] {scheduler_job.py:182} INFO - Started process (PID=2989) to work on /opt/airflow/dags/task.py
[2022-02-07 23:13:16,733] {scheduler_job.py:633} INFO - Processing file /opt/airflow/dags/task.py for tasks to queue
[2022-02-07 23:13:16,735] {logging_mixin.py:104} INFO - [2022-02-07 23:13:16,734] {dagbag.py:496} INFO - Filling up the DagBag from /opt/airflow/dags/task.py
[2022-02-07 23:13:25,814] {scheduler_job.py:643} INFO - DAG(s) dict_keys(['hello_world']) retrieved from /opt/airflow/dags/task.py
[2022-02-07 23:13:25,887] {logging_mixin.py:104} INFO - [2022-02-07 23:13:25,886] {dag.py:1833} INFO - Sync 1 DAGs
[2022-02-07 23:13:25,925] {logging_mixin.py:104} INFO - [2022-02-07 23:13:25,924] {dag.py:2306} INFO - Setting next_dagrun for hello_world to 2022-02-06 00:00:00+00:00
[2022-02-07 23:13:26,085] {scheduler_job.py:190} INFO - Processing /opt/airflow/dags/task.py took 9.368 seconds
[2022-02-07 23:15:27,044] {scheduler_job.py:182} INFO - Started process (PID=26) to work on /opt/airflow/dags/task.py
[2022-02-07 23:15:27,046] {scheduler_job.py:633} INFO - Processing file /opt/airflow/dags/task.py for tasks to queue
[2022-02-07 23:15:27,047] {logging_mixin.py:104} INFO - [2022-02-07 23:15:27,047] {dagbag.py:496} INFO - Filling up the DagBag from /opt/airflow/dags/task.py
[2022-02-07 23:15:45,814] {scheduler_job.py:643} INFO - DAG(s) dict_keys(['hello_world']) retrieved from /opt/airflow/dags/task.py
[2022-02-07 23:15:45,844] {logging_mixin.py:104} INFO - [2022-02-07 23:15:45,843] {dag.py:1833} INFO - Sync 1 DAGs
[2022-02-07 23:15:46,256] {logging_mixin.py:104} INFO - [2022-02-07 23:15:46,250] {dag.py:2306} INFO - Setting next_dagrun for hello_world to 2022-02-06 00:00:00+00:00
[2022-02-07 23:15:46,563] {scheduler_job.py:190} INFO - Processing /opt/airflow/dags/task.py took 19.526 seconds
[2022-02-07 23:16:16,666] {scheduler_job.py:182} INFO - Started process (PID=154) to work on /opt/airflow/dags/task.py
[2022-02-07 23:16:16,668] {scheduler_job.py:633} INFO - Processing file /opt/airflow/dags/task.py for tasks to queue
[2022-02-07 23:16:16,670] {logging_mixin.py:104} INFO - [2022-02-07 23:16:16,670] {dagbag.py:496} INFO - Filling up the DagBag from /opt/airflow/dags/task.py
[2022-02-07 23:16:34,186] {scheduler_job.py:643} INFO - DAG(s) dict_keys(['hello_world']) retrieved from /opt/airflow/dags/task.py
[2022-02-07 23:16:34,336] {logging_mixin.py:104} INFO - [2022-02-07 23:16:34,335] {dag.py:1833} INFO - Sync 1 DAGs
[2022-02-07 23:16:34,366] {logging_mixin.py:104} INFO - [2022-02-07 23:16:34,366] {dag.py:2306} INFO - Setting next_dagrun for hello_world to 2022-02-06 00:00:00+00:00
[2022-02-07 23:16:34,498] {scheduler_job.py:190} INFO - Processing /opt/airflow/dags/task.py took 17.839 seconds
[2022-02-07 23:17:04,629] {scheduler_job.py:182} INFO - Started process (PID=272) to work on /opt/airflow/dags/task.py
[2022-02-07 23:17:04,630] {scheduler_job.py:633} INFO - Processing file /opt/airflow/dags/task.py for tasks to queue
[2022-02-07 23:17:04,631] {logging_mixin.py:104} INFO - [2022-02-07 23:17:04,631] {dagbag.py:496} INFO - Filling up the DagBag from /opt/airflow/dags/task.py
[2022-02-07 23:17:14,198] {scheduler_job.py:643} INFO - DAG(s) dict_keys(['hello_world']) retrieved from /opt/airflow/dags/task.py
[2022-02-07 23:17:14,342] {logging_mixin.py:104} INFO - [2022-02-07 23:17:14,341] {dag.py:1833} INFO - Sync 1 DAGs
[2022-02-07 23:17:14,375] {logging_mixin.py:104} INFO - [2022-02-07 23:17:14,374] {dag.py:2306} INFO - Setting next_dagrun for hello_world to 2022-02-06 00:00:00+00:00
[2022-02-07 23:17:14,398] {scheduler_job.py:190} INFO - Processing /opt/airflow/dags/task.py took 9.774 seconds
[2022-02-07 23:17:44,500] {scheduler_job.py:182} INFO - Started process (PID=390) to work on /opt/airflow/dags/task.py
[2022-02-07 23:17:44,501] {scheduler_job.py:633} INFO - Processing file /opt/airflow/dags/task.py for tasks to queue
[2022-02-07 23:17:44,502] {logging_mixin.py:104} INFO - [2022-02-07 23:17:44,502] {dagbag.py:496} INFO - Filling up the DagBag from /opt/airflow/dags/task.py
[2022-02-07 23:17:52,207] {scheduler_job.py:643} INFO - DAG(s) dict_keys(['hello_world']) retrieved from /opt/airflow/dags/task.py
[2022-02-07 23:17:52,239] {logging_mixin.py:104} INFO - [2022-02-07 23:17:52,239] {dag.py:1833} INFO - Sync 1 DAGs
[2022-02-07 23:17:52,271] {logging_mixin.py:104} INFO - [2022-02-07 23:17:52,270] {dag.py:2306} INFO - Setting next_dagrun for hello_world to 2022-02-06 00:00:00+00:00
[2022-02-07 23:17:52,296] {scheduler_job.py:190} INFO - Processing /opt/airflow/dags/task.py took 7.801 seconds
[2022-02-07 23:18:22,397] {scheduler_job.py:182} INFO - Started process (PID=508) to work on /opt/airflow/dags/task.py
[2022-02-07 23:18:22,398] {scheduler_job.py:633} INFO - Processing file /opt/airflow/dags/task.py for tasks to queue
[2022-02-07 23:18:22,399] {logging_mixin.py:104} INFO - [2022-02-07 23:18:22,399] {dagbag.py:496} INFO - Filling up the DagBag from /opt/airflow/dags/task.py
[2022-02-07 23:18:29,711] {scheduler_job.py:643} INFO - DAG(s) dict_keys(['hello_world']) retrieved from /opt/airflow/dags/task.py
[2022-02-07 23:18:29,744] {logging_mixin.py:104} INFO - [2022-02-07 23:18:29,743] {dag.py:1833} INFO - Sync 1 DAGs
[2022-02-07 23:18:29,772] {logging_mixin.py:104} INFO - [2022-02-07 23:18:29,772] {dag.py:2306} INFO - Setting next_dagrun for hello_world to 2022-02-06 00:00:00+00:00
[2022-02-07 23:18:29,792] {scheduler_job.py:190} INFO - Processing /opt/airflow/dags/task.py took 7.400 seconds
[2022-02-07 23:18:59,890] {scheduler_job.py:182} INFO - Started process (PID=628) to work on /opt/airflow/dags/task.py
[2022-02-07 23:18:59,892] {scheduler_job.py:633} INFO - Processing file /opt/airflow/dags/task.py for tasks to queue
[2022-02-07 23:18:59,893] {logging_mixin.py:104} INFO - [2022-02-07 23:18:59,892] {dagbag.py:496} INFO - Filling up the DagBag from /opt/airflow/dags/task.py
[2022-02-07 23:19:07,505] {scheduler_job.py:643} INFO - DAG(s) dict_keys(['hello_world']) retrieved from /opt/airflow/dags/task.py
[2022-02-07 23:19:07,531] {logging_mixin.py:104} INFO - [2022-02-07 23:19:07,531] {dag.py:1833} INFO - Sync 1 DAGs
[2022-02-07 23:19:07,557] {logging_mixin.py:104} INFO - [2022-02-07 23:19:07,557] {dag.py:2306} INFO - Setting next_dagrun for hello_world to 2022-02-06 00:00:00+00:00
[2022-02-07 23:19:07,586] {scheduler_job.py:190} INFO - Processing /opt/airflow/dags/task.py took 7.701 seconds
[2022-02-07 23:19:37,645] {scheduler_job.py:182} INFO - Started process (PID=746) to work on /opt/airflow/dags/task.py
[2022-02-07 23:19:37,646] {scheduler_job.py:633} INFO - Processing file /opt/airflow/dags/task.py for tasks to queue
[2022-02-07 23:19:37,647] {logging_mixin.py:104} INFO - [2022-02-07 23:19:37,647] {dagbag.py:496} INFO - Filling up the DagBag from /opt/airflow/dags/task.py
[2022-02-07 23:19:44,856] {scheduler_job.py:643} INFO - DAG(s) dict_keys(['hello_world']) retrieved from /opt/airflow/dags/task.py
[2022-02-07 23:19:44,886] {logging_mixin.py:104} INFO - [2022-02-07 23:19:44,885] {dag.py:1833} INFO - Sync 1 DAGs
[2022-02-07 23:19:44,910] {logging_mixin.py:104} INFO - [2022-02-07 23:19:44,909] {dag.py:2306} INFO - Setting next_dagrun for hello_world to 2022-02-06 00:00:00+00:00
[2022-02-07 23:19:44,926] {scheduler_job.py:190} INFO - Processing /opt/airflow/dags/task.py took 7.286 seconds
[2022-02-07 23:20:15,019] {scheduler_job.py:182} INFO - Started process (PID=866) to work on /opt/airflow/dags/task.py
[2022-02-07 23:20:15,021] {scheduler_job.py:633} INFO - Processing file /opt/airflow/dags/task.py for tasks to queue
[2022-02-07 23:20:15,022] {logging_mixin.py:104} INFO - [2022-02-07 23:20:15,022] {dagbag.py:496} INFO - Filling up the DagBag from /opt/airflow/dags/task.py
[2022-02-07 23:20:22,355] {scheduler_job.py:643} INFO - DAG(s) dict_keys(['hello_world']) retrieved from /opt/airflow/dags/task.py
[2022-02-07 23:20:22,391] {logging_mixin.py:104} INFO - [2022-02-07 23:20:22,390] {dag.py:1833} INFO - Sync 1 DAGs
[2022-02-07 23:20:22,422] {logging_mixin.py:104} INFO - [2022-02-07 23:20:22,422] {dag.py:2306} INFO - Setting next_dagrun for hello_world to 2022-02-06 00:00:00+00:00
[2022-02-07 23:20:22,502] {scheduler_job.py:190} INFO - Processing /opt/airflow/dags/task.py took 7.488 seconds
[2022-02-07 23:20:52,601] {scheduler_job.py:182} INFO - Started process (PID=986) to work on /opt/airflow/dags/task.py
[2022-02-07 23:20:52,603] {scheduler_job.py:633} INFO - Processing file /opt/airflow/dags/task.py for tasks to queue
[2022-02-07 23:20:52,603] {logging_mixin.py:104} INFO - [2022-02-07 23:20:52,603] {dagbag.py:496} INFO - Filling up the DagBag from /opt/airflow/dags/task.py
[2022-02-07 23:21:01,134] {scheduler_job.py:643} INFO - DAG(s) dict_keys(['hello_world']) retrieved from /opt/airflow/dags/task.py
[2022-02-07 23:21:01,162] {logging_mixin.py:104} INFO - [2022-02-07 23:21:01,161] {dag.py:1833} INFO - Sync 1 DAGs
[2022-02-07 23:21:01,190] {logging_mixin.py:104} INFO - [2022-02-07 23:21:01,190] {dag.py:2306} INFO - Setting next_dagrun for hello_world to 2022-02-06 00:00:00+00:00
[2022-02-07 23:21:01,214] {scheduler_job.py:190} INFO - Processing /opt/airflow/dags/task.py took 8.617 seconds
