[2022-02-09 22:19:46,526] {taskinstance.py:896} INFO - Dependencies all met for <TaskInstance: spark_first_run.2 2022-02-09T22:16:09.471958+00:00 [queued]>
[2022-02-09 22:19:46,831] {taskinstance.py:896} INFO - Dependencies all met for <TaskInstance: spark_first_run.2 2022-02-09T22:16:09.471958+00:00 [queued]>
[2022-02-09 22:19:46,831] {taskinstance.py:1087} INFO - 
--------------------------------------------------------------------------------
[2022-02-09 22:19:46,831] {taskinstance.py:1088} INFO - Starting attempt 1 of 4
[2022-02-09 22:19:46,831] {taskinstance.py:1089} INFO - 
--------------------------------------------------------------------------------
[2022-02-09 22:19:46,904] {taskinstance.py:1107} INFO - Executing <Task(PythonOperator): 2> on 2022-02-09T22:16:09.471958+00:00
[2022-02-09 22:19:46,910] {standard_task_runner.py:52} INFO - Started process 178 to run task
[2022-02-09 22:19:46,932] {standard_task_runner.py:76} INFO - Running: ['***', 'tasks', 'run', 'spark_first_run', '2', '2022-02-09T22:16:09.471958+00:00', '--job-id', '41', '--pool', 'default_pool', '--raw', '--subdir', 'DAGS_FOLDER/task.py', '--cfg-path', '/tmp/tmpjco8rxu_', '--error-file', '/tmp/tmpt24y31uy']
[2022-02-09 22:19:46,933] {standard_task_runner.py:77} INFO - Job 41: Subtask 2
[2022-02-09 22:19:47,110] {logging_mixin.py:104} INFO - Running <TaskInstance: spark_first_run.2 2022-02-09T22:16:09.471958+00:00 [running]> on host 69e4c4a5dd12
[2022-02-09 22:19:47,552] {taskinstance.py:1300} INFO - Exporting the following env vars:
AIRFLOW_CTX_DAG_OWNER=admin
AIRFLOW_CTX_DAG_ID=spark_first_run
AIRFLOW_CTX_TASK_ID=2
AIRFLOW_CTX_EXECUTION_DATE=2022-02-09T22:16:09.471958+00:00
AIRFLOW_CTX_DAG_RUN_ID=manual__2022-02-09T22:16:09.471958+00:00
[2022-02-09 22:19:47,581] {logging_mixin.py:104} INFO - finished
[2022-02-09 22:19:47,582] {python.py:151} INFO - Done. Returned value was: None
[2022-02-09 22:19:47,612] {taskinstance.py:1204} INFO - Marking task as SUCCESS. dag_id=spark_first_run, task_id=2, execution_date=20220209T221609, start_date=20220209T221946, end_date=20220209T221947
[2022-02-09 22:19:47,714] {taskinstance.py:1265} INFO - 0 downstream tasks scheduled from follow-on schedule check
[2022-02-09 22:19:47,742] {local_task_job.py:151} INFO - Task exited with return code 0
