[2022-02-09 23:01:31,937] {taskinstance.py:896} INFO - Dependencies all met for <TaskInstance: spark_first_run.spark_job 2022-02-09T23:01:16.642693+00:00 [queued]>
[2022-02-09 23:01:31,997] {taskinstance.py:896} INFO - Dependencies all met for <TaskInstance: spark_first_run.spark_job 2022-02-09T23:01:16.642693+00:00 [queued]>
[2022-02-09 23:01:31,998] {taskinstance.py:1087} INFO - 
--------------------------------------------------------------------------------
[2022-02-09 23:01:31,998] {taskinstance.py:1088} INFO - Starting attempt 1 of 1
[2022-02-09 23:01:31,998] {taskinstance.py:1089} INFO - 
--------------------------------------------------------------------------------
[2022-02-09 23:01:32,092] {taskinstance.py:1107} INFO - Executing <Task(SparkSubmitOperator): spark_job> on 2022-02-09T23:01:16.642693+00:00
[2022-02-09 23:01:32,109] {standard_task_runner.py:52} INFO - Started process 183 to run task
[2022-02-09 23:01:32,122] {standard_task_runner.py:76} INFO - Running: ['***', 'tasks', 'run', 'spark_first_run', 'spark_job', '2022-02-09T23:01:16.642693+00:00', '--job-id', '44', '--pool', 'default_pool', '--raw', '--subdir', 'DAGS_FOLDER/task.py', '--cfg-path', '/tmp/tmpyio0nlw9', '--error-file', '/tmp/tmphvu2sb60']
[2022-02-09 23:01:32,123] {standard_task_runner.py:77} INFO - Job 44: Subtask spark_job
[2022-02-09 23:01:32,660] {logging_mixin.py:104} INFO - Running <TaskInstance: spark_first_run.spark_job 2022-02-09T23:01:16.642693+00:00 [running]> on host d037e04b36e5
[2022-02-09 23:01:33,007] {taskinstance.py:1300} INFO - Exporting the following env vars:
AIRFLOW_CTX_DAG_OWNER=admin
AIRFLOW_CTX_DAG_ID=spark_first_run
AIRFLOW_CTX_TASK_ID=spark_job
AIRFLOW_CTX_EXECUTION_DATE=2022-02-09T23:01:16.642693+00:00
AIRFLOW_CTX_DAG_RUN_ID=manual__2022-02-09T23:01:16.642693+00:00
[2022-02-09 23:01:33,310] {base.py:69} INFO - Using connection to: id: spark_default. Host: spark://spark, Port: 7077, Schema: , Login: ***, Password: ***, extra: {'queue': 'root.default'}
[2022-02-09 23:01:33,356] {spark_submit.py:360} INFO - Spark-Submit cmd: spark-submit --master spark://spark:7077 --conf spark.master=spark://spark:7077 --name test --verbose --queue root.default /opt/bitnami/spark/app/test.py
[2022-02-09 23:01:44,668] {spark_submit.py:514} INFO - Using properties file: null
[2022-02-09 23:01:45,237] {spark_submit.py:514} INFO - WARNING: An illegal reflective access operation has occurred
[2022-02-09 23:01:45,237] {spark_submit.py:514} INFO - WARNING: Illegal reflective access by org.apache.spark.unsafe.Platform (file:/home/***/.local/lib/python3.8/site-packages/pyspark/jars/spark-unsafe_2.12-3.2.1.jar) to constructor java.nio.DirectByteBuffer(long,int)
[2022-02-09 23:01:45,238] {spark_submit.py:514} INFO - WARNING: Please consider reporting this to the maintainers of org.apache.spark.unsafe.Platform
[2022-02-09 23:01:45,238] {spark_submit.py:514} INFO - WARNING: Use --illegal-access=warn to enable warnings of further illegal reflective access operations
[2022-02-09 23:01:45,238] {spark_submit.py:514} INFO - WARNING: All illegal access operations will be denied in a future release
[2022-02-09 23:01:45,464] {spark_submit.py:514} INFO - Parsed arguments:
[2022-02-09 23:01:45,465] {spark_submit.py:514} INFO - master                  spark://spark:7077
[2022-02-09 23:01:45,465] {spark_submit.py:514} INFO - deployMode              null
[2022-02-09 23:01:45,465] {spark_submit.py:514} INFO - executorMemory          null
[2022-02-09 23:01:45,465] {spark_submit.py:514} INFO - executorCores           null
[2022-02-09 23:01:45,465] {spark_submit.py:514} INFO - totalExecutorCores      null
[2022-02-09 23:01:45,465] {spark_submit.py:514} INFO - propertiesFile          null
[2022-02-09 23:01:45,465] {spark_submit.py:514} INFO - driverMemory            null
[2022-02-09 23:01:45,465] {spark_submit.py:514} INFO - driverCores             null
[2022-02-09 23:01:45,465] {spark_submit.py:514} INFO - driverExtraClassPath    null
[2022-02-09 23:01:45,466] {spark_submit.py:514} INFO - driverExtraLibraryPath  null
[2022-02-09 23:01:45,466] {spark_submit.py:514} INFO - driverExtraJavaOptions  null
[2022-02-09 23:01:45,466] {spark_submit.py:514} INFO - supervise               false
[2022-02-09 23:01:45,466] {spark_submit.py:514} INFO - queue                   root.default
[2022-02-09 23:01:45,466] {spark_submit.py:514} INFO - numExecutors            null
[2022-02-09 23:01:45,466] {spark_submit.py:514} INFO - files                   null
[2022-02-09 23:01:45,466] {spark_submit.py:514} INFO - pyFiles                 null
[2022-02-09 23:01:45,466] {spark_submit.py:514} INFO - archives                null
[2022-02-09 23:01:45,466] {spark_submit.py:514} INFO - mainClass               null
[2022-02-09 23:01:45,466] {spark_submit.py:514} INFO - primaryResource         file:/opt/bitnami/spark/app/test.py
[2022-02-09 23:01:45,466] {spark_submit.py:514} INFO - name                    test
[2022-02-09 23:01:45,467] {spark_submit.py:514} INFO - childArgs               []
[2022-02-09 23:01:45,467] {spark_submit.py:514} INFO - jars                    null
[2022-02-09 23:01:45,467] {spark_submit.py:514} INFO - packages                null
[2022-02-09 23:01:45,467] {spark_submit.py:514} INFO - packagesExclusions      null
[2022-02-09 23:01:45,467] {spark_submit.py:514} INFO - repositories            null
[2022-02-09 23:01:45,467] {spark_submit.py:514} INFO - verbose                 true
[2022-02-09 23:01:45,467] {spark_submit.py:514} INFO - 
[2022-02-09 23:01:45,467] {spark_submit.py:514} INFO - Spark properties used, including those specified through
[2022-02-09 23:01:45,468] {spark_submit.py:514} INFO - --conf and those from the properties file null:
[2022-02-09 23:01:45,468] {spark_submit.py:514} INFO - (spark.master,spark://spark:7077)
[2022-02-09 23:01:45,468] {spark_submit.py:514} INFO - 
[2022-02-09 23:01:45,468] {spark_submit.py:514} INFO - 
[2022-02-09 23:01:46,894] {spark_submit.py:514} INFO - Main class:
[2022-02-09 23:01:46,895] {spark_submit.py:514} INFO - org.apache.spark.deploy.PythonRunner
[2022-02-09 23:01:46,896] {spark_submit.py:514} INFO - Arguments:
[2022-02-09 23:01:46,896] {spark_submit.py:514} INFO - file:/opt/bitnami/spark/app/test.py
[2022-02-09 23:01:46,896] {spark_submit.py:514} INFO - null
[2022-02-09 23:01:46,900] {spark_submit.py:514} INFO - Spark config:
[2022-02-09 23:01:46,901] {spark_submit.py:514} INFO - (spark.app.name,test)
[2022-02-09 23:01:46,901] {spark_submit.py:514} INFO - (spark.master,spark://spark:7077)
[2022-02-09 23:01:46,901] {spark_submit.py:514} INFO - (spark.submit.pyFiles,)
[2022-02-09 23:01:46,901] {spark_submit.py:514} INFO - (spark.submit.deployMode,client)
[2022-02-09 23:01:46,902] {spark_submit.py:514} INFO - Classpath elements:
[2022-02-09 23:01:46,902] {spark_submit.py:514} INFO - 
[2022-02-09 23:01:46,903] {spark_submit.py:514} INFO - 
[2022-02-09 23:01:46,903] {spark_submit.py:514} INFO - 
[2022-02-09 23:01:56,754] {spark_submit.py:514} INFO - Using Spark's default log4j profile: org/apache/spark/log4j-defaults.properties
[2022-02-09 23:01:56,960] {spark_submit.py:514} INFO - 22/02/09 23:01:56 INFO SparkContext: Running Spark version 3.2.1
[2022-02-09 23:01:57,649] {spark_submit.py:514} INFO - 22/02/09 23:01:57 WARN NativeCodeLoader: Unable to load native-hadoop library for your platform... using builtin-java classes where applicable
[2022-02-09 23:01:58,614] {spark_submit.py:514} INFO - 22/02/09 23:01:58 INFO ResourceUtils: ==============================================================
[2022-02-09 23:01:58,615] {spark_submit.py:514} INFO - 22/02/09 23:01:58 INFO ResourceUtils: No custom resources configured for spark.driver.
[2022-02-09 23:01:58,615] {spark_submit.py:514} INFO - 22/02/09 23:01:58 INFO ResourceUtils: ==============================================================
[2022-02-09 23:01:58,616] {spark_submit.py:514} INFO - 22/02/09 23:01:58 INFO SparkContext: Submitted application: test
[2022-02-09 23:01:58,921] {spark_submit.py:514} INFO - 22/02/09 23:01:58 INFO ResourceProfile: Default ResourceProfile created, executor resources: Map(cores -> name: cores, amount: 1, script: , vendor: , memory -> name: memory, amount: 1024, script: , vendor: , offHeap -> name: offHeap, amount: 0, script: , vendor: ), task resources: Map(cpus -> name: cpus, amount: 1.0)
[2022-02-09 23:01:58,950] {spark_submit.py:514} INFO - 22/02/09 23:01:58 INFO ResourceProfile: Limiting resource is cpu
[2022-02-09 23:01:58,952] {spark_submit.py:514} INFO - 22/02/09 23:01:58 INFO ResourceProfileManager: Added ResourceProfile id: 0
[2022-02-09 23:01:59,339] {spark_submit.py:514} INFO - 22/02/09 23:01:59 INFO SecurityManager: Changing view acls to: default
[2022-02-09 23:01:59,341] {spark_submit.py:514} INFO - 22/02/09 23:01:59 INFO SecurityManager: Changing modify acls to: default
[2022-02-09 23:01:59,343] {spark_submit.py:514} INFO - 22/02/09 23:01:59 INFO SecurityManager: Changing view acls groups to:
[2022-02-09 23:01:59,344] {spark_submit.py:514} INFO - 22/02/09 23:01:59 INFO SecurityManager: Changing modify acls groups to:
[2022-02-09 23:01:59,345] {spark_submit.py:514} INFO - 22/02/09 23:01:59 INFO SecurityManager: SecurityManager: authentication disabled; ui acls disabled; users  with view permissions: Set(default); groups with view permissions: Set(); users  with modify permissions: Set(default); groups with modify permissions: Set()
[2022-02-09 23:02:01,620] {spark_submit.py:514} INFO - 22/02/09 23:02:01 INFO Utils: Successfully started service 'sparkDriver' on port 33373.
[2022-02-09 23:02:01,869] {spark_submit.py:514} INFO - 22/02/09 23:02:01 INFO SparkEnv: Registering MapOutputTracker
[2022-02-09 23:02:01,963] {spark_submit.py:514} INFO - 22/02/09 23:02:01 INFO SparkEnv: Registering BlockManagerMaster
[2022-02-09 23:02:02,057] {spark_submit.py:514} INFO - 22/02/09 23:02:02 INFO BlockManagerMasterEndpoint: Using org.apache.spark.storage.DefaultTopologyMapper for getting topology information
[2022-02-09 23:02:02,058] {spark_submit.py:514} INFO - 22/02/09 23:02:02 INFO BlockManagerMasterEndpoint: BlockManagerMasterEndpoint up
[2022-02-09 23:02:02,080] {spark_submit.py:514} INFO - 22/02/09 23:02:02 INFO SparkEnv: Registering BlockManagerMasterHeartbeat
[2022-02-09 23:02:02,163] {spark_submit.py:514} INFO - 22/02/09 23:02:02 INFO DiskBlockManager: Created local directory at /tmp/blockmgr-da1c2b90-fff6-4a18-9759-0f244ae00515
[2022-02-09 23:02:02,222] {spark_submit.py:514} INFO - 22/02/09 23:02:02 INFO MemoryStore: MemoryStore started with capacity 434.4 MiB
[2022-02-09 23:02:02,287] {spark_submit.py:514} INFO - 22/02/09 23:02:02 INFO SparkEnv: Registering OutputCommitCoordinator
[2022-02-09 23:02:03,266] {spark_submit.py:514} INFO - 22/02/09 23:02:03 INFO Utils: Successfully started service 'SparkUI' on port 4040.
[2022-02-09 23:02:03,425] {spark_submit.py:514} INFO - 22/02/09 23:02:03 INFO SparkUI: Bound SparkUI to 0.0.0.0, and started at http://d037e04b36e5:4040
[2022-02-09 23:02:04,362] {spark_submit.py:514} INFO - 22/02/09 23:02:04 INFO StandaloneAppClient$ClientEndpoint: Connecting to master spark://spark:7077...
[2022-02-09 23:02:04,575] {spark_submit.py:514} INFO - 22/02/09 23:02:04 INFO TransportClientFactory: Successfully created connection to spark/172.19.0.4:7077 after 124 ms (0 ms spent in bootstraps)
[2022-02-09 23:02:04,919] {spark_submit.py:514} INFO - 22/02/09 23:02:04 INFO StandaloneSchedulerBackend: Connected to Spark cluster with app ID app-20220209230204-0001
[2022-02-09 23:02:04,939] {spark_submit.py:514} INFO - 22/02/09 23:02:04 INFO StandaloneAppClient$ClientEndpoint: Executor added: app-20220209230204-0001/0 on worker-20220209224914-172.19.0.6-39039 (172.19.0.6:39039) with 1 core(s)
[2022-02-09 23:02:04,941] {spark_submit.py:514} INFO - 22/02/09 23:02:04 INFO StandaloneSchedulerBackend: Granted executor ID app-20220209230204-0001/0 on hostPort 172.19.0.6:39039 with 1 core(s), 1024.0 MiB RAM
[2022-02-09 23:02:04,963] {spark_submit.py:514} INFO - 22/02/09 23:02:04 INFO StandaloneAppClient$ClientEndpoint: Executor added: app-20220209230204-0001/1 on worker-20220209224914-172.19.0.7-42391 (172.19.0.7:42391) with 1 core(s)
[2022-02-09 23:02:04,963] {spark_submit.py:514} INFO - 22/02/09 23:02:04 INFO StandaloneSchedulerBackend: Granted executor ID app-20220209230204-0001/1 on hostPort 172.19.0.7:42391 with 1 core(s), 1024.0 MiB RAM
[2022-02-09 23:02:04,978] {spark_submit.py:514} INFO - 22/02/09 23:02:04 INFO StandaloneAppClient$ClientEndpoint: Executor added: app-20220209230204-0001/2 on worker-20220209224914-172.19.0.3-32975 (172.19.0.3:32975) with 1 core(s)
[2022-02-09 23:02:04,980] {spark_submit.py:514} INFO - 22/02/09 23:02:04 INFO StandaloneSchedulerBackend: Granted executor ID app-20220209230204-0001/2 on hostPort 172.19.0.3:32975 with 1 core(s), 1024.0 MiB RAM
[2022-02-09 23:02:05,027] {spark_submit.py:514} INFO - 22/02/09 23:02:05 INFO Utils: Successfully started service 'org.apache.spark.network.netty.NettyBlockTransferService' on port 34963.
[2022-02-09 23:02:05,028] {spark_submit.py:514} INFO - 22/02/09 23:02:05 INFO NettyBlockTransferService: Server created on d037e04b36e5:34963
[2022-02-09 23:02:05,036] {spark_submit.py:514} INFO - 22/02/09 23:02:05 INFO BlockManager: Using org.apache.spark.storage.RandomBlockReplicationPolicy for block replication policy
[2022-02-09 23:02:05,232] {spark_submit.py:514} INFO - 22/02/09 23:02:05 INFO StandaloneAppClient$ClientEndpoint: Executor updated: app-20220209230204-0001/0 is now RUNNING
[2022-02-09 23:02:05,237] {spark_submit.py:514} INFO - 22/02/09 23:02:05 INFO StandaloneAppClient$ClientEndpoint: Executor updated: app-20220209230204-0001/2 is now RUNNING
[2022-02-09 23:02:05,299] {spark_submit.py:514} INFO - 22/02/09 23:02:05 INFO BlockManagerMaster: Registering BlockManager BlockManagerId(driver, d037e04b36e5, 34963, None)
[2022-02-09 23:02:05,331] {spark_submit.py:514} INFO - 22/02/09 23:02:05 INFO BlockManagerMasterEndpoint: Registering block manager d037e04b36e5:34963 with 434.4 MiB RAM, BlockManagerId(driver, d037e04b36e5, 34963, None)
[2022-02-09 23:02:05,356] {spark_submit.py:514} INFO - 22/02/09 23:02:05 INFO BlockManagerMaster: Registered BlockManager BlockManagerId(driver, d037e04b36e5, 34963, None)
[2022-02-09 23:02:05,386] {spark_submit.py:514} INFO - 22/02/09 23:02:05 INFO BlockManager: Initialized BlockManager: BlockManagerId(driver, d037e04b36e5, 34963, None)
[2022-02-09 23:02:06,460] {spark_submit.py:514} INFO - 22/02/09 23:02:06 INFO StandaloneAppClient$ClientEndpoint: Executor updated: app-20220209230204-0001/1 is now RUNNING
[2022-02-09 23:02:07,738] {spark_submit.py:514} INFO - 22/02/09 23:02:07 INFO StandaloneSchedulerBackend: SchedulerBackend is ready for scheduling beginning after reached minRegisteredResourcesRatio: 0.0
[2022-02-09 23:02:10,054] {spark_submit.py:514} INFO - 22/02/09 23:02:10 INFO MemoryStore: Block broadcast_0 stored as values in memory (estimated size 219.7 KiB, free 434.2 MiB)
[2022-02-09 23:02:10,302] {spark_submit.py:514} INFO - 22/02/09 23:02:10 INFO MemoryStore: Block broadcast_0_piece0 stored as bytes in memory (estimated size 32.1 KiB, free 434.2 MiB)
[2022-02-09 23:02:10,307] {spark_submit.py:514} INFO - 22/02/09 23:02:10 INFO BlockManagerInfo: Added broadcast_0_piece0 in memory on d037e04b36e5:34963 (size: 32.1 KiB, free: 434.4 MiB)
[2022-02-09 23:02:10,314] {spark_submit.py:514} INFO - 22/02/09 23:02:10 INFO SparkContext: Created broadcast 0 from textFile at NativeMethodAccessorImpl.java:0
[2022-02-09 23:02:12,290] {spark_submit.py:514} INFO - 22/02/09 23:02:12 INFO FileInputFormat: Total input files to process : 1
[2022-02-09 23:02:12,572] {spark_submit.py:514} INFO - 22/02/09 23:02:12 INFO SparkContext: Starting job: collect at /opt/bitnami/spark/app/test.py:30
[2022-02-09 23:02:12,613] {spark_submit.py:514} INFO - 22/02/09 23:02:12 INFO DAGScheduler: Got job 0 (collect at /opt/bitnami/spark/app/test.py:30) with 2 output partitions
[2022-02-09 23:02:12,614] {spark_submit.py:514} INFO - 22/02/09 23:02:12 INFO DAGScheduler: Final stage: ResultStage 0 (collect at /opt/bitnami/spark/app/test.py:30)
[2022-02-09 23:02:12,615] {spark_submit.py:514} INFO - 22/02/09 23:02:12 INFO DAGScheduler: Parents of final stage: List()
[2022-02-09 23:02:12,619] {spark_submit.py:514} INFO - 22/02/09 23:02:12 INFO DAGScheduler: Missing parents: List()
[2022-02-09 23:02:12,632] {spark_submit.py:514} INFO - 22/02/09 23:02:12 INFO DAGScheduler: Submitting ResultStage 0 (PythonRDD[2] at collect at /opt/bitnami/spark/app/test.py:30), which has no missing parents
[2022-02-09 23:02:12,721] {spark_submit.py:514} INFO - 22/02/09 23:02:12 INFO MemoryStore: Block broadcast_1 stored as values in memory (estimated size 7.6 KiB, free 434.1 MiB)
[2022-02-09 23:02:12,727] {spark_submit.py:514} INFO - 22/02/09 23:02:12 INFO MemoryStore: Block broadcast_1_piece0 stored as bytes in memory (estimated size 4.7 KiB, free 434.1 MiB)
[2022-02-09 23:02:12,730] {spark_submit.py:514} INFO - 22/02/09 23:02:12 INFO BlockManagerInfo: Added broadcast_1_piece0 in memory on d037e04b36e5:34963 (size: 4.7 KiB, free: 434.4 MiB)
[2022-02-09 23:02:12,733] {spark_submit.py:514} INFO - 22/02/09 23:02:12 INFO SparkContext: Created broadcast 1 from broadcast at DAGScheduler.scala:1478
[2022-02-09 23:02:12,784] {spark_submit.py:514} INFO - 22/02/09 23:02:12 INFO DAGScheduler: Submitting 2 missing tasks from ResultStage 0 (PythonRDD[2] at collect at /opt/bitnami/spark/app/test.py:30) (first 15 tasks are for partitions Vector(0, 1))
[2022-02-09 23:02:12,787] {spark_submit.py:514} INFO - 22/02/09 23:02:12 INFO TaskSchedulerImpl: Adding task set 0.0 with 2 tasks resource profile 0
[2022-02-09 23:02:27,845] {spark_submit.py:514} INFO - 22/02/09 23:02:27 WARN TaskSchedulerImpl: Initial job has not accepted any resources; check your cluster UI to ensure that workers are registered and have sufficient resources
[2022-02-09 23:02:42,843] {spark_submit.py:514} INFO - 22/02/09 23:02:42 WARN TaskSchedulerImpl: Initial job has not accepted any resources; check your cluster UI to ensure that workers are registered and have sufficient resources
[2022-02-09 23:02:57,844] {spark_submit.py:514} INFO - 22/02/09 23:02:57 WARN TaskSchedulerImpl: Initial job has not accepted any resources; check your cluster UI to ensure that workers are registered and have sufficient resources
[2022-02-09 23:03:12,843] {spark_submit.py:514} INFO - 22/02/09 23:03:12 WARN TaskSchedulerImpl: Initial job has not accepted any resources; check your cluster UI to ensure that workers are registered and have sufficient resources
[2022-02-09 23:03:27,844] {spark_submit.py:514} INFO - 22/02/09 23:03:27 WARN TaskSchedulerImpl: Initial job has not accepted any resources; check your cluster UI to ensure that workers are registered and have sufficient resources
[2022-02-09 23:03:37,924] {spark_submit.py:514} INFO - 22/02/09 23:03:37 INFO CoarseGrainedSchedulerBackend$DriverEndpoint: Registered executor NettyRpcEndpointRef(spark-client://Executor) (172.19.0.3:47256) with ID 2,  ResourceProfileId 0
[2022-02-09 23:03:37,938] {spark_submit.py:514} INFO - 22/02/09 23:03:37 INFO CoarseGrainedSchedulerBackend$DriverEndpoint: Registered executor NettyRpcEndpointRef(spark-client://Executor) (172.19.0.7:51334) with ID 1,  ResourceProfileId 0
[2022-02-09 23:03:37,968] {spark_submit.py:514} INFO - 22/02/09 23:03:37 INFO CoarseGrainedSchedulerBackend$DriverEndpoint: Registered executor NettyRpcEndpointRef(spark-client://Executor) (172.19.0.6:52280) with ID 0,  ResourceProfileId 0
[2022-02-09 23:03:40,702] {spark_submit.py:514} INFO - 22/02/09 23:03:40 INFO BlockManagerMasterEndpoint: Registering block manager 172.19.0.6:42599 with 366.3 MiB RAM, BlockManagerId(0, 172.19.0.6, 42599, None)
[2022-02-09 23:03:40,706] {spark_submit.py:514} INFO - 22/02/09 23:03:40 INFO BlockManagerMasterEndpoint: Registering block manager 172.19.0.3:39815 with 366.3 MiB RAM, BlockManagerId(2, 172.19.0.3, 39815, None)
[2022-02-09 23:03:40,710] {spark_submit.py:514} INFO - 22/02/09 23:03:40 INFO BlockManagerMasterEndpoint: Registering block manager 172.19.0.7:37203 with 366.3 MiB RAM, BlockManagerId(1, 172.19.0.7, 37203, None)
[2022-02-09 23:03:41,243] {spark_submit.py:514} INFO - 22/02/09 23:03:41 INFO TaskSetManager: Starting task 0.0 in stage 0.0 (TID 0) (172.19.0.7, executor 1, partition 0, PROCESS_LOCAL, 4510 bytes) taskResourceAssignments Map()
[2022-02-09 23:03:41,311] {spark_submit.py:514} INFO - 22/02/09 23:03:41 INFO TaskSetManager: Starting task 1.0 in stage 0.0 (TID 1) (172.19.0.3, executor 2, partition 1, PROCESS_LOCAL, 4510 bytes) taskResourceAssignments Map()
[2022-02-09 23:03:45,556] {spark_submit.py:514} INFO - 22/02/09 23:03:45 INFO BlockManagerInfo: Added broadcast_1_piece0 in memory on 172.19.0.7:37203 (size: 4.7 KiB, free: 366.3 MiB)
[2022-02-09 23:03:45,559] {spark_submit.py:514} INFO - 22/02/09 23:03:45 INFO BlockManagerInfo: Added broadcast_1_piece0 in memory on 172.19.0.3:39815 (size: 4.7 KiB, free: 366.3 MiB)
[2022-02-09 23:03:48,708] {spark_submit.py:514} INFO - 22/02/09 23:03:48 INFO BlockManagerInfo: Added broadcast_0_piece0 in memory on 172.19.0.7:37203 (size: 32.1 KiB, free: 366.3 MiB)
[2022-02-09 23:03:48,709] {spark_submit.py:514} INFO - 22/02/09 23:03:48 INFO BlockManagerInfo: Added broadcast_0_piece0 in memory on 172.19.0.3:39815 (size: 32.1 KiB, free: 366.3 MiB)
[2022-02-09 23:03:58,670] {spark_submit.py:514} INFO - 22/02/09 23:03:58 WARN TaskSetManager: Lost task 1.0 in stage 0.0 (TID 1) (172.19.0.3 executor 2): org.apache.spark.api.python.PythonException: Traceback (most recent call last):
[2022-02-09 23:03:58,670] {spark_submit.py:514} INFO - File "/opt/bitnami/spark/python/lib/pyspark.zip/pyspark/worker.py", line 601, in main
[2022-02-09 23:03:58,670] {spark_submit.py:514} INFO - func, profiler, deserializer, serializer = read_command(pickleSer, infile)
[2022-02-09 23:03:58,671] {spark_submit.py:514} INFO - File "/opt/bitnami/spark/python/lib/pyspark.zip/pyspark/worker.py", line 71, in read_command
[2022-02-09 23:03:58,671] {spark_submit.py:514} INFO - command = serializer._read_with_length(file)
[2022-02-09 23:03:58,671] {spark_submit.py:514} INFO - File "/opt/bitnami/spark/python/lib/pyspark.zip/pyspark/serializers.py", line 160, in _read_with_length
[2022-02-09 23:03:58,671] {spark_submit.py:514} INFO - return self.loads(obj)
[2022-02-09 23:03:58,671] {spark_submit.py:514} INFO - File "/opt/bitnami/spark/python/lib/pyspark.zip/pyspark/serializers.py", line 430, in loads
[2022-02-09 23:03:58,671] {spark_submit.py:514} INFO - return pickle.loads(obj, encoding=encoding)
[2022-02-09 23:03:58,671] {spark_submit.py:514} INFO - ModuleNotFoundError: No module named 'bs4'
[2022-02-09 23:03:58,671] {spark_submit.py:514} INFO - 
[2022-02-09 23:03:58,672] {spark_submit.py:514} INFO - at org.apache.spark.api.python.BasePythonRunner$ReaderIterator.handlePythonException(PythonRunner.scala:555)
[2022-02-09 23:03:58,672] {spark_submit.py:514} INFO - at org.apache.spark.api.python.PythonRunner$$anon$3.read(PythonRunner.scala:713)
[2022-02-09 23:03:58,672] {spark_submit.py:514} INFO - at org.apache.spark.api.python.PythonRunner$$anon$3.read(PythonRunner.scala:695)
[2022-02-09 23:03:58,672] {spark_submit.py:514} INFO - at org.apache.spark.api.python.BasePythonRunner$ReaderIterator.hasNext(PythonRunner.scala:508)
[2022-02-09 23:03:58,672] {spark_submit.py:514} INFO - at org.apache.spark.InterruptibleIterator.hasNext(InterruptibleIterator.scala:37)
[2022-02-09 23:03:58,672] {spark_submit.py:514} INFO - at scala.collection.Iterator.foreach(Iterator.scala:943)
[2022-02-09 23:03:58,672] {spark_submit.py:514} INFO - at scala.collection.Iterator.foreach$(Iterator.scala:943)
[2022-02-09 23:03:58,672] {spark_submit.py:514} INFO - at org.apache.spark.InterruptibleIterator.foreach(InterruptibleIterator.scala:28)
[2022-02-09 23:03:58,672] {spark_submit.py:514} INFO - at scala.collection.generic.Growable.$plus$plus$eq(Growable.scala:62)
[2022-02-09 23:03:58,672] {spark_submit.py:514} INFO - at scala.collection.generic.Growable.$plus$plus$eq$(Growable.scala:53)
[2022-02-09 23:03:58,672] {spark_submit.py:514} INFO - at scala.collection.mutable.ArrayBuffer.$plus$plus$eq(ArrayBuffer.scala:105)
[2022-02-09 23:03:58,673] {spark_submit.py:514} INFO - at scala.collection.mutable.ArrayBuffer.$plus$plus$eq(ArrayBuffer.scala:49)
[2022-02-09 23:03:58,673] {spark_submit.py:514} INFO - at scala.collection.TraversableOnce.to(TraversableOnce.scala:366)
[2022-02-09 23:03:58,673] {spark_submit.py:514} INFO - at scala.collection.TraversableOnce.to$(TraversableOnce.scala:364)
[2022-02-09 23:03:58,673] {spark_submit.py:514} INFO - at org.apache.spark.InterruptibleIterator.to(InterruptibleIterator.scala:28)
[2022-02-09 23:03:58,673] {spark_submit.py:514} INFO - at scala.collection.TraversableOnce.toBuffer(TraversableOnce.scala:358)
[2022-02-09 23:03:58,673] {spark_submit.py:514} INFO - at scala.collection.TraversableOnce.toBuffer$(TraversableOnce.scala:358)
[2022-02-09 23:03:58,673] {spark_submit.py:514} INFO - at org.apache.spark.InterruptibleIterator.toBuffer(InterruptibleIterator.scala:28)
[2022-02-09 23:03:58,673] {spark_submit.py:514} INFO - at scala.collection.TraversableOnce.toArray(TraversableOnce.scala:345)
[2022-02-09 23:03:58,673] {spark_submit.py:514} INFO - at scala.collection.TraversableOnce.toArray$(TraversableOnce.scala:339)
[2022-02-09 23:03:58,674] {spark_submit.py:514} INFO - at org.apache.spark.InterruptibleIterator.toArray(InterruptibleIterator.scala:28)
[2022-02-09 23:03:58,674] {spark_submit.py:514} INFO - at org.apache.spark.rdd.RDD.$anonfun$collect$2(RDD.scala:1030)
[2022-02-09 23:03:58,674] {spark_submit.py:514} INFO - at org.apache.spark.SparkContext.$anonfun$runJob$5(SparkContext.scala:2254)
[2022-02-09 23:03:58,674] {spark_submit.py:514} INFO - at org.apache.spark.scheduler.ResultTask.runTask(ResultTask.scala:90)
[2022-02-09 23:03:58,674] {spark_submit.py:514} INFO - at org.apache.spark.scheduler.Task.run(Task.scala:131)
[2022-02-09 23:03:58,674] {spark_submit.py:514} INFO - at org.apache.spark.executor.Executor$TaskRunner.$anonfun$run$3(Executor.scala:506)
[2022-02-09 23:03:58,674] {spark_submit.py:514} INFO - at org.apache.spark.util.Utils$.tryWithSafeFinally(Utils.scala:1462)
[2022-02-09 23:03:58,674] {spark_submit.py:514} INFO - at org.apache.spark.executor.Executor$TaskRunner.run(Executor.scala:509)
[2022-02-09 23:03:58,674] {spark_submit.py:514} INFO - at java.util.concurrent.ThreadPoolExecutor.runWorker(ThreadPoolExecutor.java:1149)
[2022-02-09 23:03:58,674] {spark_submit.py:514} INFO - at java.util.concurrent.ThreadPoolExecutor$Worker.run(ThreadPoolExecutor.java:624)
[2022-02-09 23:03:58,674] {spark_submit.py:514} INFO - at java.lang.Thread.run(Thread.java:750)
[2022-02-09 23:03:58,675] {spark_submit.py:514} INFO - 
[2022-02-09 23:03:58,710] {spark_submit.py:514} INFO - 22/02/09 23:03:58 INFO TaskSetManager: Lost task 0.0 in stage 0.0 (TID 0) on 172.19.0.7, executor 1: org.apache.spark.api.python.PythonException (Traceback (most recent call last):
[2022-02-09 23:03:58,710] {spark_submit.py:514} INFO - File "/opt/bitnami/spark/python/lib/pyspark.zip/pyspark/worker.py", line 601, in main
[2022-02-09 23:03:58,710] {spark_submit.py:514} INFO - func, profiler, deserializer, serializer = read_command(pickleSer, infile)
[2022-02-09 23:03:58,711] {spark_submit.py:514} INFO - File "/opt/bitnami/spark/python/lib/pyspark.zip/pyspark/worker.py", line 71, in read_command
[2022-02-09 23:03:58,711] {spark_submit.py:514} INFO - command = serializer._read_with_length(file)
[2022-02-09 23:03:58,711] {spark_submit.py:514} INFO - File "/opt/bitnami/spark/python/lib/pyspark.zip/pyspark/serializers.py", line 160, in _read_with_length
[2022-02-09 23:03:58,711] {spark_submit.py:514} INFO - return self.loads(obj)
[2022-02-09 23:03:58,711] {spark_submit.py:514} INFO - File "/opt/bitnami/spark/python/lib/pyspark.zip/pyspark/serializers.py", line 430, in loads
[2022-02-09 23:03:58,711] {spark_submit.py:514} INFO - return pickle.loads(obj, encoding=encoding)
[2022-02-09 23:03:58,713] {spark_submit.py:514} INFO - ModuleNotFoundError: No module named 'bs4'
[2022-02-09 23:03:58,713] {spark_submit.py:514} INFO - ) [duplicate 1]
[2022-02-09 23:03:58,713] {spark_submit.py:514} INFO - 22/02/09 23:03:58 INFO TaskSetManager: Starting task 0.1 in stage 0.0 (TID 2) (172.19.0.6, executor 0, partition 0, PROCESS_LOCAL, 4510 bytes) taskResourceAssignments Map()
[2022-02-09 23:03:58,713] {spark_submit.py:514} INFO - 22/02/09 23:03:58 INFO TaskSetManager: Starting task 1.1 in stage 0.0 (TID 3) (172.19.0.7, executor 1, partition 1, PROCESS_LOCAL, 4510 bytes) taskResourceAssignments Map()
[2022-02-09 23:03:58,888] {spark_submit.py:514} INFO - 22/02/09 23:03:58 INFO TaskSetManager: Lost task 1.1 in stage 0.0 (TID 3) on 172.19.0.7, executor 1: org.apache.spark.api.python.PythonException (Traceback (most recent call last):
[2022-02-09 23:03:58,889] {spark_submit.py:514} INFO - File "/opt/bitnami/spark/python/lib/pyspark.zip/pyspark/worker.py", line 601, in main
[2022-02-09 23:03:58,889] {spark_submit.py:514} INFO - func, profiler, deserializer, serializer = read_command(pickleSer, infile)
[2022-02-09 23:03:58,889] {spark_submit.py:514} INFO - File "/opt/bitnami/spark/python/lib/pyspark.zip/pyspark/worker.py", line 71, in read_command
[2022-02-09 23:03:58,889] {spark_submit.py:514} INFO - command = serializer._read_with_length(file)
[2022-02-09 23:03:58,890] {spark_submit.py:514} INFO - File "/opt/bitnami/spark/python/lib/pyspark.zip/pyspark/serializers.py", line 160, in _read_with_length
[2022-02-09 23:03:58,890] {spark_submit.py:514} INFO - return self.loads(obj)
[2022-02-09 23:03:58,890] {spark_submit.py:514} INFO - File "/opt/bitnami/spark/python/lib/pyspark.zip/pyspark/serializers.py", line 430, in loads
[2022-02-09 23:03:58,890] {spark_submit.py:514} INFO - return pickle.loads(obj, encoding=encoding)
[2022-02-09 23:03:58,890] {spark_submit.py:514} INFO - ModuleNotFoundError: No module named 'bs4'
[2022-02-09 23:03:58,890] {spark_submit.py:514} INFO - ) [duplicate 2]
[2022-02-09 23:03:58,895] {spark_submit.py:514} INFO - 22/02/09 23:03:58 INFO TaskSetManager: Starting task 1.2 in stage 0.0 (TID 4) (172.19.0.7, executor 1, partition 1, PROCESS_LOCAL, 4510 bytes) taskResourceAssignments Map()
[2022-02-09 23:03:59,095] {spark_submit.py:514} INFO - 22/02/09 23:03:59 INFO TaskSetManager: Lost task 1.2 in stage 0.0 (TID 4) on 172.19.0.7, executor 1: org.apache.spark.api.python.PythonException (Traceback (most recent call last):
[2022-02-09 23:03:59,096] {spark_submit.py:514} INFO - File "/opt/bitnami/spark/python/lib/pyspark.zip/pyspark/worker.py", line 601, in main
[2022-02-09 23:03:59,096] {spark_submit.py:514} INFO - func, profiler, deserializer, serializer = read_command(pickleSer, infile)
[2022-02-09 23:03:59,096] {spark_submit.py:514} INFO - File "/opt/bitnami/spark/python/lib/pyspark.zip/pyspark/worker.py", line 71, in read_command
[2022-02-09 23:03:59,096] {spark_submit.py:514} INFO - command = serializer._read_with_length(file)
[2022-02-09 23:03:59,096] {spark_submit.py:514} INFO - File "/opt/bitnami/spark/python/lib/pyspark.zip/pyspark/serializers.py", line 160, in _read_with_length
[2022-02-09 23:03:59,096] {spark_submit.py:514} INFO - return self.loads(obj)
[2022-02-09 23:03:59,097] {spark_submit.py:514} INFO - File "/opt/bitnami/spark/python/lib/pyspark.zip/pyspark/serializers.py", line 430, in loads
[2022-02-09 23:03:59,097] {spark_submit.py:514} INFO - return pickle.loads(obj, encoding=encoding)
[2022-02-09 23:03:59,097] {spark_submit.py:514} INFO - ModuleNotFoundError: No module named 'bs4'
[2022-02-09 23:03:59,097] {spark_submit.py:514} INFO - ) [duplicate 3]
[2022-02-09 23:03:59,097] {spark_submit.py:514} INFO - 22/02/09 23:03:59 INFO TaskSetManager: Starting task 1.3 in stage 0.0 (TID 5) (172.19.0.3, executor 2, partition 1, PROCESS_LOCAL, 4510 bytes) taskResourceAssignments Map()
[2022-02-09 23:03:59,317] {spark_submit.py:514} INFO - 22/02/09 23:03:59 INFO TaskSetManager: Lost task 1.3 in stage 0.0 (TID 5) on 172.19.0.3, executor 2: org.apache.spark.api.python.PythonException (Traceback (most recent call last):
[2022-02-09 23:03:59,318] {spark_submit.py:514} INFO - File "/opt/bitnami/spark/python/lib/pyspark.zip/pyspark/worker.py", line 601, in main
[2022-02-09 23:03:59,318] {spark_submit.py:514} INFO - func, profiler, deserializer, serializer = read_command(pickleSer, infile)
[2022-02-09 23:03:59,318] {spark_submit.py:514} INFO - File "/opt/bitnami/spark/python/lib/pyspark.zip/pyspark/worker.py", line 71, in read_command
[2022-02-09 23:03:59,318] {spark_submit.py:514} INFO - command = serializer._read_with_length(file)
[2022-02-09 23:03:59,318] {spark_submit.py:514} INFO - File "/opt/bitnami/spark/python/lib/pyspark.zip/pyspark/serializers.py", line 160, in _read_with_length
[2022-02-09 23:03:59,318] {spark_submit.py:514} INFO - return self.loads(obj)
[2022-02-09 23:03:59,319] {spark_submit.py:514} INFO - File "/opt/bitnami/spark/python/lib/pyspark.zip/pyspark/serializers.py", line 430, in loads
[2022-02-09 23:03:59,319] {spark_submit.py:514} INFO - return pickle.loads(obj, encoding=encoding)
[2022-02-09 23:03:59,319] {spark_submit.py:514} INFO - ModuleNotFoundError: No module named 'bs4'
[2022-02-09 23:03:59,319] {spark_submit.py:514} INFO - ) [duplicate 4]
[2022-02-09 23:03:59,319] {spark_submit.py:514} INFO - 22/02/09 23:03:59 ERROR TaskSetManager: Task 1 in stage 0.0 failed 4 times; aborting job
[2022-02-09 23:03:59,364] {spark_submit.py:514} INFO - 22/02/09 23:03:59 INFO TaskSchedulerImpl: Cancelling stage 0
[2022-02-09 23:03:59,365] {spark_submit.py:514} INFO - 22/02/09 23:03:59 INFO TaskSchedulerImpl: Killing all running tasks in stage 0: Stage cancelled
[2022-02-09 23:03:59,385] {spark_submit.py:514} INFO - 22/02/09 23:03:59 INFO TaskSchedulerImpl: Stage 0 was cancelled
[2022-02-09 23:03:59,592] {spark_submit.py:514} INFO - 22/02/09 23:03:59 INFO DAGScheduler: ResultStage 0 (collect at /opt/bitnami/spark/app/test.py:30) failed in 106.691 s due to Job aborted due to stage failure: Task 1 in stage 0.0 failed 4 times, most recent failure: Lost task 1.3 in stage 0.0 (TID 5) (172.19.0.3 executor 2): org.apache.spark.api.python.PythonException: Traceback (most recent call last):
[2022-02-09 23:03:59,593] {spark_submit.py:514} INFO - File "/opt/bitnami/spark/python/lib/pyspark.zip/pyspark/worker.py", line 601, in main
[2022-02-09 23:03:59,593] {spark_submit.py:514} INFO - func, profiler, deserializer, serializer = read_command(pickleSer, infile)
[2022-02-09 23:03:59,593] {spark_submit.py:514} INFO - File "/opt/bitnami/spark/python/lib/pyspark.zip/pyspark/worker.py", line 71, in read_command
[2022-02-09 23:03:59,594] {spark_submit.py:514} INFO - command = serializer._read_with_length(file)
[2022-02-09 23:03:59,594] {spark_submit.py:514} INFO - File "/opt/bitnami/spark/python/lib/pyspark.zip/pyspark/serializers.py", line 160, in _read_with_length
[2022-02-09 23:03:59,594] {spark_submit.py:514} INFO - return self.loads(obj)
[2022-02-09 23:03:59,594] {spark_submit.py:514} INFO - File "/opt/bitnami/spark/python/lib/pyspark.zip/pyspark/serializers.py", line 430, in loads
[2022-02-09 23:03:59,594] {spark_submit.py:514} INFO - return pickle.loads(obj, encoding=encoding)
[2022-02-09 23:03:59,594] {spark_submit.py:514} INFO - ModuleNotFoundError: No module named 'bs4'
[2022-02-09 23:03:59,594] {spark_submit.py:514} INFO - 
[2022-02-09 23:03:59,595] {spark_submit.py:514} INFO - at org.apache.spark.api.python.BasePythonRunner$ReaderIterator.handlePythonException(PythonRunner.scala:555)
[2022-02-09 23:03:59,595] {spark_submit.py:514} INFO - at org.apache.spark.api.python.PythonRunner$$anon$3.read(PythonRunner.scala:713)
[2022-02-09 23:03:59,595] {spark_submit.py:514} INFO - at org.apache.spark.api.python.PythonRunner$$anon$3.read(PythonRunner.scala:695)
[2022-02-09 23:03:59,595] {spark_submit.py:514} INFO - at org.apache.spark.api.python.BasePythonRunner$ReaderIterator.hasNext(PythonRunner.scala:508)
[2022-02-09 23:03:59,595] {spark_submit.py:514} INFO - at org.apache.spark.InterruptibleIterator.hasNext(InterruptibleIterator.scala:37)
[2022-02-09 23:03:59,595] {spark_submit.py:514} INFO - at scala.collection.Iterator.foreach(Iterator.scala:943)
[2022-02-09 23:03:59,595] {spark_submit.py:514} INFO - at scala.collection.Iterator.foreach$(Iterator.scala:943)
[2022-02-09 23:03:59,596] {spark_submit.py:514} INFO - at org.apache.spark.InterruptibleIterator.foreach(InterruptibleIterator.scala:28)
[2022-02-09 23:03:59,596] {spark_submit.py:514} INFO - at scala.collection.generic.Growable.$plus$plus$eq(Growable.scala:62)
[2022-02-09 23:03:59,596] {spark_submit.py:514} INFO - at scala.collection.generic.Growable.$plus$plus$eq$(Growable.scala:53)
[2022-02-09 23:03:59,596] {spark_submit.py:514} INFO - at scala.collection.mutable.ArrayBuffer.$plus$plus$eq(ArrayBuffer.scala:105)
[2022-02-09 23:03:59,596] {spark_submit.py:514} INFO - at scala.collection.mutable.ArrayBuffer.$plus$plus$eq(ArrayBuffer.scala:49)
[2022-02-09 23:03:59,596] {spark_submit.py:514} INFO - at scala.collection.TraversableOnce.to(TraversableOnce.scala:366)
[2022-02-09 23:03:59,596] {spark_submit.py:514} INFO - at scala.collection.TraversableOnce.to$(TraversableOnce.scala:364)
[2022-02-09 23:03:59,597] {spark_submit.py:514} INFO - at org.apache.spark.InterruptibleIterator.to(InterruptibleIterator.scala:28)
[2022-02-09 23:03:59,597] {spark_submit.py:514} INFO - at scala.collection.TraversableOnce.toBuffer(TraversableOnce.scala:358)
[2022-02-09 23:03:59,597] {spark_submit.py:514} INFO - at scala.collection.TraversableOnce.toBuffer$(TraversableOnce.scala:358)
[2022-02-09 23:03:59,597] {spark_submit.py:514} INFO - at org.apache.spark.InterruptibleIterator.toBuffer(InterruptibleIterator.scala:28)
[2022-02-09 23:03:59,597] {spark_submit.py:514} INFO - at scala.collection.TraversableOnce.toArray(TraversableOnce.scala:345)
[2022-02-09 23:03:59,597] {spark_submit.py:514} INFO - at scala.collection.TraversableOnce.toArray$(TraversableOnce.scala:339)
[2022-02-09 23:03:59,597] {spark_submit.py:514} INFO - at org.apache.spark.InterruptibleIterator.toArray(InterruptibleIterator.scala:28)
[2022-02-09 23:03:59,598] {spark_submit.py:514} INFO - at org.apache.spark.rdd.RDD.$anonfun$collect$2(RDD.scala:1030)
[2022-02-09 23:03:59,598] {spark_submit.py:514} INFO - at org.apache.spark.SparkContext.$anonfun$runJob$5(SparkContext.scala:2254)
[2022-02-09 23:03:59,598] {spark_submit.py:514} INFO - at org.apache.spark.scheduler.ResultTask.runTask(ResultTask.scala:90)
[2022-02-09 23:03:59,598] {spark_submit.py:514} INFO - at org.apache.spark.scheduler.Task.run(Task.scala:131)
[2022-02-09 23:03:59,598] {spark_submit.py:514} INFO - at org.apache.spark.executor.Executor$TaskRunner.$anonfun$run$3(Executor.scala:506)
[2022-02-09 23:03:59,598] {spark_submit.py:514} INFO - at org.apache.spark.util.Utils$.tryWithSafeFinally(Utils.scala:1462)
[2022-02-09 23:03:59,598] {spark_submit.py:514} INFO - at org.apache.spark.executor.Executor$TaskRunner.run(Executor.scala:509)
[2022-02-09 23:03:59,599] {spark_submit.py:514} INFO - at java.util.concurrent.ThreadPoolExecutor.runWorker(ThreadPoolExecutor.java:1149)
[2022-02-09 23:03:59,599] {spark_submit.py:514} INFO - at java.util.concurrent.ThreadPoolExecutor$Worker.run(ThreadPoolExecutor.java:624)
[2022-02-09 23:03:59,599] {spark_submit.py:514} INFO - at java.lang.Thread.run(Thread.java:750)
[2022-02-09 23:03:59,606] {spark_submit.py:514} INFO - 
[2022-02-09 23:03:59,606] {spark_submit.py:514} INFO - Driver stacktrace:
[2022-02-09 23:03:59,607] {spark_submit.py:514} INFO - 22/02/09 23:03:59 INFO BlockManagerInfo: Added broadcast_1_piece0 in memory on 172.19.0.6:42599 (size: 4.7 KiB, free: 366.3 MiB)
[2022-02-09 23:03:59,607] {spark_submit.py:514} INFO - 22/02/09 23:03:59 INFO DAGScheduler: Job 0 failed: collect at /opt/bitnami/spark/app/test.py:30, took 107.032865 s
[2022-02-09 23:03:59,628] {spark_submit.py:514} INFO - Traceback (most recent call last):
[2022-02-09 23:03:59,628] {spark_submit.py:514} INFO - File "/opt/bitnami/spark/app/test.py", line 39, in <module>
[2022-02-09 23:03:59,660] {spark_submit.py:514} INFO - spark_job()
[2022-02-09 23:03:59,660] {spark_submit.py:514} INFO - File "/opt/bitnami/spark/app/test.py", line 30, in spark_job
[2022-02-09 23:03:59,661] {spark_submit.py:514} INFO - temp_rdd = temp.collect()
[2022-02-09 23:03:59,661] {spark_submit.py:514} INFO - File "/home/***/.local/lib/python3.8/site-packages/pyspark/python/lib/pyspark.zip/pyspark/rdd.py", line 950, in collect
[2022-02-09 23:04:00,943] {spark_submit.py:514} INFO - File "/home/***/.local/lib/python3.8/site-packages/pyspark/python/lib/py4j-0.10.9.3-src.zip/py4j/java_gateway.py", line 1321, in __call__
[2022-02-09 23:04:00,948] {spark_submit.py:514} INFO - File "/home/***/.local/lib/python3.8/site-packages/pyspark/python/lib/py4j-0.10.9.3-src.zip/py4j/protocol.py", line 326, in get_return_value
[2022-02-09 23:04:01,094] {spark_submit.py:514} INFO - py4j.protocol.Py4JJavaError: An error occurred while calling z:org.apache.spark.api.python.PythonRDD.collectAndServe.
[2022-02-09 23:04:01,095] {spark_submit.py:514} INFO - : org.apache.spark.SparkException: Job aborted due to stage failure: Task 1 in stage 0.0 failed 4 times, most recent failure: Lost task 1.3 in stage 0.0 (TID 5) (172.19.0.3 executor 2): org.apache.spark.api.python.PythonException: Traceback (most recent call last):
[2022-02-09 23:04:01,095] {spark_submit.py:514} INFO - File "/opt/bitnami/spark/python/lib/pyspark.zip/pyspark/worker.py", line 601, in main
[2022-02-09 23:04:01,095] {spark_submit.py:514} INFO - func, profiler, deserializer, serializer = read_command(pickleSer, infile)
[2022-02-09 23:04:01,095] {spark_submit.py:514} INFO - File "/opt/bitnami/spark/python/lib/pyspark.zip/pyspark/worker.py", line 71, in read_command
[2022-02-09 23:04:01,099] {spark_submit.py:514} INFO - command = serializer._read_with_length(file)
[2022-02-09 23:04:01,100] {spark_submit.py:514} INFO - File "/opt/bitnami/spark/python/lib/pyspark.zip/pyspark/serializers.py", line 160, in _read_with_length
[2022-02-09 23:04:01,100] {spark_submit.py:514} INFO - return self.loads(obj)
[2022-02-09 23:04:01,100] {spark_submit.py:514} INFO - File "/opt/bitnami/spark/python/lib/pyspark.zip/pyspark/serializers.py", line 430, in loads
[2022-02-09 23:04:01,100] {spark_submit.py:514} INFO - return pickle.loads(obj, encoding=encoding)
[2022-02-09 23:04:01,100] {spark_submit.py:514} INFO - ModuleNotFoundError: No module named 'bs4'
[2022-02-09 23:04:01,100] {spark_submit.py:514} INFO - 
[2022-02-09 23:04:01,101] {spark_submit.py:514} INFO - at org.apache.spark.api.python.BasePythonRunner$ReaderIterator.handlePythonException(PythonRunner.scala:555)
[2022-02-09 23:04:01,101] {spark_submit.py:514} INFO - at org.apache.spark.api.python.PythonRunner$$anon$3.read(PythonRunner.scala:713)
[2022-02-09 23:04:01,101] {spark_submit.py:514} INFO - at org.apache.spark.api.python.PythonRunner$$anon$3.read(PythonRunner.scala:695)
[2022-02-09 23:04:01,101] {spark_submit.py:514} INFO - at org.apache.spark.api.python.BasePythonRunner$ReaderIterator.hasNext(PythonRunner.scala:508)
[2022-02-09 23:04:01,101] {spark_submit.py:514} INFO - at org.apache.spark.InterruptibleIterator.hasNext(InterruptibleIterator.scala:37)
[2022-02-09 23:04:01,101] {spark_submit.py:514} INFO - at scala.collection.Iterator.foreach(Iterator.scala:943)
[2022-02-09 23:04:01,101] {spark_submit.py:514} INFO - at scala.collection.Iterator.foreach$(Iterator.scala:943)
[2022-02-09 23:04:01,101] {spark_submit.py:514} INFO - at org.apache.spark.InterruptibleIterator.foreach(InterruptibleIterator.scala:28)
[2022-02-09 23:04:01,102] {spark_submit.py:514} INFO - at scala.collection.generic.Growable.$plus$plus$eq(Growable.scala:62)
[2022-02-09 23:04:01,102] {spark_submit.py:514} INFO - at scala.collection.generic.Growable.$plus$plus$eq$(Growable.scala:53)
[2022-02-09 23:04:01,102] {spark_submit.py:514} INFO - at scala.collection.mutable.ArrayBuffer.$plus$plus$eq(ArrayBuffer.scala:105)
[2022-02-09 23:04:01,102] {spark_submit.py:514} INFO - at scala.collection.mutable.ArrayBuffer.$plus$plus$eq(ArrayBuffer.scala:49)
[2022-02-09 23:04:01,102] {spark_submit.py:514} INFO - at scala.collection.TraversableOnce.to(TraversableOnce.scala:366)
[2022-02-09 23:04:01,102] {spark_submit.py:514} INFO - at scala.collection.TraversableOnce.to$(TraversableOnce.scala:364)
[2022-02-09 23:04:01,102] {spark_submit.py:514} INFO - at org.apache.spark.InterruptibleIterator.to(InterruptibleIterator.scala:28)
[2022-02-09 23:04:01,103] {spark_submit.py:514} INFO - at scala.collection.TraversableOnce.toBuffer(TraversableOnce.scala:358)
[2022-02-09 23:04:01,103] {spark_submit.py:514} INFO - at scala.collection.TraversableOnce.toBuffer$(TraversableOnce.scala:358)
[2022-02-09 23:04:01,106] {spark_submit.py:514} INFO - at org.apache.spark.InterruptibleIterator.toBuffer(InterruptibleIterator.scala:28)
[2022-02-09 23:04:01,106] {spark_submit.py:514} INFO - at scala.collection.TraversableOnce.toArray(TraversableOnce.scala:345)
[2022-02-09 23:04:01,106] {spark_submit.py:514} INFO - at scala.collection.TraversableOnce.toArray$(TraversableOnce.scala:339)
[2022-02-09 23:04:01,106] {spark_submit.py:514} INFO - at org.apache.spark.InterruptibleIterator.toArray(InterruptibleIterator.scala:28)
[2022-02-09 23:04:01,107] {spark_submit.py:514} INFO - at org.apache.spark.rdd.RDD.$anonfun$collect$2(RDD.scala:1030)
[2022-02-09 23:04:01,107] {spark_submit.py:514} INFO - at org.apache.spark.SparkContext.$anonfun$runJob$5(SparkContext.scala:2254)
[2022-02-09 23:04:01,107] {spark_submit.py:514} INFO - at org.apache.spark.scheduler.ResultTask.runTask(ResultTask.scala:90)
[2022-02-09 23:04:01,107] {spark_submit.py:514} INFO - at org.apache.spark.scheduler.Task.run(Task.scala:131)
[2022-02-09 23:04:01,110] {spark_submit.py:514} INFO - at org.apache.spark.executor.Executor$TaskRunner.$anonfun$run$3(Executor.scala:506)
[2022-02-09 23:04:01,110] {spark_submit.py:514} INFO - at org.apache.spark.util.Utils$.tryWithSafeFinally(Utils.scala:1462)
[2022-02-09 23:04:01,110] {spark_submit.py:514} INFO - at org.apache.spark.executor.Executor$TaskRunner.run(Executor.scala:509)
[2022-02-09 23:04:01,111] {spark_submit.py:514} INFO - at java.util.concurrent.ThreadPoolExecutor.runWorker(ThreadPoolExecutor.java:1149)
[2022-02-09 23:04:01,111] {spark_submit.py:514} INFO - at java.util.concurrent.ThreadPoolExecutor$Worker.run(ThreadPoolExecutor.java:624)
[2022-02-09 23:04:01,111] {spark_submit.py:514} INFO - at java.lang.Thread.run(Thread.java:750)
[2022-02-09 23:04:01,112] {spark_submit.py:514} INFO - 
[2022-02-09 23:04:01,112] {spark_submit.py:514} INFO - Driver stacktrace:
[2022-02-09 23:04:01,112] {spark_submit.py:514} INFO - at org.apache.spark.scheduler.DAGScheduler.failJobAndIndependentStages(DAGScheduler.scala:2454)
[2022-02-09 23:04:01,112] {spark_submit.py:514} INFO - at org.apache.spark.scheduler.DAGScheduler.$anonfun$abortStage$2(DAGScheduler.scala:2403)
[2022-02-09 23:04:01,112] {spark_submit.py:514} INFO - at org.apache.spark.scheduler.DAGScheduler.$anonfun$abortStage$2$adapted(DAGScheduler.scala:2402)
[2022-02-09 23:04:01,112] {spark_submit.py:514} INFO - at scala.collection.mutable.ResizableArray.foreach(ResizableArray.scala:62)
[2022-02-09 23:04:01,113] {spark_submit.py:514} INFO - at scala.collection.mutable.ResizableArray.foreach$(ResizableArray.scala:55)
[2022-02-09 23:04:01,113] {spark_submit.py:514} INFO - at scala.collection.mutable.ArrayBuffer.foreach(ArrayBuffer.scala:49)
[2022-02-09 23:04:01,113] {spark_submit.py:514} INFO - at org.apache.spark.scheduler.DAGScheduler.abortStage(DAGScheduler.scala:2402)
[2022-02-09 23:04:01,113] {spark_submit.py:514} INFO - at org.apache.spark.scheduler.DAGScheduler.$anonfun$handleTaskSetFailed$1(DAGScheduler.scala:1160)
[2022-02-09 23:04:01,113] {spark_submit.py:514} INFO - at org.apache.spark.scheduler.DAGScheduler.$anonfun$handleTaskSetFailed$1$adapted(DAGScheduler.scala:1160)
[2022-02-09 23:04:01,113] {spark_submit.py:514} INFO - at scala.Option.foreach(Option.scala:407)
[2022-02-09 23:04:01,113] {spark_submit.py:514} INFO - at org.apache.spark.scheduler.DAGScheduler.handleTaskSetFailed(DAGScheduler.scala:1160)
[2022-02-09 23:04:01,114] {spark_submit.py:514} INFO - at org.apache.spark.scheduler.DAGSchedulerEventProcessLoop.doOnReceive(DAGScheduler.scala:2642)
[2022-02-09 23:04:01,114] {spark_submit.py:514} INFO - at org.apache.spark.scheduler.DAGSchedulerEventProcessLoop.onReceive(DAGScheduler.scala:2584)
[2022-02-09 23:04:01,114] {spark_submit.py:514} INFO - at org.apache.spark.scheduler.DAGSchedulerEventProcessLoop.onReceive(DAGScheduler.scala:2573)
[2022-02-09 23:04:01,114] {spark_submit.py:514} INFO - at org.apache.spark.util.EventLoop$$anon$1.run(EventLoop.scala:49)
[2022-02-09 23:04:01,114] {spark_submit.py:514} INFO - at org.apache.spark.scheduler.DAGScheduler.runJob(DAGScheduler.scala:938)
[2022-02-09 23:04:01,114] {spark_submit.py:514} INFO - at org.apache.spark.SparkContext.runJob(SparkContext.scala:2214)
[2022-02-09 23:04:01,115] {spark_submit.py:514} INFO - at org.apache.spark.SparkContext.runJob(SparkContext.scala:2235)
[2022-02-09 23:04:01,115] {spark_submit.py:514} INFO - at org.apache.spark.SparkContext.runJob(SparkContext.scala:2254)
[2022-02-09 23:04:01,115] {spark_submit.py:514} INFO - at org.apache.spark.SparkContext.runJob(SparkContext.scala:2279)
[2022-02-09 23:04:01,115] {spark_submit.py:514} INFO - at org.apache.spark.rdd.RDD.$anonfun$collect$1(RDD.scala:1030)
[2022-02-09 23:04:01,115] {spark_submit.py:514} INFO - at org.apache.spark.rdd.RDDOperationScope$.withScope(RDDOperationScope.scala:151)
[2022-02-09 23:04:01,115] {spark_submit.py:514} INFO - at org.apache.spark.rdd.RDDOperationScope$.withScope(RDDOperationScope.scala:112)
[2022-02-09 23:04:01,115] {spark_submit.py:514} INFO - at org.apache.spark.rdd.RDD.withScope(RDD.scala:414)
[2022-02-09 23:04:01,116] {spark_submit.py:514} INFO - at org.apache.spark.rdd.RDD.collect(RDD.scala:1029)
[2022-02-09 23:04:01,116] {spark_submit.py:514} INFO - at org.apache.spark.api.python.PythonRDD$.collectAndServe(PythonRDD.scala:180)
[2022-02-09 23:04:01,116] {spark_submit.py:514} INFO - at org.apache.spark.api.python.PythonRDD.collectAndServe(PythonRDD.scala)
[2022-02-09 23:04:01,116] {spark_submit.py:514} INFO - at java.base/jdk.internal.reflect.NativeMethodAccessorImpl.invoke0(Native Method)
[2022-02-09 23:04:01,116] {spark_submit.py:514} INFO - at java.base/jdk.internal.reflect.NativeMethodAccessorImpl.invoke(NativeMethodAccessorImpl.java:62)
[2022-02-09 23:04:01,116] {spark_submit.py:514} INFO - at java.base/jdk.internal.reflect.DelegatingMethodAccessorImpl.invoke(DelegatingMethodAccessorImpl.java:43)
[2022-02-09 23:04:01,117] {spark_submit.py:514} INFO - at java.base/java.lang.reflect.Method.invoke(Method.java:566)
[2022-02-09 23:04:01,117] {spark_submit.py:514} INFO - at py4j.reflection.MethodInvoker.invoke(MethodInvoker.java:244)
[2022-02-09 23:04:01,117] {spark_submit.py:514} INFO - at py4j.reflection.ReflectionEngine.invoke(ReflectionEngine.java:357)
[2022-02-09 23:04:01,117] {spark_submit.py:514} INFO - at py4j.Gateway.invoke(Gateway.java:282)
[2022-02-09 23:04:01,117] {spark_submit.py:514} INFO - at py4j.commands.AbstractCommand.invokeMethod(AbstractCommand.java:132)
[2022-02-09 23:04:01,117] {spark_submit.py:514} INFO - at py4j.commands.CallCommand.execute(CallCommand.java:79)
[2022-02-09 23:04:01,117] {spark_submit.py:514} INFO - at py4j.ClientServerConnection.waitForCommands(ClientServerConnection.java:182)
[2022-02-09 23:04:01,118] {spark_submit.py:514} INFO - at py4j.ClientServerConnection.run(ClientServerConnection.java:106)
[2022-02-09 23:04:01,118] {spark_submit.py:514} INFO - at java.base/java.lang.Thread.run(Thread.java:829)
[2022-02-09 23:04:01,118] {spark_submit.py:514} INFO - Caused by: org.apache.spark.api.python.PythonException: Traceback (most recent call last):
[2022-02-09 23:04:01,118] {spark_submit.py:514} INFO - File "/opt/bitnami/spark/python/lib/pyspark.zip/pyspark/worker.py", line 601, in main
[2022-02-09 23:04:01,118] {spark_submit.py:514} INFO - func, profiler, deserializer, serializer = read_command(pickleSer, infile)
[2022-02-09 23:04:01,119] {spark_submit.py:514} INFO - File "/opt/bitnami/spark/python/lib/pyspark.zip/pyspark/worker.py", line 71, in read_command
[2022-02-09 23:04:01,119] {spark_submit.py:514} INFO - command = serializer._read_with_length(file)
[2022-02-09 23:04:01,119] {spark_submit.py:514} INFO - File "/opt/bitnami/spark/python/lib/pyspark.zip/pyspark/serializers.py", line 160, in _read_with_length
[2022-02-09 23:04:01,119] {spark_submit.py:514} INFO - return self.loads(obj)
[2022-02-09 23:04:01,119] {spark_submit.py:514} INFO - File "/opt/bitnami/spark/python/lib/pyspark.zip/pyspark/serializers.py", line 430, in loads
[2022-02-09 23:04:01,119] {spark_submit.py:514} INFO - return pickle.loads(obj, encoding=encoding)
[2022-02-09 23:04:01,120] {spark_submit.py:514} INFO - ModuleNotFoundError: No module named 'bs4'
[2022-02-09 23:04:01,120] {spark_submit.py:514} INFO - 
[2022-02-09 23:04:01,120] {spark_submit.py:514} INFO - at org.apache.spark.api.python.BasePythonRunner$ReaderIterator.handlePythonException(PythonRunner.scala:555)
[2022-02-09 23:04:01,120] {spark_submit.py:514} INFO - at org.apache.spark.api.python.PythonRunner$$anon$3.read(PythonRunner.scala:713)
[2022-02-09 23:04:01,120] {spark_submit.py:514} INFO - at org.apache.spark.api.python.PythonRunner$$anon$3.read(PythonRunner.scala:695)
[2022-02-09 23:04:01,120] {spark_submit.py:514} INFO - at org.apache.spark.api.python.BasePythonRunner$ReaderIterator.hasNext(PythonRunner.scala:508)
[2022-02-09 23:04:01,121] {spark_submit.py:514} INFO - at org.apache.spark.InterruptibleIterator.hasNext(InterruptibleIterator.scala:37)
[2022-02-09 23:04:01,121] {spark_submit.py:514} INFO - at scala.collection.Iterator.foreach(Iterator.scala:943)
[2022-02-09 23:04:01,121] {spark_submit.py:514} INFO - at scala.collection.Iterator.foreach$(Iterator.scala:943)
[2022-02-09 23:04:01,121] {spark_submit.py:514} INFO - at org.apache.spark.InterruptibleIterator.foreach(InterruptibleIterator.scala:28)
[2022-02-09 23:04:01,121] {spark_submit.py:514} INFO - at scala.collection.generic.Growable.$plus$plus$eq(Growable.scala:62)
[2022-02-09 23:04:01,121] {spark_submit.py:514} INFO - at scala.collection.generic.Growable.$plus$plus$eq$(Growable.scala:53)
[2022-02-09 23:04:01,122] {spark_submit.py:514} INFO - at scala.collection.mutable.ArrayBuffer.$plus$plus$eq(ArrayBuffer.scala:105)
[2022-02-09 23:04:01,122] {spark_submit.py:514} INFO - at scala.collection.mutable.ArrayBuffer.$plus$plus$eq(ArrayBuffer.scala:49)
[2022-02-09 23:04:01,122] {spark_submit.py:514} INFO - at scala.collection.TraversableOnce.to(TraversableOnce.scala:366)
[2022-02-09 23:04:01,122] {spark_submit.py:514} INFO - at scala.collection.TraversableOnce.to$(TraversableOnce.scala:364)
[2022-02-09 23:04:01,122] {spark_submit.py:514} INFO - at org.apache.spark.InterruptibleIterator.to(InterruptibleIterator.scala:28)
[2022-02-09 23:04:01,123] {spark_submit.py:514} INFO - at scala.collection.TraversableOnce.toBuffer(TraversableOnce.scala:358)
[2022-02-09 23:04:01,123] {spark_submit.py:514} INFO - at scala.collection.TraversableOnce.toBuffer$(TraversableOnce.scala:358)
[2022-02-09 23:04:01,123] {spark_submit.py:514} INFO - at org.apache.spark.InterruptibleIterator.toBuffer(InterruptibleIterator.scala:28)
[2022-02-09 23:04:01,123] {spark_submit.py:514} INFO - at scala.collection.TraversableOnce.toArray(TraversableOnce.scala:345)
[2022-02-09 23:04:01,123] {spark_submit.py:514} INFO - at scala.collection.TraversableOnce.toArray$(TraversableOnce.scala:339)
[2022-02-09 23:04:01,123] {spark_submit.py:514} INFO - at org.apache.spark.InterruptibleIterator.toArray(InterruptibleIterator.scala:28)
[2022-02-09 23:04:01,123] {spark_submit.py:514} INFO - at org.apache.spark.rdd.RDD.$anonfun$collect$2(RDD.scala:1030)
[2022-02-09 23:04:01,124] {spark_submit.py:514} INFO - at org.apache.spark.SparkContext.$anonfun$runJob$5(SparkContext.scala:2254)
[2022-02-09 23:04:01,124] {spark_submit.py:514} INFO - at org.apache.spark.scheduler.ResultTask.runTask(ResultTask.scala:90)
[2022-02-09 23:04:01,124] {spark_submit.py:514} INFO - at org.apache.spark.scheduler.Task.run(Task.scala:131)
[2022-02-09 23:04:01,124] {spark_submit.py:514} INFO - at org.apache.spark.executor.Executor$TaskRunner.$anonfun$run$3(Executor.scala:506)
[2022-02-09 23:04:01,124] {spark_submit.py:514} INFO - at org.apache.spark.util.Utils$.tryWithSafeFinally(Utils.scala:1462)
[2022-02-09 23:04:01,124] {spark_submit.py:514} INFO - at org.apache.spark.executor.Executor$TaskRunner.run(Executor.scala:509)
[2022-02-09 23:04:01,125] {spark_submit.py:514} INFO - at java.util.concurrent.ThreadPoolExecutor.runWorker(ThreadPoolExecutor.java:1149)
[2022-02-09 23:04:01,125] {spark_submit.py:514} INFO - at java.util.concurrent.ThreadPoolExecutor$Worker.run(ThreadPoolExecutor.java:624)
[2022-02-09 23:04:01,125] {spark_submit.py:514} INFO - at java.lang.Thread.run(Thread.java:750)
[2022-02-09 23:04:01,125] {spark_submit.py:514} INFO - 
[2022-02-09 23:04:02,101] {spark_submit.py:514} INFO - 22/02/09 23:04:02 INFO BlockManagerInfo: Added broadcast_0_piece0 in memory on 172.19.0.6:42599 (size: 32.1 KiB, free: 366.3 MiB)
[2022-02-09 23:04:02,817] {spark_submit.py:514} INFO - 22/02/09 23:04:02 INFO SparkContext: Invoking stop() from shutdown hook
[2022-02-09 23:04:03,062] {spark_submit.py:514} INFO - 22/02/09 23:04:03 INFO SparkUI: Stopped Spark web UI at http://d037e04b36e5:4040
[2022-02-09 23:04:03,090] {spark_submit.py:514} INFO - 22/02/09 23:04:03 INFO StandaloneSchedulerBackend: Shutting down all executors
[2022-02-09 23:04:03,091] {spark_submit.py:514} INFO - 22/02/09 23:04:03 INFO CoarseGrainedSchedulerBackend$DriverEndpoint: Asking each executor to shut down
[2022-02-09 23:04:03,582] {spark_submit.py:514} INFO - 22/02/09 23:04:03 INFO MapOutputTrackerMasterEndpoint: MapOutputTrackerMasterEndpoint stopped!
[2022-02-09 23:04:05,360] {spark_submit.py:514} INFO - 22/02/09 23:04:05 INFO MemoryStore: MemoryStore cleared
[2022-02-09 23:04:05,361] {spark_submit.py:514} INFO - 22/02/09 23:04:05 INFO BlockManager: BlockManager stopped
[2022-02-09 23:04:05,433] {spark_submit.py:514} INFO - 22/02/09 23:04:05 INFO BlockManagerMaster: BlockManagerMaster stopped
[2022-02-09 23:04:05,445] {spark_submit.py:514} INFO - 22/02/09 23:04:05 INFO OutputCommitCoordinator$OutputCommitCoordinatorEndpoint: OutputCommitCoordinator stopped!
[2022-02-09 23:04:05,481] {spark_submit.py:514} INFO - 22/02/09 23:04:05 INFO SparkContext: Successfully stopped SparkContext
[2022-02-09 23:04:05,483] {spark_submit.py:514} INFO - 22/02/09 23:04:05 INFO ShutdownHookManager: Shutdown hook called
[2022-02-09 23:04:05,485] {spark_submit.py:514} INFO - 22/02/09 23:04:05 INFO ShutdownHookManager: Deleting directory /tmp/spark-4db0cda6-6340-4ed2-b654-a05c36a945d2
[2022-02-09 23:04:05,531] {spark_submit.py:514} INFO - 22/02/09 23:04:05 INFO ShutdownHookManager: Deleting directory /tmp/spark-fb852b70-0136-4039-928f-d371e1c90790
[2022-02-09 23:04:05,539] {spark_submit.py:514} INFO - 22/02/09 23:04:05 INFO ShutdownHookManager: Deleting directory /tmp/spark-fb852b70-0136-4039-928f-d371e1c90790/pyspark-8de80a0d-5adc-4dd8-ba36-c789a74a79e1
[2022-02-09 23:04:05,781] {taskinstance.py:1501} ERROR - Task failed with exception
Traceback (most recent call last):
  File "/home/airflow/.local/lib/python3.8/site-packages/airflow/models/taskinstance.py", line 1157, in _run_raw_task
    self._prepare_and_execute_task_with_callbacks(context, task)
  File "/home/airflow/.local/lib/python3.8/site-packages/airflow/models/taskinstance.py", line 1331, in _prepare_and_execute_task_with_callbacks
    result = self._execute_task(context, task_copy)
  File "/home/airflow/.local/lib/python3.8/site-packages/airflow/models/taskinstance.py", line 1361, in _execute_task
    result = task_copy.execute(context=context)
  File "/home/airflow/.local/lib/python3.8/site-packages/airflow/providers/apache/spark/operators/spark_submit.py", line 182, in execute
    self._hook.submit(self._application)
  File "/home/airflow/.local/lib/python3.8/site-packages/airflow/providers/apache/spark/hooks/spark_submit.py", line 445, in submit
    raise AirflowException(
airflow.exceptions.AirflowException: Cannot execute: spark-submit --master spark://spark:7077 --conf spark.master=spark://spark:7077 --name test --verbose --queue root.default /opt/bitnami/spark/app/test.py. Error code is: 1.
[2022-02-09 23:04:05,899] {taskinstance.py:1544} INFO - Marking task as FAILED. dag_id=spark_first_run, task_id=spark_job, execution_date=20220209T230116, start_date=20220209T230131, end_date=20220209T230405
[2022-02-09 23:04:06,053] {local_task_job.py:151} INFO - Task exited with return code 1
