[2022-02-09 22:53:37,278] {taskinstance.py:896} INFO - Dependencies all met for <TaskInstance: spark_first_run.spark_job 2022-02-09T22:53:32.414495+00:00 [queued]>
[2022-02-09 22:53:37,320] {taskinstance.py:896} INFO - Dependencies all met for <TaskInstance: spark_first_run.spark_job 2022-02-09T22:53:32.414495+00:00 [queued]>
[2022-02-09 22:53:37,320] {taskinstance.py:1087} INFO - 
--------------------------------------------------------------------------------
[2022-02-09 22:53:37,320] {taskinstance.py:1088} INFO - Starting attempt 1 of 1
[2022-02-09 22:53:37,320] {taskinstance.py:1089} INFO - 
--------------------------------------------------------------------------------
[2022-02-09 22:53:37,373] {taskinstance.py:1107} INFO - Executing <Task(SparkSubmitOperator): spark_job> on 2022-02-09T22:53:32.414495+00:00
[2022-02-09 22:53:37,380] {standard_task_runner.py:52} INFO - Started process 46 to run task
[2022-02-09 22:53:37,387] {standard_task_runner.py:76} INFO - Running: ['***', 'tasks', 'run', 'spark_first_run', 'spark_job', '2022-02-09T22:53:32.414495+00:00', '--job-id', '43', '--pool', 'default_pool', '--raw', '--subdir', 'DAGS_FOLDER/task.py', '--cfg-path', '/tmp/tmpex3_t4x1', '--error-file', '/tmp/tmptkvjgmj3']
[2022-02-09 22:53:37,388] {standard_task_runner.py:77} INFO - Job 43: Subtask spark_job
[2022-02-09 22:53:37,489] {logging_mixin.py:104} INFO - Running <TaskInstance: spark_first_run.spark_job 2022-02-09T22:53:32.414495+00:00 [running]> on host d037e04b36e5
[2022-02-09 22:53:37,725] {taskinstance.py:1300} INFO - Exporting the following env vars:
AIRFLOW_CTX_DAG_OWNER=admin
AIRFLOW_CTX_DAG_ID=spark_first_run
AIRFLOW_CTX_TASK_ID=spark_job
AIRFLOW_CTX_EXECUTION_DATE=2022-02-09T22:53:32.414495+00:00
AIRFLOW_CTX_DAG_RUN_ID=manual__2022-02-09T22:53:32.414495+00:00
[2022-02-09 22:53:37,751] {base.py:69} INFO - Using connection to: id: spark_default. Host: spark://spark, Port: 7077, Schema: , Login: ***, Password: ***, extra: {'queue': 'root.default'}
[2022-02-09 22:53:37,753] {spark_submit.py:360} INFO - Spark-Submit cmd: spark-submit --master spark://spark:7077 --conf spark.master=spark://spark:7077 --name test --verbose --queue root.default /opt/bitnami/spark/app/test.py
[2022-02-09 22:54:27,756] {spark_submit.py:514} INFO - Using properties file: null
[2022-02-09 22:54:28,326] {spark_submit.py:514} INFO - WARNING: An illegal reflective access operation has occurred
[2022-02-09 22:54:28,327] {spark_submit.py:514} INFO - WARNING: Illegal reflective access by org.apache.spark.unsafe.Platform (file:/home/***/.local/lib/python3.8/site-packages/pyspark/jars/spark-unsafe_2.12-3.2.1.jar) to constructor java.nio.DirectByteBuffer(long,int)
[2022-02-09 22:54:28,327] {spark_submit.py:514} INFO - WARNING: Please consider reporting this to the maintainers of org.apache.spark.unsafe.Platform
[2022-02-09 22:54:28,327] {spark_submit.py:514} INFO - WARNING: Use --illegal-access=warn to enable warnings of further illegal reflective access operations
[2022-02-09 22:54:28,328] {spark_submit.py:514} INFO - WARNING: All illegal access operations will be denied in a future release
[2022-02-09 22:54:28,492] {spark_submit.py:514} INFO - Parsed arguments:
[2022-02-09 22:54:28,492] {spark_submit.py:514} INFO - master                  spark://spark:7077
[2022-02-09 22:54:28,492] {spark_submit.py:514} INFO - deployMode              null
[2022-02-09 22:54:28,493] {spark_submit.py:514} INFO - executorMemory          null
[2022-02-09 22:54:28,493] {spark_submit.py:514} INFO - executorCores           null
[2022-02-09 22:54:28,493] {spark_submit.py:514} INFO - totalExecutorCores      null
[2022-02-09 22:54:28,493] {spark_submit.py:514} INFO - propertiesFile          null
[2022-02-09 22:54:28,493] {spark_submit.py:514} INFO - driverMemory            null
[2022-02-09 22:54:28,493] {spark_submit.py:514} INFO - driverCores             null
[2022-02-09 22:54:28,493] {spark_submit.py:514} INFO - driverExtraClassPath    null
[2022-02-09 22:54:28,494] {spark_submit.py:514} INFO - driverExtraLibraryPath  null
[2022-02-09 22:54:28,494] {spark_submit.py:514} INFO - driverExtraJavaOptions  null
[2022-02-09 22:54:28,494] {spark_submit.py:514} INFO - supervise               false
[2022-02-09 22:54:28,494] {spark_submit.py:514} INFO - queue                   root.default
[2022-02-09 22:54:28,494] {spark_submit.py:514} INFO - numExecutors            null
[2022-02-09 22:54:28,494] {spark_submit.py:514} INFO - files                   null
[2022-02-09 22:54:28,494] {spark_submit.py:514} INFO - pyFiles                 null
[2022-02-09 22:54:28,495] {spark_submit.py:514} INFO - archives                null
[2022-02-09 22:54:28,495] {spark_submit.py:514} INFO - mainClass               null
[2022-02-09 22:54:28,495] {spark_submit.py:514} INFO - primaryResource         file:/opt/bitnami/spark/app/test.py
[2022-02-09 22:54:28,495] {spark_submit.py:514} INFO - name                    test
[2022-02-09 22:54:28,495] {spark_submit.py:514} INFO - childArgs               []
[2022-02-09 22:54:28,495] {spark_submit.py:514} INFO - jars                    null
[2022-02-09 22:54:28,496] {spark_submit.py:514} INFO - packages                null
[2022-02-09 22:54:28,496] {spark_submit.py:514} INFO - packagesExclusions      null
[2022-02-09 22:54:28,496] {spark_submit.py:514} INFO - repositories            null
[2022-02-09 22:54:28,496] {spark_submit.py:514} INFO - verbose                 true
[2022-02-09 22:54:28,496] {spark_submit.py:514} INFO - 
[2022-02-09 22:54:28,496] {spark_submit.py:514} INFO - Spark properties used, including those specified through
[2022-02-09 22:54:28,496] {spark_submit.py:514} INFO - --conf and those from the properties file null:
[2022-02-09 22:54:28,497] {spark_submit.py:514} INFO - (spark.master,spark://spark:7077)
[2022-02-09 22:54:28,497] {spark_submit.py:514} INFO - 
[2022-02-09 22:54:28,497] {spark_submit.py:514} INFO - 
[2022-02-09 22:54:30,447] {spark_submit.py:514} INFO - Main class:
[2022-02-09 22:54:30,448] {spark_submit.py:514} INFO - org.apache.spark.deploy.PythonRunner
[2022-02-09 22:54:30,449] {spark_submit.py:514} INFO - Arguments:
[2022-02-09 22:54:30,450] {spark_submit.py:514} INFO - file:/opt/bitnami/spark/app/test.py
[2022-02-09 22:54:30,450] {spark_submit.py:514} INFO - null
[2022-02-09 22:54:30,463] {spark_submit.py:514} INFO - Spark config:
[2022-02-09 22:54:30,463] {spark_submit.py:514} INFO - (spark.app.name,test)
[2022-02-09 22:54:30,463] {spark_submit.py:514} INFO - (spark.master,spark://spark:7077)
[2022-02-09 22:54:30,463] {spark_submit.py:514} INFO - (spark.submit.pyFiles,)
[2022-02-09 22:54:30,464] {spark_submit.py:514} INFO - (spark.submit.deployMode,client)
[2022-02-09 22:54:30,465] {spark_submit.py:514} INFO - Classpath elements:
[2022-02-09 22:54:30,466] {spark_submit.py:514} INFO - 
[2022-02-09 22:54:30,473] {spark_submit.py:514} INFO - 
[2022-02-09 22:54:30,474] {spark_submit.py:514} INFO - 
[2022-02-09 22:54:40,343] {spark_submit.py:514} INFO - Using Spark's default log4j profile: org/apache/spark/log4j-defaults.properties
[2022-02-09 22:54:40,414] {spark_submit.py:514} INFO - 22/02/09 22:54:40 INFO SparkContext: Running Spark version 3.2.1
[2022-02-09 22:54:41,228] {spark_submit.py:514} INFO - 22/02/09 22:54:41 WARN NativeCodeLoader: Unable to load native-hadoop library for your platform... using builtin-java classes where applicable
[2022-02-09 22:54:41,956] {spark_submit.py:514} INFO - 22/02/09 22:54:41 INFO ResourceUtils: ==============================================================
[2022-02-09 22:54:41,957] {spark_submit.py:514} INFO - 22/02/09 22:54:41 INFO ResourceUtils: No custom resources configured for spark.driver.
[2022-02-09 22:54:41,958] {spark_submit.py:514} INFO - 22/02/09 22:54:41 INFO ResourceUtils: ==============================================================
[2022-02-09 22:54:41,959] {spark_submit.py:514} INFO - 22/02/09 22:54:41 INFO SparkContext: Submitted application: test
[2022-02-09 22:54:42,116] {spark_submit.py:514} INFO - 22/02/09 22:54:42 INFO ResourceProfile: Default ResourceProfile created, executor resources: Map(cores -> name: cores, amount: 1, script: , vendor: , memory -> name: memory, amount: 1024, script: , vendor: , offHeap -> name: offHeap, amount: 0, script: , vendor: ), task resources: Map(cpus -> name: cpus, amount: 1.0)
[2022-02-09 22:54:42,144] {spark_submit.py:514} INFO - 22/02/09 22:54:42 INFO ResourceProfile: Limiting resource is cpu
[2022-02-09 22:54:42,146] {spark_submit.py:514} INFO - 22/02/09 22:54:42 INFO ResourceProfileManager: Added ResourceProfile id: 0
[2022-02-09 22:54:42,572] {spark_submit.py:514} INFO - 22/02/09 22:54:42 INFO SecurityManager: Changing view acls to: default
[2022-02-09 22:54:42,573] {spark_submit.py:514} INFO - 22/02/09 22:54:42 INFO SecurityManager: Changing modify acls to: default
[2022-02-09 22:54:42,574] {spark_submit.py:514} INFO - 22/02/09 22:54:42 INFO SecurityManager: Changing view acls groups to:
[2022-02-09 22:54:42,575] {spark_submit.py:514} INFO - 22/02/09 22:54:42 INFO SecurityManager: Changing modify acls groups to:
[2022-02-09 22:54:42,576] {spark_submit.py:514} INFO - 22/02/09 22:54:42 INFO SecurityManager: SecurityManager: authentication disabled; ui acls disabled; users  with view permissions: Set(default); groups with view permissions: Set(); users  with modify permissions: Set(default); groups with modify permissions: Set()
[2022-02-09 22:54:44,741] {spark_submit.py:514} INFO - 22/02/09 22:54:44 INFO Utils: Successfully started service 'sparkDriver' on port 33851.
[2022-02-09 22:54:44,930] {spark_submit.py:514} INFO - 22/02/09 22:54:44 INFO SparkEnv: Registering MapOutputTracker
[2022-02-09 22:54:45,082] {spark_submit.py:514} INFO - 22/02/09 22:54:45 INFO SparkEnv: Registering BlockManagerMaster
[2022-02-09 22:54:45,197] {spark_submit.py:514} INFO - 22/02/09 22:54:45 INFO BlockManagerMasterEndpoint: Using org.apache.spark.storage.DefaultTopologyMapper for getting topology information
[2022-02-09 22:54:45,198] {spark_submit.py:514} INFO - 22/02/09 22:54:45 INFO BlockManagerMasterEndpoint: BlockManagerMasterEndpoint up
[2022-02-09 22:54:45,218] {spark_submit.py:514} INFO - 22/02/09 22:54:45 INFO SparkEnv: Registering BlockManagerMasterHeartbeat
[2022-02-09 22:54:45,388] {spark_submit.py:514} INFO - 22/02/09 22:54:45 INFO DiskBlockManager: Created local directory at /tmp/blockmgr-34651390-f63a-40d8-a46c-9ca291c74abb
[2022-02-09 22:54:45,509] {spark_submit.py:514} INFO - 22/02/09 22:54:45 INFO MemoryStore: MemoryStore started with capacity 434.4 MiB
[2022-02-09 22:54:45,573] {spark_submit.py:514} INFO - 22/02/09 22:54:45 INFO SparkEnv: Registering OutputCommitCoordinator
[2022-02-09 22:54:46,520] {spark_submit.py:514} INFO - 22/02/09 22:54:46 INFO Utils: Successfully started service 'SparkUI' on port 4040.
[2022-02-09 22:54:46,744] {spark_submit.py:514} INFO - 22/02/09 22:54:46 INFO SparkUI: Bound SparkUI to 0.0.0.0, and started at http://d037e04b36e5:4040
[2022-02-09 22:54:47,777] {spark_submit.py:514} INFO - 22/02/09 22:54:47 INFO StandaloneAppClient$ClientEndpoint: Connecting to master spark://spark:7077...
[2022-02-09 22:54:48,071] {spark_submit.py:514} INFO - 22/02/09 22:54:48 INFO TransportClientFactory: Successfully created connection to spark/172.19.0.4:7077 after 170 ms (0 ms spent in bootstraps)
[2022-02-09 22:54:51,120] {spark_submit.py:514} INFO - 22/02/09 22:54:51 INFO StandaloneSchedulerBackend: Connected to Spark cluster with app ID app-20220209225450-0000
[2022-02-09 22:54:51,290] {spark_submit.py:514} INFO - 22/02/09 22:54:51 INFO Utils: Successfully started service 'org.apache.spark.network.netty.NettyBlockTransferService' on port 37485.
[2022-02-09 22:54:51,290] {spark_submit.py:514} INFO - 22/02/09 22:54:51 INFO NettyBlockTransferService: Server created on d037e04b36e5:37485
[2022-02-09 22:54:51,294] {spark_submit.py:514} INFO - 22/02/09 22:54:51 INFO BlockManager: Using org.apache.spark.storage.RandomBlockReplicationPolicy for block replication policy
[2022-02-09 22:54:51,554] {spark_submit.py:514} INFO - 22/02/09 22:54:51 INFO BlockManagerMaster: Registering BlockManager BlockManagerId(driver, d037e04b36e5, 37485, None)
[2022-02-09 22:54:51,560] {spark_submit.py:514} INFO - 22/02/09 22:54:51 INFO BlockManagerMasterEndpoint: Registering block manager d037e04b36e5:37485 with 434.4 MiB RAM, BlockManagerId(driver, d037e04b36e5, 37485, None)
[2022-02-09 22:54:51,564] {spark_submit.py:514} INFO - 22/02/09 22:54:51 INFO BlockManagerMaster: Registered BlockManager BlockManagerId(driver, d037e04b36e5, 37485, None)
[2022-02-09 22:54:51,566] {spark_submit.py:514} INFO - 22/02/09 22:54:51 INFO BlockManager: Initialized BlockManager: BlockManagerId(driver, d037e04b36e5, 37485, None)
[2022-02-09 22:54:52,670] {spark_submit.py:514} INFO - 22/02/09 22:54:52 INFO StandaloneAppClient$ClientEndpoint: Executor added: app-20220209225450-0000/0 on worker-20220209224914-172.19.0.6-39039 (172.19.0.6:39039) with 1 core(s)
[2022-02-09 22:54:52,673] {spark_submit.py:514} INFO - 22/02/09 22:54:52 INFO StandaloneSchedulerBackend: Granted executor ID app-20220209225450-0000/0 on hostPort 172.19.0.6:39039 with 1 core(s), 1024.0 MiB RAM
[2022-02-09 22:54:52,674] {spark_submit.py:514} INFO - 22/02/09 22:54:52 INFO StandaloneAppClient$ClientEndpoint: Executor added: app-20220209225450-0000/1 on worker-20220209224914-172.19.0.7-42391 (172.19.0.7:42391) with 1 core(s)
[2022-02-09 22:54:52,674] {spark_submit.py:514} INFO - 22/02/09 22:54:52 INFO StandaloneSchedulerBackend: Granted executor ID app-20220209225450-0000/1 on hostPort 172.19.0.7:42391 with 1 core(s), 1024.0 MiB RAM
[2022-02-09 22:54:52,675] {spark_submit.py:514} INFO - 22/02/09 22:54:52 INFO StandaloneAppClient$ClientEndpoint: Executor added: app-20220209225450-0000/2 on worker-20220209224914-172.19.0.3-32975 (172.19.0.3:32975) with 1 core(s)
[2022-02-09 22:54:52,676] {spark_submit.py:514} INFO - 22/02/09 22:54:52 INFO StandaloneSchedulerBackend: Granted executor ID app-20220209225450-0000/2 on hostPort 172.19.0.3:32975 with 1 core(s), 1024.0 MiB RAM
[2022-02-09 22:54:56,341] {spark_submit.py:514} INFO - 22/02/09 22:54:56 INFO StandaloneSchedulerBackend: SchedulerBackend is ready for scheduling beginning after reached minRegisteredResourcesRatio: 0.0
[2022-02-09 22:55:11,250] {spark_submit.py:514} INFO - 22/02/09 22:55:11 INFO MemoryStore: Block broadcast_0 stored as values in memory (estimated size 219.7 KiB, free 434.2 MiB)
[2022-02-09 22:55:12,551] {spark_submit.py:514} INFO - 22/02/09 22:55:12 INFO MemoryStore: Block broadcast_0_piece0 stored as bytes in memory (estimated size 32.1 KiB, free 434.2 MiB)
[2022-02-09 22:55:12,557] {spark_submit.py:514} INFO - 22/02/09 22:55:12 INFO BlockManagerInfo: Added broadcast_0_piece0 in memory on d037e04b36e5:37485 (size: 32.1 KiB, free: 434.4 MiB)
[2022-02-09 22:55:12,566] {spark_submit.py:514} INFO - 22/02/09 22:55:12 INFO SparkContext: Created broadcast 0 from textFile at NativeMethodAccessorImpl.java:0
[2022-02-09 22:55:19,416] {spark_submit.py:514} INFO - 22/02/09 22:55:19 INFO FileInputFormat: Total input files to process : 1
[2022-02-09 22:55:21,643] {spark_submit.py:514} INFO - 22/02/09 22:55:21 INFO SparkContext: Starting job: collect at /opt/bitnami/spark/app/test.py:30
[2022-02-09 22:55:21,768] {spark_submit.py:514} INFO - 22/02/09 22:55:21 INFO DAGScheduler: Got job 0 (collect at /opt/bitnami/spark/app/test.py:30) with 2 output partitions
[2022-02-09 22:55:21,770] {spark_submit.py:514} INFO - 22/02/09 22:55:21 INFO DAGScheduler: Final stage: ResultStage 0 (collect at /opt/bitnami/spark/app/test.py:30)
[2022-02-09 22:55:21,772] {spark_submit.py:514} INFO - 22/02/09 22:55:21 INFO DAGScheduler: Parents of final stage: List()
[2022-02-09 22:55:21,784] {spark_submit.py:514} INFO - 22/02/09 22:55:21 INFO DAGScheduler: Missing parents: List()
[2022-02-09 22:55:21,800] {spark_submit.py:514} INFO - 22/02/09 22:55:21 INFO DAGScheduler: Submitting ResultStage 0 (PythonRDD[2] at collect at /opt/bitnami/spark/app/test.py:30), which has no missing parents
[2022-02-09 22:55:22,207] {spark_submit.py:514} INFO - 22/02/09 22:55:22 INFO MemoryStore: Block broadcast_1 stored as values in memory (estimated size 7.6 KiB, free 434.1 MiB)
[2022-02-09 22:55:22,214] {spark_submit.py:514} INFO - 22/02/09 22:55:22 INFO MemoryStore: Block broadcast_1_piece0 stored as bytes in memory (estimated size 4.7 KiB, free 434.1 MiB)
[2022-02-09 22:55:22,217] {spark_submit.py:514} INFO - 22/02/09 22:55:22 INFO BlockManagerInfo: Added broadcast_1_piece0 in memory on d037e04b36e5:37485 (size: 4.7 KiB, free: 434.4 MiB)
[2022-02-09 22:55:22,238] {spark_submit.py:514} INFO - 22/02/09 22:55:22 INFO SparkContext: Created broadcast 1 from broadcast at DAGScheduler.scala:1478
[2022-02-09 22:55:22,899] {spark_submit.py:514} INFO - 22/02/09 22:55:22 INFO DAGScheduler: Submitting 2 missing tasks from ResultStage 0 (PythonRDD[2] at collect at /opt/bitnami/spark/app/test.py:30) (first 15 tasks are for partitions Vector(0, 1))
[2022-02-09 22:55:22,905] {spark_submit.py:514} INFO - 22/02/09 22:55:22 INFO TaskSchedulerImpl: Adding task set 0.0 with 2 tasks resource profile 0
[2022-02-09 22:55:24,051] {spark_submit.py:514} INFO - 22/02/09 22:55:24 INFO StandaloneAppClient$ClientEndpoint: Executor updated: app-20220209225450-0000/1 is now RUNNING
[2022-02-09 22:55:24,062] {spark_submit.py:514} INFO - 22/02/09 22:55:24 INFO StandaloneAppClient$ClientEndpoint: Executor updated: app-20220209225450-0000/0 is now RUNNING
[2022-02-09 22:55:24,088] {spark_submit.py:514} INFO - 22/02/09 22:55:24 INFO AsyncEventQueue: Process of event SparkListenerJobStart(0,1644447321784,WrappedArray(org.apache.spark.scheduler.StageInfo@5da65da7),{spark.rdd.scope={"id":"1","name":"collect"}, callSite.short=collect at /opt/bitnami/spark/app/test.py:30, spark.rdd.scope.noOverride=true}) by listener AppStatusListener took 2.284123074s.
[2022-02-09 22:55:34,408] {spark_submit.py:514} INFO - 22/02/09 22:55:34 INFO StandaloneAppClient$ClientEndpoint: Executor updated: app-20220209225450-0000/2 is now RUNNING
[2022-02-09 22:55:39,721] {spark_submit.py:514} INFO - 22/02/09 22:55:39 WARN TaskSchedulerImpl: Initial job has not accepted any resources; check your cluster UI to ensure that workers are registered and have sufficient resources
[2022-02-09 22:55:54,721] {spark_submit.py:514} INFO - 22/02/09 22:55:54 WARN TaskSchedulerImpl: Initial job has not accepted any resources; check your cluster UI to ensure that workers are registered and have sufficient resources
[2022-02-09 22:56:09,720] {spark_submit.py:514} INFO - 22/02/09 22:56:09 WARN TaskSchedulerImpl: Initial job has not accepted any resources; check your cluster UI to ensure that workers are registered and have sufficient resources
[2022-02-09 22:56:24,721] {spark_submit.py:514} INFO - 22/02/09 22:56:24 WARN TaskSchedulerImpl: Initial job has not accepted any resources; check your cluster UI to ensure that workers are registered and have sufficient resources
[2022-02-09 22:56:39,720] {spark_submit.py:514} INFO - 22/02/09 22:56:39 WARN TaskSchedulerImpl: Initial job has not accepted any resources; check your cluster UI to ensure that workers are registered and have sufficient resources
[2022-02-09 22:56:54,721] {spark_submit.py:514} INFO - 22/02/09 22:56:54 WARN TaskSchedulerImpl: Initial job has not accepted any resources; check your cluster UI to ensure that workers are registered and have sufficient resources
[2022-02-09 22:57:07,243] {spark_submit.py:514} INFO - 22/02/09 22:57:07 INFO CoarseGrainedSchedulerBackend$DriverEndpoint: Registered executor NettyRpcEndpointRef(spark-client://Executor) (172.19.0.6:33540) with ID 0,  ResourceProfileId 0
[2022-02-09 22:57:07,336] {spark_submit.py:514} INFO - 22/02/09 22:57:07 INFO CoarseGrainedSchedulerBackend$DriverEndpoint: Registered executor NettyRpcEndpointRef(spark-client://Executor) (172.19.0.7:38660) with ID 1,  ResourceProfileId 0
[2022-02-09 22:57:07,339] {spark_submit.py:514} INFO - 22/02/09 22:57:07 INFO CoarseGrainedSchedulerBackend$DriverEndpoint: Registered executor NettyRpcEndpointRef(spark-client://Executor) (172.19.0.3:44448) with ID 2,  ResourceProfileId 0
[2022-02-09 22:57:27,416] {spark_submit.py:514} INFO - 22/02/09 22:57:27 INFO BlockManagerMasterEndpoint: Registering block manager 172.19.0.3:41833 with 366.3 MiB RAM, BlockManagerId(2, 172.19.0.3, 41833, None)
[2022-02-09 22:57:27,423] {spark_submit.py:514} INFO - 22/02/09 22:57:27 INFO BlockManagerMasterEndpoint: Registering block manager 172.19.0.6:44761 with 366.3 MiB RAM, BlockManagerId(0, 172.19.0.6, 44761, None)
[2022-02-09 22:57:27,438] {spark_submit.py:514} INFO - 22/02/09 22:57:27 INFO BlockManagerMasterEndpoint: Registering block manager 172.19.0.7:36785 with 366.3 MiB RAM, BlockManagerId(1, 172.19.0.7, 36785, None)
[2022-02-09 22:57:29,757] {spark_submit.py:514} INFO - 22/02/09 22:57:29 INFO TaskSetManager: Starting task 0.0 in stage 0.0 (TID 0) (172.19.0.6, executor 0, partition 0, PROCESS_LOCAL, 4510 bytes) taskResourceAssignments Map()
[2022-02-09 22:57:30,145] {spark_submit.py:514} INFO - 22/02/09 22:57:30 INFO TaskSetManager: Starting task 1.0 in stage 0.0 (TID 1) (172.19.0.7, executor 1, partition 1, PROCESS_LOCAL, 4510 bytes) taskResourceAssignments Map()
[2022-02-09 22:57:34,071] {spark_submit.py:514} INFO - 22/02/09 22:57:34 INFO BlockManagerInfo: Added broadcast_1_piece0 in memory on 172.19.0.7:36785 (size: 4.7 KiB, free: 366.3 MiB)
[2022-02-09 22:57:34,076] {spark_submit.py:514} INFO - 22/02/09 22:57:34 INFO BlockManagerInfo: Added broadcast_1_piece0 in memory on 172.19.0.6:44761 (size: 4.7 KiB, free: 366.3 MiB)
[2022-02-09 22:57:36,512] {spark_submit.py:514} INFO - 22/02/09 22:57:36 INFO BlockManagerInfo: Added broadcast_0_piece0 in memory on 172.19.0.6:44761 (size: 32.1 KiB, free: 366.3 MiB)
[2022-02-09 22:57:36,783] {spark_submit.py:514} INFO - 22/02/09 22:57:36 INFO BlockManagerInfo: Added broadcast_0_piece0 in memory on 172.19.0.7:36785 (size: 32.1 KiB, free: 366.3 MiB)
[2022-02-09 22:57:50,654] {spark_submit.py:514} INFO - 22/02/09 22:57:50 WARN TaskSetManager: Lost task 1.0 in stage 0.0 (TID 1) (172.19.0.7 executor 1): org.apache.spark.api.python.PythonException: Traceback (most recent call last):
[2022-02-09 22:57:50,655] {spark_submit.py:514} INFO - File "/opt/bitnami/spark/python/lib/pyspark.zip/pyspark/worker.py", line 601, in main
[2022-02-09 22:57:50,655] {spark_submit.py:514} INFO - func, profiler, deserializer, serializer = read_command(pickleSer, infile)
[2022-02-09 22:57:50,655] {spark_submit.py:514} INFO - File "/opt/bitnami/spark/python/lib/pyspark.zip/pyspark/worker.py", line 71, in read_command
[2022-02-09 22:57:50,655] {spark_submit.py:514} INFO - command = serializer._read_with_length(file)
[2022-02-09 22:57:50,655] {spark_submit.py:514} INFO - File "/opt/bitnami/spark/python/lib/pyspark.zip/pyspark/serializers.py", line 160, in _read_with_length
[2022-02-09 22:57:50,656] {spark_submit.py:514} INFO - return self.loads(obj)
[2022-02-09 22:57:50,656] {spark_submit.py:514} INFO - File "/opt/bitnami/spark/python/lib/pyspark.zip/pyspark/serializers.py", line 430, in loads
[2022-02-09 22:57:50,656] {spark_submit.py:514} INFO - return pickle.loads(obj, encoding=encoding)
[2022-02-09 22:57:50,656] {spark_submit.py:514} INFO - ModuleNotFoundError: No module named 'bs4'
[2022-02-09 22:57:50,656] {spark_submit.py:514} INFO - 
[2022-02-09 22:57:50,656] {spark_submit.py:514} INFO - at org.apache.spark.api.python.BasePythonRunner$ReaderIterator.handlePythonException(PythonRunner.scala:555)
[2022-02-09 22:57:50,657] {spark_submit.py:514} INFO - at org.apache.spark.api.python.PythonRunner$$anon$3.read(PythonRunner.scala:713)
[2022-02-09 22:57:50,657] {spark_submit.py:514} INFO - at org.apache.spark.api.python.PythonRunner$$anon$3.read(PythonRunner.scala:695)
[2022-02-09 22:57:50,657] {spark_submit.py:514} INFO - at org.apache.spark.api.python.BasePythonRunner$ReaderIterator.hasNext(PythonRunner.scala:508)
[2022-02-09 22:57:50,657] {spark_submit.py:514} INFO - at org.apache.spark.InterruptibleIterator.hasNext(InterruptibleIterator.scala:37)
[2022-02-09 22:57:50,657] {spark_submit.py:514} INFO - at scala.collection.Iterator.foreach(Iterator.scala:943)
[2022-02-09 22:57:50,658] {spark_submit.py:514} INFO - at scala.collection.Iterator.foreach$(Iterator.scala:943)
[2022-02-09 22:57:50,658] {spark_submit.py:514} INFO - at org.apache.spark.InterruptibleIterator.foreach(InterruptibleIterator.scala:28)
[2022-02-09 22:57:50,658] {spark_submit.py:514} INFO - at scala.collection.generic.Growable.$plus$plus$eq(Growable.scala:62)
[2022-02-09 22:57:50,658] {spark_submit.py:514} INFO - at scala.collection.generic.Growable.$plus$plus$eq$(Growable.scala:53)
[2022-02-09 22:57:50,658] {spark_submit.py:514} INFO - at scala.collection.mutable.ArrayBuffer.$plus$plus$eq(ArrayBuffer.scala:105)
[2022-02-09 22:57:50,658] {spark_submit.py:514} INFO - at scala.collection.mutable.ArrayBuffer.$plus$plus$eq(ArrayBuffer.scala:49)
[2022-02-09 22:57:50,658] {spark_submit.py:514} INFO - at scala.collection.TraversableOnce.to(TraversableOnce.scala:366)
[2022-02-09 22:57:50,659] {spark_submit.py:514} INFO - at scala.collection.TraversableOnce.to$(TraversableOnce.scala:364)
[2022-02-09 22:57:50,659] {spark_submit.py:514} INFO - at org.apache.spark.InterruptibleIterator.to(InterruptibleIterator.scala:28)
[2022-02-09 22:57:50,659] {spark_submit.py:514} INFO - at scala.collection.TraversableOnce.toBuffer(TraversableOnce.scala:358)
[2022-02-09 22:57:50,659] {spark_submit.py:514} INFO - at scala.collection.TraversableOnce.toBuffer$(TraversableOnce.scala:358)
[2022-02-09 22:57:50,659] {spark_submit.py:514} INFO - at org.apache.spark.InterruptibleIterator.toBuffer(InterruptibleIterator.scala:28)
[2022-02-09 22:57:50,659] {spark_submit.py:514} INFO - at scala.collection.TraversableOnce.toArray(TraversableOnce.scala:345)
[2022-02-09 22:57:50,659] {spark_submit.py:514} INFO - at scala.collection.TraversableOnce.toArray$(TraversableOnce.scala:339)
[2022-02-09 22:57:50,660] {spark_submit.py:514} INFO - at org.apache.spark.InterruptibleIterator.toArray(InterruptibleIterator.scala:28)
[2022-02-09 22:57:50,660] {spark_submit.py:514} INFO - at org.apache.spark.rdd.RDD.$anonfun$collect$2(RDD.scala:1030)
[2022-02-09 22:57:50,660] {spark_submit.py:514} INFO - at org.apache.spark.SparkContext.$anonfun$runJob$5(SparkContext.scala:2254)
[2022-02-09 22:57:50,660] {spark_submit.py:514} INFO - at org.apache.spark.scheduler.ResultTask.runTask(ResultTask.scala:90)
[2022-02-09 22:57:50,660] {spark_submit.py:514} INFO - at org.apache.spark.scheduler.Task.run(Task.scala:131)
[2022-02-09 22:57:50,660] {spark_submit.py:514} INFO - at org.apache.spark.executor.Executor$TaskRunner.$anonfun$run$3(Executor.scala:506)
[2022-02-09 22:57:50,660] {spark_submit.py:514} INFO - at org.apache.spark.util.Utils$.tryWithSafeFinally(Utils.scala:1462)
[2022-02-09 22:57:50,661] {spark_submit.py:514} INFO - at org.apache.spark.executor.Executor$TaskRunner.run(Executor.scala:509)
[2022-02-09 22:57:50,661] {spark_submit.py:514} INFO - at java.util.concurrent.ThreadPoolExecutor.runWorker(ThreadPoolExecutor.java:1149)
[2022-02-09 22:57:50,661] {spark_submit.py:514} INFO - at java.util.concurrent.ThreadPoolExecutor$Worker.run(ThreadPoolExecutor.java:624)
[2022-02-09 22:57:50,661] {spark_submit.py:514} INFO - at java.lang.Thread.run(Thread.java:750)
[2022-02-09 22:57:50,661] {spark_submit.py:514} INFO - 
[2022-02-09 22:57:50,680] {spark_submit.py:514} INFO - 22/02/09 22:57:50 INFO TaskSetManager: Starting task 1.1 in stage 0.0 (TID 2) (172.19.0.3, executor 2, partition 1, PROCESS_LOCAL, 4510 bytes) taskResourceAssignments Map()
[2022-02-09 22:57:50,684] {spark_submit.py:514} INFO - 22/02/09 22:57:50 INFO TaskSetManager: Lost task 0.0 in stage 0.0 (TID 0) on 172.19.0.6, executor 0: org.apache.spark.api.python.PythonException (Traceback (most recent call last):
[2022-02-09 22:57:50,684] {spark_submit.py:514} INFO - File "/opt/bitnami/spark/python/lib/pyspark.zip/pyspark/worker.py", line 601, in main
[2022-02-09 22:57:50,685] {spark_submit.py:514} INFO - func, profiler, deserializer, serializer = read_command(pickleSer, infile)
[2022-02-09 22:57:50,685] {spark_submit.py:514} INFO - File "/opt/bitnami/spark/python/lib/pyspark.zip/pyspark/worker.py", line 71, in read_command
[2022-02-09 22:57:50,685] {spark_submit.py:514} INFO - command = serializer._read_with_length(file)
[2022-02-09 22:57:50,685] {spark_submit.py:514} INFO - File "/opt/bitnami/spark/python/lib/pyspark.zip/pyspark/serializers.py", line 160, in _read_with_length
[2022-02-09 22:57:50,685] {spark_submit.py:514} INFO - return self.loads(obj)
[2022-02-09 22:57:50,685] {spark_submit.py:514} INFO - File "/opt/bitnami/spark/python/lib/pyspark.zip/pyspark/serializers.py", line 430, in loads
[2022-02-09 22:57:50,686] {spark_submit.py:514} INFO - return pickle.loads(obj, encoding=encoding)
[2022-02-09 22:57:50,686] {spark_submit.py:514} INFO - ModuleNotFoundError: No module named 'bs4'
[2022-02-09 22:57:50,686] {spark_submit.py:514} INFO - ) [duplicate 1]
[2022-02-09 22:57:50,692] {spark_submit.py:514} INFO - 22/02/09 22:57:50 INFO TaskSetManager: Starting task 0.1 in stage 0.0 (TID 3) (172.19.0.7, executor 1, partition 0, PROCESS_LOCAL, 4510 bytes) taskResourceAssignments Map()
[2022-02-09 22:57:51,209] {spark_submit.py:514} INFO - 22/02/09 22:57:51 INFO TaskSetManager: Lost task 0.1 in stage 0.0 (TID 3) on 172.19.0.7, executor 1: org.apache.spark.api.python.PythonException (Traceback (most recent call last):
[2022-02-09 22:57:51,209] {spark_submit.py:514} INFO - File "/opt/bitnami/spark/python/lib/pyspark.zip/pyspark/worker.py", line 601, in main
[2022-02-09 22:57:51,209] {spark_submit.py:514} INFO - func, profiler, deserializer, serializer = read_command(pickleSer, infile)
[2022-02-09 22:57:51,210] {spark_submit.py:514} INFO - File "/opt/bitnami/spark/python/lib/pyspark.zip/pyspark/worker.py", line 71, in read_command
[2022-02-09 22:57:51,210] {spark_submit.py:514} INFO - command = serializer._read_with_length(file)
[2022-02-09 22:57:51,210] {spark_submit.py:514} INFO - File "/opt/bitnami/spark/python/lib/pyspark.zip/pyspark/serializers.py", line 160, in _read_with_length
[2022-02-09 22:57:51,210] {spark_submit.py:514} INFO - return self.loads(obj)
[2022-02-09 22:57:51,210] {spark_submit.py:514} INFO - File "/opt/bitnami/spark/python/lib/pyspark.zip/pyspark/serializers.py", line 430, in loads
[2022-02-09 22:57:51,210] {spark_submit.py:514} INFO - return pickle.loads(obj, encoding=encoding)
[2022-02-09 22:57:51,211] {spark_submit.py:514} INFO - ModuleNotFoundError: No module named 'bs4'
[2022-02-09 22:57:51,211] {spark_submit.py:514} INFO - ) [duplicate 2]
[2022-02-09 22:57:51,216] {spark_submit.py:514} INFO - 22/02/09 22:57:51 INFO TaskSetManager: Starting task 0.2 in stage 0.0 (TID 4) (172.19.0.6, executor 0, partition 0, PROCESS_LOCAL, 4510 bytes) taskResourceAssignments Map()
[2022-02-09 22:57:51,485] {spark_submit.py:514} INFO - 22/02/09 22:57:51 INFO TaskSetManager: Lost task 0.2 in stage 0.0 (TID 4) on 172.19.0.6, executor 0: org.apache.spark.api.python.PythonException (Traceback (most recent call last):
[2022-02-09 22:57:51,485] {spark_submit.py:514} INFO - File "/opt/bitnami/spark/python/lib/pyspark.zip/pyspark/worker.py", line 601, in main
[2022-02-09 22:57:51,486] {spark_submit.py:514} INFO - func, profiler, deserializer, serializer = read_command(pickleSer, infile)
[2022-02-09 22:57:51,486] {spark_submit.py:514} INFO - File "/opt/bitnami/spark/python/lib/pyspark.zip/pyspark/worker.py", line 71, in read_command
[2022-02-09 22:57:51,486] {spark_submit.py:514} INFO - command = serializer._read_with_length(file)
[2022-02-09 22:57:51,486] {spark_submit.py:514} INFO - File "/opt/bitnami/spark/python/lib/pyspark.zip/pyspark/serializers.py", line 160, in _read_with_length
[2022-02-09 22:57:51,486] {spark_submit.py:514} INFO - return self.loads(obj)
[2022-02-09 22:57:51,486] {spark_submit.py:514} INFO - File "/opt/bitnami/spark/python/lib/pyspark.zip/pyspark/serializers.py", line 430, in loads
[2022-02-09 22:57:51,486] {spark_submit.py:514} INFO - return pickle.loads(obj, encoding=encoding)
[2022-02-09 22:57:51,487] {spark_submit.py:514} INFO - ModuleNotFoundError: No module named 'bs4'
[2022-02-09 22:57:51,487] {spark_submit.py:514} INFO - ) [duplicate 3]
[2022-02-09 22:57:51,493] {spark_submit.py:514} INFO - 22/02/09 22:57:51 INFO TaskSetManager: Starting task 0.3 in stage 0.0 (TID 5) (172.19.0.7, executor 1, partition 0, PROCESS_LOCAL, 4510 bytes) taskResourceAssignments Map()
[2022-02-09 22:57:51,647] {spark_submit.py:514} INFO - 22/02/09 22:57:51 INFO TaskSetManager: Lost task 0.3 in stage 0.0 (TID 5) on 172.19.0.7, executor 1: org.apache.spark.api.python.PythonException (Traceback (most recent call last):
[2022-02-09 22:57:51,647] {spark_submit.py:514} INFO - File "/opt/bitnami/spark/python/lib/pyspark.zip/pyspark/worker.py", line 601, in main
[2022-02-09 22:57:51,648] {spark_submit.py:514} INFO - func, profiler, deserializer, serializer = read_command(pickleSer, infile)
[2022-02-09 22:57:51,648] {spark_submit.py:514} INFO - File "/opt/bitnami/spark/python/lib/pyspark.zip/pyspark/worker.py", line 71, in read_command
[2022-02-09 22:57:51,648] {spark_submit.py:514} INFO - command = serializer._read_with_length(file)
[2022-02-09 22:57:51,648] {spark_submit.py:514} INFO - File "/opt/bitnami/spark/python/lib/pyspark.zip/pyspark/serializers.py", line 160, in _read_with_length
[2022-02-09 22:57:51,648] {spark_submit.py:514} INFO - return self.loads(obj)
[2022-02-09 22:57:51,648] {spark_submit.py:514} INFO - File "/opt/bitnami/spark/python/lib/pyspark.zip/pyspark/serializers.py", line 430, in loads
[2022-02-09 22:57:51,648] {spark_submit.py:514} INFO - return pickle.loads(obj, encoding=encoding)
[2022-02-09 22:57:51,649] {spark_submit.py:514} INFO - ModuleNotFoundError: No module named 'bs4'
[2022-02-09 22:57:51,649] {spark_submit.py:514} INFO - ) [duplicate 4]
[2022-02-09 22:57:51,649] {spark_submit.py:514} INFO - 22/02/09 22:57:51 ERROR TaskSetManager: Task 0 in stage 0.0 failed 4 times; aborting job
[2022-02-09 22:57:51,656] {spark_submit.py:514} INFO - 22/02/09 22:57:51 INFO TaskSchedulerImpl: Cancelling stage 0
[2022-02-09 22:57:51,657] {spark_submit.py:514} INFO - 22/02/09 22:57:51 INFO TaskSchedulerImpl: Killing all running tasks in stage 0: Stage cancelled
[2022-02-09 22:57:51,665] {spark_submit.py:514} INFO - 22/02/09 22:57:51 INFO TaskSchedulerImpl: Stage 0 was cancelled
[2022-02-09 22:57:51,800] {spark_submit.py:514} INFO - 22/02/09 22:57:51 INFO BlockManagerInfo: Added broadcast_1_piece0 in memory on 172.19.0.3:41833 (size: 4.7 KiB, free: 366.3 MiB)
[2022-02-09 22:57:52,325] {spark_submit.py:514} INFO - 22/02/09 22:57:52 INFO DAGScheduler: ResultStage 0 (collect at /opt/bitnami/spark/app/test.py:30) failed in 149.505 s due to Job aborted due to stage failure: Task 0 in stage 0.0 failed 4 times, most recent failure: Lost task 0.3 in stage 0.0 (TID 5) (172.19.0.7 executor 1): org.apache.spark.api.python.PythonException: Traceback (most recent call last):
[2022-02-09 22:57:52,325] {spark_submit.py:514} INFO - File "/opt/bitnami/spark/python/lib/pyspark.zip/pyspark/worker.py", line 601, in main
[2022-02-09 22:57:52,326] {spark_submit.py:514} INFO - func, profiler, deserializer, serializer = read_command(pickleSer, infile)
[2022-02-09 22:57:52,326] {spark_submit.py:514} INFO - File "/opt/bitnami/spark/python/lib/pyspark.zip/pyspark/worker.py", line 71, in read_command
[2022-02-09 22:57:52,326] {spark_submit.py:514} INFO - command = serializer._read_with_length(file)
[2022-02-09 22:57:52,326] {spark_submit.py:514} INFO - File "/opt/bitnami/spark/python/lib/pyspark.zip/pyspark/serializers.py", line 160, in _read_with_length
[2022-02-09 22:57:52,326] {spark_submit.py:514} INFO - return self.loads(obj)
[2022-02-09 22:57:52,326] {spark_submit.py:514} INFO - File "/opt/bitnami/spark/python/lib/pyspark.zip/pyspark/serializers.py", line 430, in loads
[2022-02-09 22:57:52,326] {spark_submit.py:514} INFO - return pickle.loads(obj, encoding=encoding)
[2022-02-09 22:57:52,327] {spark_submit.py:514} INFO - ModuleNotFoundError: No module named 'bs4'
[2022-02-09 22:57:52,327] {spark_submit.py:514} INFO - 
[2022-02-09 22:57:52,327] {spark_submit.py:514} INFO - at org.apache.spark.api.python.BasePythonRunner$ReaderIterator.handlePythonException(PythonRunner.scala:555)
[2022-02-09 22:57:52,327] {spark_submit.py:514} INFO - at org.apache.spark.api.python.PythonRunner$$anon$3.read(PythonRunner.scala:713)
[2022-02-09 22:57:52,327] {spark_submit.py:514} INFO - at org.apache.spark.api.python.PythonRunner$$anon$3.read(PythonRunner.scala:695)
[2022-02-09 22:57:52,327] {spark_submit.py:514} INFO - at org.apache.spark.api.python.BasePythonRunner$ReaderIterator.hasNext(PythonRunner.scala:508)
[2022-02-09 22:57:52,328] {spark_submit.py:514} INFO - at org.apache.spark.InterruptibleIterator.hasNext(InterruptibleIterator.scala:37)
[2022-02-09 22:57:52,328] {spark_submit.py:514} INFO - at scala.collection.Iterator.foreach(Iterator.scala:943)
[2022-02-09 22:57:52,328] {spark_submit.py:514} INFO - at scala.collection.Iterator.foreach$(Iterator.scala:943)
[2022-02-09 22:57:52,328] {spark_submit.py:514} INFO - at org.apache.spark.InterruptibleIterator.foreach(InterruptibleIterator.scala:28)
[2022-02-09 22:57:52,328] {spark_submit.py:514} INFO - at scala.collection.generic.Growable.$plus$plus$eq(Growable.scala:62)
[2022-02-09 22:57:52,328] {spark_submit.py:514} INFO - at scala.collection.generic.Growable.$plus$plus$eq$(Growable.scala:53)
[2022-02-09 22:57:52,328] {spark_submit.py:514} INFO - at scala.collection.mutable.ArrayBuffer.$plus$plus$eq(ArrayBuffer.scala:105)
[2022-02-09 22:57:52,329] {spark_submit.py:514} INFO - at scala.collection.mutable.ArrayBuffer.$plus$plus$eq(ArrayBuffer.scala:49)
[2022-02-09 22:57:52,329] {spark_submit.py:514} INFO - at scala.collection.TraversableOnce.to(TraversableOnce.scala:366)
[2022-02-09 22:57:52,329] {spark_submit.py:514} INFO - at scala.collection.TraversableOnce.to$(TraversableOnce.scala:364)
[2022-02-09 22:57:52,329] {spark_submit.py:514} INFO - at org.apache.spark.InterruptibleIterator.to(InterruptibleIterator.scala:28)
[2022-02-09 22:57:52,329] {spark_submit.py:514} INFO - at scala.collection.TraversableOnce.toBuffer(TraversableOnce.scala:358)
[2022-02-09 22:57:52,329] {spark_submit.py:514} INFO - at scala.collection.TraversableOnce.toBuffer$(TraversableOnce.scala:358)
[2022-02-09 22:57:52,330] {spark_submit.py:514} INFO - at org.apache.spark.InterruptibleIterator.toBuffer(InterruptibleIterator.scala:28)
[2022-02-09 22:57:52,330] {spark_submit.py:514} INFO - at scala.collection.TraversableOnce.toArray(TraversableOnce.scala:345)
[2022-02-09 22:57:52,330] {spark_submit.py:514} INFO - at scala.collection.TraversableOnce.toArray$(TraversableOnce.scala:339)
[2022-02-09 22:57:52,330] {spark_submit.py:514} INFO - at org.apache.spark.InterruptibleIterator.toArray(InterruptibleIterator.scala:28)
[2022-02-09 22:57:52,330] {spark_submit.py:514} INFO - at org.apache.spark.rdd.RDD.$anonfun$collect$2(RDD.scala:1030)
[2022-02-09 22:57:52,330] {spark_submit.py:514} INFO - at org.apache.spark.SparkContext.$anonfun$runJob$5(SparkContext.scala:2254)
[2022-02-09 22:57:52,330] {spark_submit.py:514} INFO - at org.apache.spark.scheduler.ResultTask.runTask(ResultTask.scala:90)
[2022-02-09 22:57:52,331] {spark_submit.py:514} INFO - at org.apache.spark.scheduler.Task.run(Task.scala:131)
[2022-02-09 22:57:52,331] {spark_submit.py:514} INFO - at org.apache.spark.executor.Executor$TaskRunner.$anonfun$run$3(Executor.scala:506)
[2022-02-09 22:57:52,331] {spark_submit.py:514} INFO - at org.apache.spark.util.Utils$.tryWithSafeFinally(Utils.scala:1462)
[2022-02-09 22:57:52,331] {spark_submit.py:514} INFO - at org.apache.spark.executor.Executor$TaskRunner.run(Executor.scala:509)
[2022-02-09 22:57:52,331] {spark_submit.py:514} INFO - at java.util.concurrent.ThreadPoolExecutor.runWorker(ThreadPoolExecutor.java:1149)
[2022-02-09 22:57:52,331] {spark_submit.py:514} INFO - at java.util.concurrent.ThreadPoolExecutor$Worker.run(ThreadPoolExecutor.java:624)
[2022-02-09 22:57:52,331] {spark_submit.py:514} INFO - at java.lang.Thread.run(Thread.java:750)
[2022-02-09 22:57:52,332] {spark_submit.py:514} INFO - 
[2022-02-09 22:57:52,332] {spark_submit.py:514} INFO - Driver stacktrace:
[2022-02-09 22:57:52,332] {spark_submit.py:514} INFO - 22/02/09 22:57:52 INFO DAGScheduler: Job 0 failed: collect at /opt/bitnami/spark/app/test.py:30, took 150.686373 s
[2022-02-09 22:57:52,557] {spark_submit.py:514} INFO - Traceback (most recent call last):
[2022-02-09 22:57:52,557] {spark_submit.py:514} INFO - File "/opt/bitnami/spark/app/test.py", line 39, in <module>
[2022-02-09 22:57:52,644] {spark_submit.py:514} INFO - spark_job()
[2022-02-09 22:57:52,645] {spark_submit.py:514} INFO - File "/opt/bitnami/spark/app/test.py", line 30, in spark_job
[2022-02-09 22:57:52,645] {spark_submit.py:514} INFO - temp_rdd = temp.collect()
[2022-02-09 22:57:52,645] {spark_submit.py:514} INFO - File "/home/***/.local/lib/python3.8/site-packages/pyspark/python/lib/pyspark.zip/pyspark/rdd.py", line 950, in collect
[2022-02-09 22:57:52,866] {spark_submit.py:514} INFO - File "/home/***/.local/lib/python3.8/site-packages/pyspark/python/lib/py4j-0.10.9.3-src.zip/py4j/java_gateway.py", line 1321, in __call__
[2022-02-09 22:57:52,886] {spark_submit.py:514} INFO - File "/home/***/.local/lib/python3.8/site-packages/pyspark/python/lib/py4j-0.10.9.3-src.zip/py4j/protocol.py", line 326, in get_return_value
[2022-02-09 22:57:52,928] {spark_submit.py:514} INFO - py4j.protocol.Py4JJavaError: An error occurred while calling z:org.apache.spark.api.python.PythonRDD.collectAndServe.
[2022-02-09 22:57:52,928] {spark_submit.py:514} INFO - : org.apache.spark.SparkException: Job aborted due to stage failure: Task 0 in stage 0.0 failed 4 times, most recent failure: Lost task 0.3 in stage 0.0 (TID 5) (172.19.0.7 executor 1): org.apache.spark.api.python.PythonException: Traceback (most recent call last):
[2022-02-09 22:57:52,928] {spark_submit.py:514} INFO - File "/opt/bitnami/spark/python/lib/pyspark.zip/pyspark/worker.py", line 601, in main
[2022-02-09 22:57:52,928] {spark_submit.py:514} INFO - func, profiler, deserializer, serializer = read_command(pickleSer, infile)
[2022-02-09 22:57:52,928] {spark_submit.py:514} INFO - File "/opt/bitnami/spark/python/lib/pyspark.zip/pyspark/worker.py", line 71, in read_command
[2022-02-09 22:57:52,929] {spark_submit.py:514} INFO - command = serializer._read_with_length(file)
[2022-02-09 22:57:52,929] {spark_submit.py:514} INFO - File "/opt/bitnami/spark/python/lib/pyspark.zip/pyspark/serializers.py", line 160, in _read_with_length
[2022-02-09 22:57:52,929] {spark_submit.py:514} INFO - return self.loads(obj)
[2022-02-09 22:57:52,929] {spark_submit.py:514} INFO - File "/opt/bitnami/spark/python/lib/pyspark.zip/pyspark/serializers.py", line 430, in loads
[2022-02-09 22:57:52,929] {spark_submit.py:514} INFO - return pickle.loads(obj, encoding=encoding)
[2022-02-09 22:57:52,929] {spark_submit.py:514} INFO - ModuleNotFoundError: No module named 'bs4'
[2022-02-09 22:57:52,930] {spark_submit.py:514} INFO - 
[2022-02-09 22:57:52,930] {spark_submit.py:514} INFO - at org.apache.spark.api.python.BasePythonRunner$ReaderIterator.handlePythonException(PythonRunner.scala:555)
[2022-02-09 22:57:52,930] {spark_submit.py:514} INFO - at org.apache.spark.api.python.PythonRunner$$anon$3.read(PythonRunner.scala:713)
[2022-02-09 22:57:52,930] {spark_submit.py:514} INFO - at org.apache.spark.api.python.PythonRunner$$anon$3.read(PythonRunner.scala:695)
[2022-02-09 22:57:52,930] {spark_submit.py:514} INFO - at org.apache.spark.api.python.BasePythonRunner$ReaderIterator.hasNext(PythonRunner.scala:508)
[2022-02-09 22:57:52,930] {spark_submit.py:514} INFO - at org.apache.spark.InterruptibleIterator.hasNext(InterruptibleIterator.scala:37)
[2022-02-09 22:57:52,931] {spark_submit.py:514} INFO - at scala.collection.Iterator.foreach(Iterator.scala:943)
[2022-02-09 22:57:52,931] {spark_submit.py:514} INFO - at scala.collection.Iterator.foreach$(Iterator.scala:943)
[2022-02-09 22:57:52,931] {spark_submit.py:514} INFO - at org.apache.spark.InterruptibleIterator.foreach(InterruptibleIterator.scala:28)
[2022-02-09 22:57:52,931] {spark_submit.py:514} INFO - at scala.collection.generic.Growable.$plus$plus$eq(Growable.scala:62)
[2022-02-09 22:57:52,936] {spark_submit.py:514} INFO - at scala.collection.generic.Growable.$plus$plus$eq$(Growable.scala:53)
[2022-02-09 22:57:52,938] {spark_submit.py:514} INFO - at scala.collection.mutable.ArrayBuffer.$plus$plus$eq(ArrayBuffer.scala:105)
[2022-02-09 22:57:52,938] {spark_submit.py:514} INFO - at scala.collection.mutable.ArrayBuffer.$plus$plus$eq(ArrayBuffer.scala:49)
[2022-02-09 22:57:52,938] {spark_submit.py:514} INFO - at scala.collection.TraversableOnce.to(TraversableOnce.scala:366)
[2022-02-09 22:57:52,938] {spark_submit.py:514} INFO - at scala.collection.TraversableOnce.to$(TraversableOnce.scala:364)
[2022-02-09 22:57:52,938] {spark_submit.py:514} INFO - at org.apache.spark.InterruptibleIterator.to(InterruptibleIterator.scala:28)
[2022-02-09 22:57:52,938] {spark_submit.py:514} INFO - at scala.collection.TraversableOnce.toBuffer(TraversableOnce.scala:358)
[2022-02-09 22:57:52,938] {spark_submit.py:514} INFO - at scala.collection.TraversableOnce.toBuffer$(TraversableOnce.scala:358)
[2022-02-09 22:57:52,938] {spark_submit.py:514} INFO - at org.apache.spark.InterruptibleIterator.toBuffer(InterruptibleIterator.scala:28)
[2022-02-09 22:57:52,939] {spark_submit.py:514} INFO - at scala.collection.TraversableOnce.toArray(TraversableOnce.scala:345)
[2022-02-09 22:57:52,939] {spark_submit.py:514} INFO - at scala.collection.TraversableOnce.toArray$(TraversableOnce.scala:339)
[2022-02-09 22:57:52,939] {spark_submit.py:514} INFO - at org.apache.spark.InterruptibleIterator.toArray(InterruptibleIterator.scala:28)
[2022-02-09 22:57:52,939] {spark_submit.py:514} INFO - at org.apache.spark.rdd.RDD.$anonfun$collect$2(RDD.scala:1030)
[2022-02-09 22:57:52,939] {spark_submit.py:514} INFO - at org.apache.spark.SparkContext.$anonfun$runJob$5(SparkContext.scala:2254)
[2022-02-09 22:57:52,939] {spark_submit.py:514} INFO - at org.apache.spark.scheduler.ResultTask.runTask(ResultTask.scala:90)
[2022-02-09 22:57:52,939] {spark_submit.py:514} INFO - at org.apache.spark.scheduler.Task.run(Task.scala:131)
[2022-02-09 22:57:52,939] {spark_submit.py:514} INFO - at org.apache.spark.executor.Executor$TaskRunner.$anonfun$run$3(Executor.scala:506)
[2022-02-09 22:57:52,940] {spark_submit.py:514} INFO - at org.apache.spark.util.Utils$.tryWithSafeFinally(Utils.scala:1462)
[2022-02-09 22:57:52,940] {spark_submit.py:514} INFO - at org.apache.spark.executor.Executor$TaskRunner.run(Executor.scala:509)
[2022-02-09 22:57:52,940] {spark_submit.py:514} INFO - at java.util.concurrent.ThreadPoolExecutor.runWorker(ThreadPoolExecutor.java:1149)
[2022-02-09 22:57:52,940] {spark_submit.py:514} INFO - at java.util.concurrent.ThreadPoolExecutor$Worker.run(ThreadPoolExecutor.java:624)
[2022-02-09 22:57:52,940] {spark_submit.py:514} INFO - at java.lang.Thread.run(Thread.java:750)
[2022-02-09 22:57:52,940] {spark_submit.py:514} INFO - 
[2022-02-09 22:57:52,940] {spark_submit.py:514} INFO - Driver stacktrace:
[2022-02-09 22:57:52,941] {spark_submit.py:514} INFO - at org.apache.spark.scheduler.DAGScheduler.failJobAndIndependentStages(DAGScheduler.scala:2454)
[2022-02-09 22:57:52,941] {spark_submit.py:514} INFO - at org.apache.spark.scheduler.DAGScheduler.$anonfun$abortStage$2(DAGScheduler.scala:2403)
[2022-02-09 22:57:52,941] {spark_submit.py:514} INFO - at org.apache.spark.scheduler.DAGScheduler.$anonfun$abortStage$2$adapted(DAGScheduler.scala:2402)
[2022-02-09 22:57:52,941] {spark_submit.py:514} INFO - at scala.collection.mutable.ResizableArray.foreach(ResizableArray.scala:62)
[2022-02-09 22:57:52,941] {spark_submit.py:514} INFO - at scala.collection.mutable.ResizableArray.foreach$(ResizableArray.scala:55)
[2022-02-09 22:57:52,941] {spark_submit.py:514} INFO - at scala.collection.mutable.ArrayBuffer.foreach(ArrayBuffer.scala:49)
[2022-02-09 22:57:52,941] {spark_submit.py:514} INFO - at org.apache.spark.scheduler.DAGScheduler.abortStage(DAGScheduler.scala:2402)
[2022-02-09 22:57:52,942] {spark_submit.py:514} INFO - at org.apache.spark.scheduler.DAGScheduler.$anonfun$handleTaskSetFailed$1(DAGScheduler.scala:1160)
[2022-02-09 22:57:52,942] {spark_submit.py:514} INFO - at org.apache.spark.scheduler.DAGScheduler.$anonfun$handleTaskSetFailed$1$adapted(DAGScheduler.scala:1160)
[2022-02-09 22:57:52,942] {spark_submit.py:514} INFO - at scala.Option.foreach(Option.scala:407)
[2022-02-09 22:57:52,942] {spark_submit.py:514} INFO - at org.apache.spark.scheduler.DAGScheduler.handleTaskSetFailed(DAGScheduler.scala:1160)
[2022-02-09 22:57:52,942] {spark_submit.py:514} INFO - at org.apache.spark.scheduler.DAGSchedulerEventProcessLoop.doOnReceive(DAGScheduler.scala:2642)
[2022-02-09 22:57:52,942] {spark_submit.py:514} INFO - at org.apache.spark.scheduler.DAGSchedulerEventProcessLoop.onReceive(DAGScheduler.scala:2584)
[2022-02-09 22:57:52,942] {spark_submit.py:514} INFO - at org.apache.spark.scheduler.DAGSchedulerEventProcessLoop.onReceive(DAGScheduler.scala:2573)
[2022-02-09 22:57:52,943] {spark_submit.py:514} INFO - at org.apache.spark.util.EventLoop$$anon$1.run(EventLoop.scala:49)
[2022-02-09 22:57:52,943] {spark_submit.py:514} INFO - at org.apache.spark.scheduler.DAGScheduler.runJob(DAGScheduler.scala:938)
[2022-02-09 22:57:52,943] {spark_submit.py:514} INFO - at org.apache.spark.SparkContext.runJob(SparkContext.scala:2214)
[2022-02-09 22:57:52,943] {spark_submit.py:514} INFO - at org.apache.spark.SparkContext.runJob(SparkContext.scala:2235)
[2022-02-09 22:57:52,943] {spark_submit.py:514} INFO - at org.apache.spark.SparkContext.runJob(SparkContext.scala:2254)
[2022-02-09 22:57:52,943] {spark_submit.py:514} INFO - at org.apache.spark.SparkContext.runJob(SparkContext.scala:2279)
[2022-02-09 22:57:52,943] {spark_submit.py:514} INFO - at org.apache.spark.rdd.RDD.$anonfun$collect$1(RDD.scala:1030)
[2022-02-09 22:57:52,944] {spark_submit.py:514} INFO - at org.apache.spark.rdd.RDDOperationScope$.withScope(RDDOperationScope.scala:151)
[2022-02-09 22:57:52,944] {spark_submit.py:514} INFO - at org.apache.spark.rdd.RDDOperationScope$.withScope(RDDOperationScope.scala:112)
[2022-02-09 22:57:52,944] {spark_submit.py:514} INFO - at org.apache.spark.rdd.RDD.withScope(RDD.scala:414)
[2022-02-09 22:57:52,944] {spark_submit.py:514} INFO - at org.apache.spark.rdd.RDD.collect(RDD.scala:1029)
[2022-02-09 22:57:52,944] {spark_submit.py:514} INFO - at org.apache.spark.api.python.PythonRDD$.collectAndServe(PythonRDD.scala:180)
[2022-02-09 22:57:52,944] {spark_submit.py:514} INFO - at org.apache.spark.api.python.PythonRDD.collectAndServe(PythonRDD.scala)
[2022-02-09 22:57:52,944] {spark_submit.py:514} INFO - at java.base/jdk.internal.reflect.NativeMethodAccessorImpl.invoke0(Native Method)
[2022-02-09 22:57:52,945] {spark_submit.py:514} INFO - at java.base/jdk.internal.reflect.NativeMethodAccessorImpl.invoke(NativeMethodAccessorImpl.java:62)
[2022-02-09 22:57:52,945] {spark_submit.py:514} INFO - at java.base/jdk.internal.reflect.DelegatingMethodAccessorImpl.invoke(DelegatingMethodAccessorImpl.java:43)
[2022-02-09 22:57:52,945] {spark_submit.py:514} INFO - at java.base/java.lang.reflect.Method.invoke(Method.java:566)
[2022-02-09 22:57:52,945] {spark_submit.py:514} INFO - at py4j.reflection.MethodInvoker.invoke(MethodInvoker.java:244)
[2022-02-09 22:57:52,945] {spark_submit.py:514} INFO - at py4j.reflection.ReflectionEngine.invoke(ReflectionEngine.java:357)
[2022-02-09 22:57:52,945] {spark_submit.py:514} INFO - at py4j.Gateway.invoke(Gateway.java:282)
[2022-02-09 22:57:52,946] {spark_submit.py:514} INFO - at py4j.commands.AbstractCommand.invokeMethod(AbstractCommand.java:132)
[2022-02-09 22:57:52,946] {spark_submit.py:514} INFO - at py4j.commands.CallCommand.execute(CallCommand.java:79)
[2022-02-09 22:57:52,946] {spark_submit.py:514} INFO - at py4j.ClientServerConnection.waitForCommands(ClientServerConnection.java:182)
[2022-02-09 22:57:52,946] {spark_submit.py:514} INFO - at py4j.ClientServerConnection.run(ClientServerConnection.java:106)
[2022-02-09 22:57:52,946] {spark_submit.py:514} INFO - at java.base/java.lang.Thread.run(Thread.java:829)
[2022-02-09 22:57:52,946] {spark_submit.py:514} INFO - Caused by: org.apache.spark.api.python.PythonException: Traceback (most recent call last):
[2022-02-09 22:57:52,946] {spark_submit.py:514} INFO - File "/opt/bitnami/spark/python/lib/pyspark.zip/pyspark/worker.py", line 601, in main
[2022-02-09 22:57:52,947] {spark_submit.py:514} INFO - func, profiler, deserializer, serializer = read_command(pickleSer, infile)
[2022-02-09 22:57:52,947] {spark_submit.py:514} INFO - File "/opt/bitnami/spark/python/lib/pyspark.zip/pyspark/worker.py", line 71, in read_command
[2022-02-09 22:57:52,947] {spark_submit.py:514} INFO - command = serializer._read_with_length(file)
[2022-02-09 22:57:52,948] {spark_submit.py:514} INFO - File "/opt/bitnami/spark/python/lib/pyspark.zip/pyspark/serializers.py", line 160, in _read_with_length
[2022-02-09 22:57:52,948] {spark_submit.py:514} INFO - return self.loads(obj)
[2022-02-09 22:57:52,952] {spark_submit.py:514} INFO - File "/opt/bitnami/spark/python/lib/pyspark.zip/pyspark/serializers.py", line 430, in loads
[2022-02-09 22:57:52,952] {spark_submit.py:514} INFO - return pickle.loads(obj, encoding=encoding)
[2022-02-09 22:57:52,952] {spark_submit.py:514} INFO - ModuleNotFoundError: No module named 'bs4'
[2022-02-09 22:57:52,952] {spark_submit.py:514} INFO - 
[2022-02-09 22:57:52,953] {spark_submit.py:514} INFO - at org.apache.spark.api.python.BasePythonRunner$ReaderIterator.handlePythonException(PythonRunner.scala:555)
[2022-02-09 22:57:52,964] {spark_submit.py:514} INFO - at org.apache.spark.api.python.PythonRunner$$anon$3.read(PythonRunner.scala:713)
[2022-02-09 22:57:52,964] {spark_submit.py:514} INFO - at org.apache.spark.api.python.PythonRunner$$anon$3.read(PythonRunner.scala:695)
[2022-02-09 22:57:52,964] {spark_submit.py:514} INFO - at org.apache.spark.api.python.BasePythonRunner$ReaderIterator.hasNext(PythonRunner.scala:508)
[2022-02-09 22:57:52,964] {spark_submit.py:514} INFO - at org.apache.spark.InterruptibleIterator.hasNext(InterruptibleIterator.scala:37)
[2022-02-09 22:57:52,964] {spark_submit.py:514} INFO - at scala.collection.Iterator.foreach(Iterator.scala:943)
[2022-02-09 22:57:52,965] {spark_submit.py:514} INFO - at scala.collection.Iterator.foreach$(Iterator.scala:943)
[2022-02-09 22:57:52,965] {spark_submit.py:514} INFO - at org.apache.spark.InterruptibleIterator.foreach(InterruptibleIterator.scala:28)
[2022-02-09 22:57:52,965] {spark_submit.py:514} INFO - at scala.collection.generic.Growable.$plus$plus$eq(Growable.scala:62)
[2022-02-09 22:57:52,965] {spark_submit.py:514} INFO - at scala.collection.generic.Growable.$plus$plus$eq$(Growable.scala:53)
[2022-02-09 22:57:52,965] {spark_submit.py:514} INFO - at scala.collection.mutable.ArrayBuffer.$plus$plus$eq(ArrayBuffer.scala:105)
[2022-02-09 22:57:52,965] {spark_submit.py:514} INFO - at scala.collection.mutable.ArrayBuffer.$plus$plus$eq(ArrayBuffer.scala:49)
[2022-02-09 22:57:52,965] {spark_submit.py:514} INFO - at scala.collection.TraversableOnce.to(TraversableOnce.scala:366)
[2022-02-09 22:57:52,966] {spark_submit.py:514} INFO - at scala.collection.TraversableOnce.to$(TraversableOnce.scala:364)
[2022-02-09 22:57:52,966] {spark_submit.py:514} INFO - at org.apache.spark.InterruptibleIterator.to(InterruptibleIterator.scala:28)
[2022-02-09 22:57:52,966] {spark_submit.py:514} INFO - at scala.collection.TraversableOnce.toBuffer(TraversableOnce.scala:358)
[2022-02-09 22:57:52,966] {spark_submit.py:514} INFO - at scala.collection.TraversableOnce.toBuffer$(TraversableOnce.scala:358)
[2022-02-09 22:57:52,966] {spark_submit.py:514} INFO - at org.apache.spark.InterruptibleIterator.toBuffer(InterruptibleIterator.scala:28)
[2022-02-09 22:57:52,966] {spark_submit.py:514} INFO - at scala.collection.TraversableOnce.toArray(TraversableOnce.scala:345)
[2022-02-09 22:57:52,966] {spark_submit.py:514} INFO - at scala.collection.TraversableOnce.toArray$(TraversableOnce.scala:339)
[2022-02-09 22:57:52,967] {spark_submit.py:514} INFO - at org.apache.spark.InterruptibleIterator.toArray(InterruptibleIterator.scala:28)
[2022-02-09 22:57:52,967] {spark_submit.py:514} INFO - at org.apache.spark.rdd.RDD.$anonfun$collect$2(RDD.scala:1030)
[2022-02-09 22:57:52,967] {spark_submit.py:514} INFO - at org.apache.spark.SparkContext.$anonfun$runJob$5(SparkContext.scala:2254)
[2022-02-09 22:57:52,967] {spark_submit.py:514} INFO - at org.apache.spark.scheduler.ResultTask.runTask(ResultTask.scala:90)
[2022-02-09 22:57:52,967] {spark_submit.py:514} INFO - at org.apache.spark.scheduler.Task.run(Task.scala:131)
[2022-02-09 22:57:52,968] {spark_submit.py:514} INFO - at org.apache.spark.executor.Executor$TaskRunner.$anonfun$run$3(Executor.scala:506)
[2022-02-09 22:57:52,968] {spark_submit.py:514} INFO - at org.apache.spark.util.Utils$.tryWithSafeFinally(Utils.scala:1462)
[2022-02-09 22:57:52,968] {spark_submit.py:514} INFO - at org.apache.spark.executor.Executor$TaskRunner.run(Executor.scala:509)
[2022-02-09 22:57:52,968] {spark_submit.py:514} INFO - at java.util.concurrent.ThreadPoolExecutor.runWorker(ThreadPoolExecutor.java:1149)
[2022-02-09 22:57:52,968] {spark_submit.py:514} INFO - at java.util.concurrent.ThreadPoolExecutor$Worker.run(ThreadPoolExecutor.java:624)
[2022-02-09 22:57:52,968] {spark_submit.py:514} INFO - at java.lang.Thread.run(Thread.java:750)
[2022-02-09 22:57:52,968] {spark_submit.py:514} INFO - 
[2022-02-09 22:57:53,414] {spark_submit.py:514} INFO - 22/02/09 22:57:53 INFO BlockManagerInfo: Added broadcast_0_piece0 in memory on 172.19.0.3:41833 (size: 32.1 KiB, free: 366.3 MiB)
[2022-02-09 22:58:01,788] {spark_submit.py:514} INFO - 22/02/09 22:58:01 WARN TaskSetManager: Lost task 1.1 in stage 0.0 (TID 2) (172.19.0.3 executor 2): TaskKilled (Stage cancelled)
[2022-02-09 22:58:01,790] {spark_submit.py:514} INFO - 22/02/09 22:58:01 INFO TaskSchedulerImpl: Removed TaskSet 0.0, whose tasks have all completed, from pool
[2022-02-09 22:58:05,522] {spark_submit.py:514} INFO - 22/02/09 22:58:05 INFO SparkContext: Invoking stop() from shutdown hook
[2022-02-09 22:58:06,303] {spark_submit.py:514} INFO - 22/02/09 22:58:06 INFO SparkUI: Stopped Spark web UI at http://d037e04b36e5:4040
[2022-02-09 22:58:06,309] {spark_submit.py:514} INFO - 22/02/09 22:58:06 INFO StandaloneSchedulerBackend: Shutting down all executors
[2022-02-09 22:58:06,310] {spark_submit.py:514} INFO - 22/02/09 22:58:06 INFO CoarseGrainedSchedulerBackend$DriverEndpoint: Asking each executor to shut down
[2022-02-09 22:58:06,639] {spark_submit.py:514} INFO - 22/02/09 22:58:06 INFO MapOutputTrackerMasterEndpoint: MapOutputTrackerMasterEndpoint stopped!
[2022-02-09 22:58:10,756] {spark_submit.py:514} INFO - 22/02/09 22:58:10 INFO MemoryStore: MemoryStore cleared
[2022-02-09 22:58:10,757] {spark_submit.py:514} INFO - 22/02/09 22:58:10 INFO BlockManager: BlockManager stopped
[2022-02-09 22:58:10,842] {spark_submit.py:514} INFO - 22/02/09 22:58:10 INFO BlockManagerMaster: BlockManagerMaster stopped
[2022-02-09 22:58:10,914] {spark_submit.py:514} INFO - 22/02/09 22:58:10 INFO OutputCommitCoordinator$OutputCommitCoordinatorEndpoint: OutputCommitCoordinator stopped!
[2022-02-09 22:58:10,929] {spark_submit.py:514} INFO - 22/02/09 22:58:10 INFO SparkContext: Successfully stopped SparkContext
[2022-02-09 22:58:10,929] {spark_submit.py:514} INFO - 22/02/09 22:58:10 INFO ShutdownHookManager: Shutdown hook called
[2022-02-09 22:58:10,930] {spark_submit.py:514} INFO - 22/02/09 22:58:10 INFO ShutdownHookManager: Deleting directory /tmp/spark-ceb7ffca-38f7-4a19-a279-57d66f22f6ba
[2022-02-09 22:58:10,948] {spark_submit.py:514} INFO - 22/02/09 22:58:10 INFO ShutdownHookManager: Deleting directory /tmp/spark-c8be2f65-61f0-4961-b850-bd55c0cc1588
[2022-02-09 22:58:10,964] {spark_submit.py:514} INFO - 22/02/09 22:58:10 INFO ShutdownHookManager: Deleting directory /tmp/spark-c8be2f65-61f0-4961-b850-bd55c0cc1588/pyspark-d95d995f-74e7-4db3-aeb1-f7ca87799790
[2022-02-09 22:58:13,961] {taskinstance.py:1501} ERROR - Task failed with exception
Traceback (most recent call last):
  File "/home/airflow/.local/lib/python3.8/site-packages/airflow/models/taskinstance.py", line 1157, in _run_raw_task
    self._prepare_and_execute_task_with_callbacks(context, task)
  File "/home/airflow/.local/lib/python3.8/site-packages/airflow/models/taskinstance.py", line 1331, in _prepare_and_execute_task_with_callbacks
    result = self._execute_task(context, task_copy)
  File "/home/airflow/.local/lib/python3.8/site-packages/airflow/models/taskinstance.py", line 1361, in _execute_task
    result = task_copy.execute(context=context)
  File "/home/airflow/.local/lib/python3.8/site-packages/airflow/providers/apache/spark/operators/spark_submit.py", line 182, in execute
    self._hook.submit(self._application)
  File "/home/airflow/.local/lib/python3.8/site-packages/airflow/providers/apache/spark/hooks/spark_submit.py", line 445, in submit
    raise AirflowException(
airflow.exceptions.AirflowException: Cannot execute: spark-submit --master spark://spark:7077 --conf spark.master=spark://spark:7077 --name test --verbose --queue root.default /opt/bitnami/spark/app/test.py. Error code is: 1.
[2022-02-09 22:58:14,302] {taskinstance.py:1544} INFO - Marking task as FAILED. dag_id=spark_first_run, task_id=spark_job, execution_date=20220209T225332, start_date=20220209T225337, end_date=20220209T225814
[2022-02-09 22:58:14,796] {local_task_job.py:151} INFO - Task exited with return code 1
