[2022-02-09 18:59:25,628] {taskinstance.py:896} INFO - Dependencies all met for <TaskInstance: spark_first_run.spark_job 2022-02-09T18:59:23.327481+00:00 [queued]>
[2022-02-09 18:59:25,725] {taskinstance.py:896} INFO - Dependencies all met for <TaskInstance: spark_first_run.spark_job 2022-02-09T18:59:23.327481+00:00 [queued]>
[2022-02-09 18:59:25,725] {taskinstance.py:1087} INFO - 
--------------------------------------------------------------------------------
[2022-02-09 18:59:25,725] {taskinstance.py:1088} INFO - Starting attempt 1 of 1
[2022-02-09 18:59:25,726] {taskinstance.py:1089} INFO - 
--------------------------------------------------------------------------------
[2022-02-09 18:59:25,779] {taskinstance.py:1107} INFO - Executing <Task(SparkSubmitOperator): spark_job> on 2022-02-09T18:59:23.327481+00:00
[2022-02-09 18:59:25,788] {standard_task_runner.py:52} INFO - Started process 72 to run task
[2022-02-09 18:59:25,801] {standard_task_runner.py:76} INFO - Running: ['***', 'tasks', 'run', 'spark_first_run', 'spark_job', '2022-02-09T18:59:23.327481+00:00', '--job-id', '33', '--pool', 'default_pool', '--raw', '--subdir', 'DAGS_FOLDER/task.py', '--cfg-path', '/tmp/tmps8twy7sq', '--error-file', '/tmp/tmpewldx6el']
[2022-02-09 18:59:25,802] {standard_task_runner.py:77} INFO - Job 33: Subtask spark_job
[2022-02-09 18:59:25,928] {logging_mixin.py:104} INFO - Running <TaskInstance: spark_first_run.spark_job 2022-02-09T18:59:23.327481+00:00 [running]> on host 74d5157b6211
[2022-02-09 18:59:26,096] {taskinstance.py:1300} INFO - Exporting the following env vars:
AIRFLOW_CTX_DAG_OWNER=admin
AIRFLOW_CTX_DAG_ID=spark_first_run
AIRFLOW_CTX_TASK_ID=spark_job
AIRFLOW_CTX_EXECUTION_DATE=2022-02-09T18:59:23.327481+00:00
AIRFLOW_CTX_DAG_RUN_ID=manual__2022-02-09T18:59:23.327481+00:00
[2022-02-09 18:59:26,114] {base.py:69} INFO - Using connection to: id: spark_default. Host: spark://spark, Port: 7077, Schema: , Login: ***, Password: ***, extra: {'queue': 'root.default'}
[2022-02-09 18:59:26,117] {spark_submit.py:360} INFO - Spark-Submit cmd: spark-submit --master spark://spark:7077 --conf master=spark://spark:7077 --name test --verbose --queue root.default /opt/bitnami/spark/app/test.py
[2022-02-09 18:59:40,738] {spark_submit.py:514} INFO - Using properties file: null
[2022-02-09 18:59:40,754] {spark_submit.py:514} INFO - Warning: Ignoring non-Spark config property: master
[2022-02-09 18:59:41,286] {spark_submit.py:514} INFO - WARNING: An illegal reflective access operation has occurred
[2022-02-09 18:59:41,286] {spark_submit.py:514} INFO - WARNING: Illegal reflective access by org.apache.spark.unsafe.Platform (file:/home/***/.local/lib/python3.8/site-packages/pyspark/jars/spark-unsafe_2.12-3.2.1.jar) to constructor java.nio.DirectByteBuffer(long,int)
[2022-02-09 18:59:41,287] {spark_submit.py:514} INFO - WARNING: Please consider reporting this to the maintainers of org.apache.spark.unsafe.Platform
[2022-02-09 18:59:41,287] {spark_submit.py:514} INFO - WARNING: Use --illegal-access=warn to enable warnings of further illegal reflective access operations
[2022-02-09 18:59:41,287] {spark_submit.py:514} INFO - WARNING: All illegal access operations will be denied in a future release
[2022-02-09 18:59:41,544] {spark_submit.py:514} INFO - Parsed arguments:
[2022-02-09 18:59:41,544] {spark_submit.py:514} INFO - master                  spark://spark:7077
[2022-02-09 18:59:41,544] {spark_submit.py:514} INFO - deployMode              null
[2022-02-09 18:59:41,545] {spark_submit.py:514} INFO - executorMemory          null
[2022-02-09 18:59:41,545] {spark_submit.py:514} INFO - executorCores           null
[2022-02-09 18:59:41,545] {spark_submit.py:514} INFO - totalExecutorCores      null
[2022-02-09 18:59:41,545] {spark_submit.py:514} INFO - propertiesFile          null
[2022-02-09 18:59:41,545] {spark_submit.py:514} INFO - driverMemory            null
[2022-02-09 18:59:41,546] {spark_submit.py:514} INFO - driverCores             null
[2022-02-09 18:59:41,546] {spark_submit.py:514} INFO - driverExtraClassPath    null
[2022-02-09 18:59:41,546] {spark_submit.py:514} INFO - driverExtraLibraryPath  null
[2022-02-09 18:59:41,546] {spark_submit.py:514} INFO - driverExtraJavaOptions  null
[2022-02-09 18:59:41,546] {spark_submit.py:514} INFO - supervise               false
[2022-02-09 18:59:41,546] {spark_submit.py:514} INFO - queue                   root.default
[2022-02-09 18:59:41,547] {spark_submit.py:514} INFO - numExecutors            null
[2022-02-09 18:59:41,547] {spark_submit.py:514} INFO - files                   null
[2022-02-09 18:59:41,547] {spark_submit.py:514} INFO - pyFiles                 null
[2022-02-09 18:59:41,547] {spark_submit.py:514} INFO - archives                null
[2022-02-09 18:59:41,548] {spark_submit.py:514} INFO - mainClass               null
[2022-02-09 18:59:41,548] {spark_submit.py:514} INFO - primaryResource         file:/opt/bitnami/spark/app/test.py
[2022-02-09 18:59:41,548] {spark_submit.py:514} INFO - name                    test
[2022-02-09 18:59:41,548] {spark_submit.py:514} INFO - childArgs               []
[2022-02-09 18:59:41,548] {spark_submit.py:514} INFO - jars                    null
[2022-02-09 18:59:41,548] {spark_submit.py:514} INFO - packages                null
[2022-02-09 18:59:41,549] {spark_submit.py:514} INFO - packagesExclusions      null
[2022-02-09 18:59:41,549] {spark_submit.py:514} INFO - repositories            null
[2022-02-09 18:59:41,549] {spark_submit.py:514} INFO - verbose                 true
[2022-02-09 18:59:41,549] {spark_submit.py:514} INFO - 
[2022-02-09 18:59:41,549] {spark_submit.py:514} INFO - Spark properties used, including those specified through
[2022-02-09 18:59:41,549] {spark_submit.py:514} INFO - --conf and those from the properties file null:
[2022-02-09 18:59:41,550] {spark_submit.py:514} INFO - 
[2022-02-09 18:59:41,550] {spark_submit.py:514} INFO - 
[2022-02-09 18:59:41,559] {spark_submit.py:514} INFO - 
[2022-02-09 18:59:46,283] {spark_submit.py:514} INFO - Main class:
[2022-02-09 18:59:46,284] {spark_submit.py:514} INFO - org.apache.spark.deploy.PythonRunner
[2022-02-09 18:59:46,285] {spark_submit.py:514} INFO - Arguments:
[2022-02-09 18:59:46,285] {spark_submit.py:514} INFO - file:/opt/bitnami/spark/app/test.py
[2022-02-09 18:59:46,285] {spark_submit.py:514} INFO - null
[2022-02-09 18:59:46,311] {spark_submit.py:514} INFO - Spark config:
[2022-02-09 18:59:46,312] {spark_submit.py:514} INFO - (spark.app.name,test)
[2022-02-09 18:59:46,312] {spark_submit.py:514} INFO - (spark.master,spark://spark:7077)
[2022-02-09 18:59:46,312] {spark_submit.py:514} INFO - (spark.submit.pyFiles,)
[2022-02-09 18:59:46,312] {spark_submit.py:514} INFO - (spark.submit.deployMode,client)
[2022-02-09 18:59:46,312] {spark_submit.py:514} INFO - Classpath elements:
[2022-02-09 18:59:46,312] {spark_submit.py:514} INFO - 
[2022-02-09 18:59:46,313] {spark_submit.py:514} INFO - 
[2022-02-09 18:59:46,313] {spark_submit.py:514} INFO - 
[2022-02-09 18:59:48,153] {spark_submit.py:514} INFO - Traceback (most recent call last):
[2022-02-09 18:59:48,154] {spark_submit.py:514} INFO - File "/opt/bitnami/spark/app/test.py", line 2, in <module>
[2022-02-09 18:59:48,154] {spark_submit.py:514} INFO - from bs4 import BeautifulSoup
[2022-02-09 18:59:48,154] {spark_submit.py:514} INFO - ModuleNotFoundError: No module named 'bs4'
[2022-02-09 18:59:48,187] {spark_submit.py:514} INFO - log4j:WARN No appenders could be found for logger (org.apache.spark.util.ShutdownHookManager).
[2022-02-09 18:59:48,189] {spark_submit.py:514} INFO - log4j:WARN Please initialize the log4j system properly.
[2022-02-09 18:59:48,189] {spark_submit.py:514} INFO - log4j:WARN See http://logging.apache.org/log4j/1.2/faq.html#noconfig for more info.
[2022-02-09 18:59:48,365] {taskinstance.py:1501} ERROR - Task failed with exception
Traceback (most recent call last):
  File "/home/airflow/.local/lib/python3.8/site-packages/airflow/models/taskinstance.py", line 1157, in _run_raw_task
    self._prepare_and_execute_task_with_callbacks(context, task)
  File "/home/airflow/.local/lib/python3.8/site-packages/airflow/models/taskinstance.py", line 1331, in _prepare_and_execute_task_with_callbacks
    result = self._execute_task(context, task_copy)
  File "/home/airflow/.local/lib/python3.8/site-packages/airflow/models/taskinstance.py", line 1361, in _execute_task
    result = task_copy.execute(context=context)
  File "/home/airflow/.local/lib/python3.8/site-packages/airflow/providers/apache/spark/operators/spark_submit.py", line 182, in execute
    self._hook.submit(self._application)
  File "/home/airflow/.local/lib/python3.8/site-packages/airflow/providers/apache/spark/hooks/spark_submit.py", line 445, in submit
    raise AirflowException(
airflow.exceptions.AirflowException: Cannot execute: spark-submit --master spark://spark:7077 --conf master=spark://spark:7077 --name test --verbose --queue root.default /opt/bitnami/spark/app/test.py. Error code is: 1.
[2022-02-09 18:59:48,474] {taskinstance.py:1544} INFO - Marking task as FAILED. dag_id=spark_first_run, task_id=spark_job, execution_date=20220209T185923, start_date=20220209T185925, end_date=20220209T185948
[2022-02-09 18:59:48,561] {local_task_job.py:151} INFO - Task exited with return code 1
