[2022-02-11 15:53:59,972] {scheduler_job.py:182} INFO - Started process (PID=56) to work on /opt/airflow/dags/deploy_structure.py
[2022-02-11 15:53:59,974] {scheduler_job.py:633} INFO - Processing file /opt/airflow/dags/deploy_structure.py for tasks to queue
[2022-02-11 15:53:59,975] {logging_mixin.py:104} INFO - [2022-02-11 15:53:59,974] {dagbag.py:496} INFO - Filling up the DagBag from /opt/airflow/dags/deploy_structure.py
[2022-02-11 15:54:00,013] {scheduler_job.py:643} INFO - DAG(s) dict_keys(['spark_first_run']) retrieved from /opt/airflow/dags/deploy_structure.py
[2022-02-11 15:54:08,086] {logging_mixin.py:104} INFO - [2022-02-11 15:54:08,086] {dag.py:1833} INFO - Sync 1 DAGs
[2022-02-11 15:54:08,104] {logging_mixin.py:104} INFO - [2022-02-11 15:54:08,103] {dag.py:2306} INFO - Setting next_dagrun for spark_first_run to 2022-02-10 00:00:00+00:00
[2022-02-11 15:54:08,196] {scheduler_job.py:190} INFO - Processing /opt/airflow/dags/deploy_structure.py took 8.228 seconds
[2022-02-11 15:54:38,315] {scheduler_job.py:182} INFO - Started process (PID=58) to work on /opt/airflow/dags/deploy_structure.py
[2022-02-11 15:54:38,316] {scheduler_job.py:633} INFO - Processing file /opt/airflow/dags/deploy_structure.py for tasks to queue
[2022-02-11 15:54:38,317] {logging_mixin.py:104} INFO - [2022-02-11 15:54:38,317] {dagbag.py:496} INFO - Filling up the DagBag from /opt/airflow/dags/deploy_structure.py
[2022-02-11 15:54:38,338] {scheduler_job.py:643} INFO - DAG(s) dict_keys(['spark_first_run']) retrieved from /opt/airflow/dags/deploy_structure.py
[2022-02-11 15:54:38,375] {logging_mixin.py:104} INFO - [2022-02-11 15:54:38,375] {dag.py:1833} INFO - Sync 1 DAGs
[2022-02-11 15:54:38,402] {logging_mixin.py:104} INFO - [2022-02-11 15:54:38,401] {dag.py:2306} INFO - Setting next_dagrun for spark_first_run to None
[2022-02-11 15:54:38,430] {scheduler_job.py:190} INFO - Processing /opt/airflow/dags/deploy_structure.py took 0.121 seconds
[2022-02-11 15:55:08,538] {scheduler_job.py:182} INFO - Started process (PID=60) to work on /opt/airflow/dags/deploy_structure.py
[2022-02-11 15:55:08,539] {scheduler_job.py:633} INFO - Processing file /opt/airflow/dags/deploy_structure.py for tasks to queue
[2022-02-11 15:55:08,541] {logging_mixin.py:104} INFO - [2022-02-11 15:55:08,540] {dagbag.py:496} INFO - Filling up the DagBag from /opt/airflow/dags/deploy_structure.py
[2022-02-11 15:55:08,567] {scheduler_job.py:643} INFO - DAG(s) dict_keys(['spark_first_run']) retrieved from /opt/airflow/dags/deploy_structure.py
[2022-02-11 15:55:08,602] {logging_mixin.py:104} INFO - [2022-02-11 15:55:08,601] {dag.py:1833} INFO - Sync 1 DAGs
[2022-02-11 15:55:08,636] {logging_mixin.py:104} INFO - [2022-02-11 15:55:08,636] {dag.py:2306} INFO - Setting next_dagrun for spark_first_run to None
[2022-02-11 15:55:08,756] {scheduler_job.py:190} INFO - Processing /opt/airflow/dags/deploy_structure.py took 0.225 seconds
[2022-02-11 15:55:39,662] {scheduler_job.py:182} INFO - Started process (PID=62) to work on /opt/airflow/dags/deploy_structure.py
[2022-02-11 15:55:39,665] {scheduler_job.py:633} INFO - Processing file /opt/airflow/dags/deploy_structure.py for tasks to queue
[2022-02-11 15:55:39,666] {logging_mixin.py:104} INFO - [2022-02-11 15:55:39,666] {dagbag.py:496} INFO - Filling up the DagBag from /opt/airflow/dags/deploy_structure.py
[2022-02-11 15:55:39,682] {scheduler_job.py:643} INFO - DAG(s) dict_keys(['spark_first_run']) retrieved from /opt/airflow/dags/deploy_structure.py
[2022-02-11 15:55:40,290] {logging_mixin.py:104} INFO - [2022-02-11 15:55:40,290] {dag.py:1833} INFO - Sync 1 DAGs
[2022-02-11 15:55:40,318] {logging_mixin.py:104} INFO - [2022-02-11 15:55:40,318] {dag.py:2306} INFO - Setting next_dagrun for spark_first_run to None
[2022-02-11 15:55:40,391] {scheduler_job.py:190} INFO - Processing /opt/airflow/dags/deploy_structure.py took 0.734 seconds
[2022-02-11 15:56:10,882] {scheduler_job.py:182} INFO - Started process (PID=64) to work on /opt/airflow/dags/deploy_structure.py
[2022-02-11 15:56:10,884] {scheduler_job.py:633} INFO - Processing file /opt/airflow/dags/deploy_structure.py for tasks to queue
[2022-02-11 15:56:10,885] {logging_mixin.py:104} INFO - [2022-02-11 15:56:10,885] {dagbag.py:496} INFO - Filling up the DagBag from /opt/airflow/dags/deploy_structure.py
[2022-02-11 15:56:10,900] {scheduler_job.py:643} INFO - DAG(s) dict_keys(['spark_first_run']) retrieved from /opt/airflow/dags/deploy_structure.py
[2022-02-11 15:56:10,936] {logging_mixin.py:104} INFO - [2022-02-11 15:56:10,935] {dag.py:1833} INFO - Sync 1 DAGs
[2022-02-11 15:56:10,959] {logging_mixin.py:104} INFO - [2022-02-11 15:56:10,959] {dag.py:2306} INFO - Setting next_dagrun for spark_first_run to None
[2022-02-11 15:56:10,984] {scheduler_job.py:190} INFO - Processing /opt/airflow/dags/deploy_structure.py took 0.107 seconds
[2022-02-11 15:57:54,752] {scheduler_job.py:182} INFO - Started process (PID=26) to work on /opt/airflow/dags/deploy_structure.py
[2022-02-11 15:57:54,754] {scheduler_job.py:633} INFO - Processing file /opt/airflow/dags/deploy_structure.py for tasks to queue
[2022-02-11 15:57:54,755] {logging_mixin.py:104} INFO - [2022-02-11 15:57:54,755] {dagbag.py:496} INFO - Filling up the DagBag from /opt/airflow/dags/deploy_structure.py
[2022-02-11 15:57:54,772] {scheduler_job.py:643} INFO - DAG(s) dict_keys(['spark_first_run']) retrieved from /opt/airflow/dags/deploy_structure.py
[2022-02-11 15:57:54,805] {logging_mixin.py:104} INFO - [2022-02-11 15:57:54,805] {dag.py:1833} INFO - Sync 1 DAGs
[2022-02-11 15:57:54,991] {logging_mixin.py:104} INFO - [2022-02-11 15:57:54,991] {dag.py:2306} INFO - Setting next_dagrun for spark_first_run to None
[2022-02-11 15:57:55,102] {scheduler_job.py:190} INFO - Processing /opt/airflow/dags/deploy_structure.py took 0.350 seconds
[2022-02-11 15:58:25,357] {scheduler_job.py:182} INFO - Started process (PID=28) to work on /opt/airflow/dags/deploy_structure.py
[2022-02-11 15:58:25,536] {scheduler_job.py:633} INFO - Processing file /opt/airflow/dags/deploy_structure.py for tasks to queue
[2022-02-11 15:58:25,538] {logging_mixin.py:104} INFO - [2022-02-11 15:58:25,537] {dagbag.py:496} INFO - Filling up the DagBag from /opt/airflow/dags/deploy_structure.py
[2022-02-11 15:58:25,580] {scheduler_job.py:643} INFO - DAG(s) dict_keys(['spark_first_run']) retrieved from /opt/airflow/dags/deploy_structure.py
[2022-02-11 15:58:26,902] {logging_mixin.py:104} INFO - [2022-02-11 15:58:26,902] {dag.py:1833} INFO - Sync 1 DAGs
[2022-02-11 15:58:26,940] {logging_mixin.py:104} INFO - [2022-02-11 15:58:26,940] {dag.py:2306} INFO - Setting next_dagrun for spark_first_run to None
[2022-02-11 15:58:26,977] {scheduler_job.py:190} INFO - Processing /opt/airflow/dags/deploy_structure.py took 1.631 seconds
[2022-02-11 15:58:57,127] {scheduler_job.py:182} INFO - Started process (PID=31) to work on /opt/airflow/dags/deploy_structure.py
[2022-02-11 15:58:57,129] {scheduler_job.py:633} INFO - Processing file /opt/airflow/dags/deploy_structure.py for tasks to queue
[2022-02-11 15:58:57,130] {logging_mixin.py:104} INFO - [2022-02-11 15:58:57,130] {dagbag.py:496} INFO - Filling up the DagBag from /opt/airflow/dags/deploy_structure.py
[2022-02-11 15:58:57,217] {scheduler_job.py:643} INFO - DAG(s) dict_keys(['spark_first_run']) retrieved from /opt/airflow/dags/deploy_structure.py
[2022-02-11 15:58:57,250] {logging_mixin.py:104} INFO - [2022-02-11 15:58:57,250] {dag.py:1833} INFO - Sync 1 DAGs
[2022-02-11 15:58:57,277] {logging_mixin.py:104} INFO - [2022-02-11 15:58:57,276] {dag.py:2306} INFO - Setting next_dagrun for spark_first_run to None
[2022-02-11 15:58:57,671] {scheduler_job.py:190} INFO - Processing /opt/airflow/dags/deploy_structure.py took 0.549 seconds
[2022-02-11 15:59:27,938] {scheduler_job.py:182} INFO - Started process (PID=32) to work on /opt/airflow/dags/deploy_structure.py
[2022-02-11 15:59:27,961] {scheduler_job.py:633} INFO - Processing file /opt/airflow/dags/deploy_structure.py for tasks to queue
[2022-02-11 15:59:27,962] {logging_mixin.py:104} INFO - [2022-02-11 15:59:27,961] {dagbag.py:496} INFO - Filling up the DagBag from /opt/airflow/dags/deploy_structure.py
[2022-02-11 15:59:27,978] {scheduler_job.py:643} INFO - DAG(s) dict_keys(['spark_first_run']) retrieved from /opt/airflow/dags/deploy_structure.py
[2022-02-11 15:59:28,531] {logging_mixin.py:104} INFO - [2022-02-11 15:59:28,530] {dag.py:1833} INFO - Sync 1 DAGs
[2022-02-11 15:59:28,548] {logging_mixin.py:104} INFO - [2022-02-11 15:59:28,548] {dag.py:2306} INFO - Setting next_dagrun for spark_first_run to None
[2022-02-11 15:59:28,579] {scheduler_job.py:190} INFO - Processing /opt/airflow/dags/deploy_structure.py took 0.648 seconds
[2022-02-11 15:59:46,669] {scheduler_job.py:182} INFO - Started process (PID=34) to work on /opt/airflow/dags/deploy_structure.py
[2022-02-11 15:59:46,670] {scheduler_job.py:633} INFO - Processing file /opt/airflow/dags/deploy_structure.py for tasks to queue
[2022-02-11 15:59:46,671] {logging_mixin.py:104} INFO - [2022-02-11 15:59:46,671] {dagbag.py:496} INFO - Filling up the DagBag from /opt/airflow/dags/deploy_structure.py
[2022-02-11 15:59:46,693] {scheduler_job.py:643} INFO - DAG(s) dict_keys(['deploy_structure']) retrieved from /opt/airflow/dags/deploy_structure.py
[2022-02-11 15:59:58,499] {logging_mixin.py:104} WARNING - /home/airflow/.local/lib/python3.8/site-packages/azure/cosmos/session.py:186 SyntaxWarning: "is not" with a literal. Did you mean "!="?
[2022-02-11 15:59:58,897] {logging_mixin.py:104} WARNING - /home/airflow/.local/lib/python3.8/site-packages/azure/storage/common/_connection.py:82 SyntaxWarning: "is" with a literal. Did you mean "=="?
[2022-02-11 16:00:11,057] {logging_mixin.py:104} INFO - [2022-02-11 16:00:11,056] {dag.py:1833} INFO - Sync 1 DAGs
[2022-02-11 16:00:11,085] {logging_mixin.py:104} INFO - [2022-02-11 16:00:11,084] {dag.py:1852} INFO - Creating ORM DAG for deploy_structure
[2022-02-11 16:00:11,092] {logging_mixin.py:104} INFO - [2022-02-11 16:00:11,092] {dag.py:2306} INFO - Setting next_dagrun for deploy_structure to 2022-02-10 00:00:00+00:00
[2022-02-11 16:00:11,143] {scheduler_job.py:190} INFO - Processing /opt/airflow/dags/deploy_structure.py took 24.479 seconds
[2022-02-11 16:06:02,083] {scheduler_job.py:182} INFO - Started process (PID=25) to work on /opt/airflow/dags/deploy_structure.py
[2022-02-11 16:06:02,121] {scheduler_job.py:633} INFO - Processing file /opt/airflow/dags/deploy_structure.py for tasks to queue
[2022-02-11 16:06:02,123] {logging_mixin.py:104} INFO - [2022-02-11 16:06:02,122] {dagbag.py:496} INFO - Filling up the DagBag from /opt/airflow/dags/deploy_structure.py
[2022-02-11 16:06:02,485] {scheduler_job.py:643} INFO - DAG(s) dict_keys(['deploy_structure']) retrieved from /opt/airflow/dags/deploy_structure.py
[2022-02-11 16:06:02,607] {logging_mixin.py:104} INFO - [2022-02-11 16:06:02,607] {dag.py:1833} INFO - Sync 1 DAGs
[2022-02-11 16:06:02,741] {logging_mixin.py:104} INFO - [2022-02-11 16:06:02,741] {dag.py:2306} INFO - Setting next_dagrun for deploy_structure to 2022-02-10 00:00:00+00:00
[2022-02-11 16:06:02,807] {scheduler_job.py:190} INFO - Processing /opt/airflow/dags/deploy_structure.py took 0.785 seconds
[2022-02-11 16:06:32,941] {scheduler_job.py:182} INFO - Started process (PID=27) to work on /opt/airflow/dags/deploy_structure.py
[2022-02-11 16:06:33,887] {scheduler_job.py:633} INFO - Processing file /opt/airflow/dags/deploy_structure.py for tasks to queue
[2022-02-11 16:06:33,888] {logging_mixin.py:104} INFO - [2022-02-11 16:06:33,888] {dagbag.py:496} INFO - Filling up the DagBag from /opt/airflow/dags/deploy_structure.py
[2022-02-11 16:06:33,992] {scheduler_job.py:643} INFO - DAG(s) dict_keys(['deploy_structure']) retrieved from /opt/airflow/dags/deploy_structure.py
[2022-02-11 16:06:34,060] {logging_mixin.py:104} INFO - [2022-02-11 16:06:34,059] {dag.py:1833} INFO - Sync 1 DAGs
[2022-02-11 16:06:34,091] {logging_mixin.py:104} INFO - [2022-02-11 16:06:34,091] {dag.py:2306} INFO - Setting next_dagrun for deploy_structure to 2022-02-10 00:00:00+00:00
[2022-02-11 16:06:34,236] {scheduler_job.py:190} INFO - Processing /opt/airflow/dags/deploy_structure.py took 1.321 seconds
[2022-02-11 16:07:04,751] {scheduler_job.py:182} INFO - Started process (PID=29) to work on /opt/airflow/dags/deploy_structure.py
[2022-02-11 16:07:04,789] {scheduler_job.py:633} INFO - Processing file /opt/airflow/dags/deploy_structure.py for tasks to queue
[2022-02-11 16:07:04,791] {logging_mixin.py:104} INFO - [2022-02-11 16:07:04,790] {dagbag.py:496} INFO - Filling up the DagBag from /opt/airflow/dags/deploy_structure.py
[2022-02-11 16:07:05,253] {scheduler_job.py:643} INFO - DAG(s) dict_keys(['deploy_structure']) retrieved from /opt/airflow/dags/deploy_structure.py
[2022-02-11 16:07:06,089] {logging_mixin.py:104} INFO - [2022-02-11 16:07:06,089] {dag.py:1833} INFO - Sync 1 DAGs
[2022-02-11 16:07:06,129] {logging_mixin.py:104} INFO - [2022-02-11 16:07:06,129] {dag.py:2306} INFO - Setting next_dagrun for deploy_structure to 2022-02-10 00:00:00+00:00
[2022-02-11 16:07:06,345] {scheduler_job.py:190} INFO - Processing /opt/airflow/dags/deploy_structure.py took 1.614 seconds
[2022-02-11 16:07:26,294] {scheduler_job.py:182} INFO - Started process (PID=31) to work on /opt/airflow/dags/deploy_structure.py
[2022-02-11 16:07:26,296] {scheduler_job.py:633} INFO - Processing file /opt/airflow/dags/deploy_structure.py for tasks to queue
[2022-02-11 16:07:26,297] {logging_mixin.py:104} INFO - [2022-02-11 16:07:26,297] {dagbag.py:496} INFO - Filling up the DagBag from /opt/airflow/dags/deploy_structure.py
[2022-02-11 16:07:26,317] {scheduler_job.py:643} INFO - DAG(s) dict_keys(['deploy_structure']) retrieved from /opt/airflow/dags/deploy_structure.py
[2022-02-11 16:07:26,512] {scheduler_job.py:600} INFO - Executed failure callback for <TaskInstance: deploy_structure.spark_connection 2022-02-10 00:00:00+00:00 [up_for_retry]> in state up_for_retry
[2022-02-11 16:07:26,527] {logging_mixin.py:104} INFO - [2022-02-11 16:07:26,527] {dag.py:1833} INFO - Sync 1 DAGs
[2022-02-11 16:07:26,548] {logging_mixin.py:104} INFO - [2022-02-11 16:07:26,547] {dag.py:2306} INFO - Setting next_dagrun for deploy_structure to None
[2022-02-11 16:07:26,568] {scheduler_job.py:190} INFO - Processing /opt/airflow/dags/deploy_structure.py took 0.278 seconds
[2022-02-11 16:07:56,704] {scheduler_job.py:182} INFO - Started process (PID=33) to work on /opt/airflow/dags/deploy_structure.py
[2022-02-11 16:07:56,706] {scheduler_job.py:633} INFO - Processing file /opt/airflow/dags/deploy_structure.py for tasks to queue
[2022-02-11 16:07:56,707] {logging_mixin.py:104} INFO - [2022-02-11 16:07:56,707] {dagbag.py:496} INFO - Filling up the DagBag from /opt/airflow/dags/deploy_structure.py
[2022-02-11 16:07:56,734] {scheduler_job.py:643} INFO - DAG(s) dict_keys(['deploy_structure']) retrieved from /opt/airflow/dags/deploy_structure.py
[2022-02-11 16:07:56,778] {logging_mixin.py:104} INFO - [2022-02-11 16:07:56,777] {dag.py:1833} INFO - Sync 1 DAGs
[2022-02-11 16:07:56,804] {logging_mixin.py:104} INFO - [2022-02-11 16:07:56,804] {dag.py:2306} INFO - Setting next_dagrun for deploy_structure to None
[2022-02-11 16:07:56,829] {scheduler_job.py:190} INFO - Processing /opt/airflow/dags/deploy_structure.py took 0.132 seconds
[2022-02-11 16:08:20,810] {scheduler_job.py:182} INFO - Started process (PID=35) to work on /opt/airflow/dags/deploy_structure.py
[2022-02-11 16:08:20,811] {scheduler_job.py:633} INFO - Processing file /opt/airflow/dags/deploy_structure.py for tasks to queue
[2022-02-11 16:08:20,812] {logging_mixin.py:104} INFO - [2022-02-11 16:08:20,812] {dagbag.py:496} INFO - Filling up the DagBag from /opt/airflow/dags/deploy_structure.py
[2022-02-11 16:08:20,831] {scheduler_job.py:643} INFO - DAG(s) dict_keys(['deploy_structure']) retrieved from /opt/airflow/dags/deploy_structure.py
[2022-02-11 16:08:20,881] {scheduler_job.py:600} INFO - Executed failure callback for <TaskInstance: deploy_structure.spark_connection 2022-02-11 16:08:18.637558+00:00 [up_for_retry]> in state up_for_retry
[2022-02-11 16:08:20,897] {logging_mixin.py:104} INFO - [2022-02-11 16:08:20,897] {dag.py:1833} INFO - Sync 1 DAGs
[2022-02-11 16:08:20,917] {logging_mixin.py:104} INFO - [2022-02-11 16:08:20,917] {dag.py:2306} INFO - Setting next_dagrun for deploy_structure to None
[2022-02-11 16:08:20,937] {scheduler_job.py:190} INFO - Processing /opt/airflow/dags/deploy_structure.py took 0.132 seconds
[2022-02-11 16:08:51,017] {scheduler_job.py:182} INFO - Started process (PID=37) to work on /opt/airflow/dags/deploy_structure.py
[2022-02-11 16:08:51,018] {scheduler_job.py:633} INFO - Processing file /opt/airflow/dags/deploy_structure.py for tasks to queue
[2022-02-11 16:08:51,019] {logging_mixin.py:104} INFO - [2022-02-11 16:08:51,019] {dagbag.py:496} INFO - Filling up the DagBag from /opt/airflow/dags/deploy_structure.py
[2022-02-11 16:08:51,038] {scheduler_job.py:643} INFO - DAG(s) dict_keys(['deploy_structure']) retrieved from /opt/airflow/dags/deploy_structure.py
[2022-02-11 16:08:51,074] {logging_mixin.py:104} INFO - [2022-02-11 16:08:51,074] {dag.py:1833} INFO - Sync 1 DAGs
[2022-02-11 16:08:51,097] {logging_mixin.py:104} INFO - [2022-02-11 16:08:51,096] {dag.py:2306} INFO - Setting next_dagrun for deploy_structure to None
[2022-02-11 16:08:51,117] {scheduler_job.py:190} INFO - Processing /opt/airflow/dags/deploy_structure.py took 0.106 seconds
[2022-02-11 16:09:21,220] {scheduler_job.py:182} INFO - Started process (PID=39) to work on /opt/airflow/dags/deploy_structure.py
[2022-02-11 16:09:21,221] {scheduler_job.py:633} INFO - Processing file /opt/airflow/dags/deploy_structure.py for tasks to queue
[2022-02-11 16:09:21,222] {logging_mixin.py:104} INFO - [2022-02-11 16:09:21,222] {dagbag.py:496} INFO - Filling up the DagBag from /opt/airflow/dags/deploy_structure.py
[2022-02-11 16:09:21,244] {scheduler_job.py:643} INFO - DAG(s) dict_keys(['deploy_structure']) retrieved from /opt/airflow/dags/deploy_structure.py
[2022-02-11 16:09:21,272] {logging_mixin.py:104} INFO - [2022-02-11 16:09:21,272] {dag.py:1833} INFO - Sync 1 DAGs
[2022-02-11 16:09:21,294] {logging_mixin.py:104} INFO - [2022-02-11 16:09:21,293] {dag.py:2306} INFO - Setting next_dagrun for deploy_structure to 2022-02-10 00:00:00+00:00
[2022-02-11 16:09:21,320] {scheduler_job.py:190} INFO - Processing /opt/airflow/dags/deploy_structure.py took 0.105 seconds
[2022-02-11 16:09:51,418] {scheduler_job.py:182} INFO - Started process (PID=41) to work on /opt/airflow/dags/deploy_structure.py
[2022-02-11 16:09:51,421] {scheduler_job.py:633} INFO - Processing file /opt/airflow/dags/deploy_structure.py for tasks to queue
[2022-02-11 16:09:51,422] {logging_mixin.py:104} INFO - [2022-02-11 16:09:51,422] {dagbag.py:496} INFO - Filling up the DagBag from /opt/airflow/dags/deploy_structure.py
[2022-02-11 16:09:51,445] {scheduler_job.py:643} INFO - DAG(s) dict_keys(['deploy_structure']) retrieved from /opt/airflow/dags/deploy_structure.py
[2022-02-11 16:09:51,481] {logging_mixin.py:104} INFO - [2022-02-11 16:09:51,481] {dag.py:1833} INFO - Sync 1 DAGs
[2022-02-11 16:09:51,504] {logging_mixin.py:104} INFO - [2022-02-11 16:09:51,504] {dag.py:2306} INFO - Setting next_dagrun for deploy_structure to None
[2022-02-11 16:09:51,601] {scheduler_job.py:190} INFO - Processing /opt/airflow/dags/deploy_structure.py took 0.188 seconds
[2022-02-11 16:10:21,703] {scheduler_job.py:182} INFO - Started process (PID=43) to work on /opt/airflow/dags/deploy_structure.py
[2022-02-11 16:10:21,710] {scheduler_job.py:633} INFO - Processing file /opt/airflow/dags/deploy_structure.py for tasks to queue
[2022-02-11 16:10:21,710] {logging_mixin.py:104} INFO - [2022-02-11 16:10:21,710] {dagbag.py:496} INFO - Filling up the DagBag from /opt/airflow/dags/deploy_structure.py
[2022-02-11 16:10:21,724] {scheduler_job.py:643} INFO - DAG(s) dict_keys(['deploy_structure']) retrieved from /opt/airflow/dags/deploy_structure.py
[2022-02-11 16:10:21,758] {logging_mixin.py:104} INFO - [2022-02-11 16:10:21,758] {dag.py:1833} INFO - Sync 1 DAGs
[2022-02-11 16:10:21,779] {logging_mixin.py:104} INFO - [2022-02-11 16:10:21,779] {dag.py:2306} INFO - Setting next_dagrun for deploy_structure to None
[2022-02-11 16:10:21,802] {scheduler_job.py:190} INFO - Processing /opt/airflow/dags/deploy_structure.py took 0.104 seconds
[2022-02-11 16:10:51,898] {scheduler_job.py:182} INFO - Started process (PID=45) to work on /opt/airflow/dags/deploy_structure.py
[2022-02-11 16:10:51,899] {scheduler_job.py:633} INFO - Processing file /opt/airflow/dags/deploy_structure.py for tasks to queue
[2022-02-11 16:10:51,900] {logging_mixin.py:104} INFO - [2022-02-11 16:10:51,900] {dagbag.py:496} INFO - Filling up the DagBag from /opt/airflow/dags/deploy_structure.py
[2022-02-11 16:10:51,917] {scheduler_job.py:643} INFO - DAG(s) dict_keys(['deploy_structure']) retrieved from /opt/airflow/dags/deploy_structure.py
[2022-02-11 16:10:51,948] {logging_mixin.py:104} INFO - [2022-02-11 16:10:51,948] {dag.py:1833} INFO - Sync 1 DAGs
[2022-02-11 16:10:51,969] {logging_mixin.py:104} INFO - [2022-02-11 16:10:51,969] {dag.py:2306} INFO - Setting next_dagrun for deploy_structure to None
[2022-02-11 16:10:51,992] {scheduler_job.py:190} INFO - Processing /opt/airflow/dags/deploy_structure.py took 0.099 seconds
[2022-02-11 16:11:22,089] {scheduler_job.py:182} INFO - Started process (PID=47) to work on /opt/airflow/dags/deploy_structure.py
[2022-02-11 16:11:22,091] {scheduler_job.py:633} INFO - Processing file /opt/airflow/dags/deploy_structure.py for tasks to queue
[2022-02-11 16:11:22,092] {logging_mixin.py:104} INFO - [2022-02-11 16:11:22,091] {dagbag.py:496} INFO - Filling up the DagBag from /opt/airflow/dags/deploy_structure.py
[2022-02-11 16:11:22,107] {scheduler_job.py:643} INFO - DAG(s) dict_keys(['deploy_structure']) retrieved from /opt/airflow/dags/deploy_structure.py
[2022-02-11 16:11:22,139] {logging_mixin.py:104} INFO - [2022-02-11 16:11:22,139] {dag.py:1833} INFO - Sync 1 DAGs
[2022-02-11 16:11:22,160] {logging_mixin.py:104} INFO - [2022-02-11 16:11:22,160] {dag.py:2306} INFO - Setting next_dagrun for deploy_structure to None
[2022-02-11 16:11:22,184] {scheduler_job.py:190} INFO - Processing /opt/airflow/dags/deploy_structure.py took 0.100 seconds
[2022-02-11 16:11:52,290] {scheduler_job.py:182} INFO - Started process (PID=49) to work on /opt/airflow/dags/deploy_structure.py
[2022-02-11 16:11:52,292] {scheduler_job.py:633} INFO - Processing file /opt/airflow/dags/deploy_structure.py for tasks to queue
[2022-02-11 16:11:52,293] {logging_mixin.py:104} INFO - [2022-02-11 16:11:52,293] {dagbag.py:496} INFO - Filling up the DagBag from /opt/airflow/dags/deploy_structure.py
[2022-02-11 16:11:52,309] {scheduler_job.py:643} INFO - DAG(s) dict_keys(['deploy_structure']) retrieved from /opt/airflow/dags/deploy_structure.py
[2022-02-11 16:11:52,341] {logging_mixin.py:104} INFO - [2022-02-11 16:11:52,341] {dag.py:1833} INFO - Sync 1 DAGs
[2022-02-11 16:11:52,363] {logging_mixin.py:104} INFO - [2022-02-11 16:11:52,363] {dag.py:2306} INFO - Setting next_dagrun for deploy_structure to None
[2022-02-11 16:11:52,384] {scheduler_job.py:190} INFO - Processing /opt/airflow/dags/deploy_structure.py took 0.099 seconds
[2022-02-11 16:12:22,507] {scheduler_job.py:182} INFO - Started process (PID=51) to work on /opt/airflow/dags/deploy_structure.py
[2022-02-11 16:12:22,509] {scheduler_job.py:633} INFO - Processing file /opt/airflow/dags/deploy_structure.py for tasks to queue
[2022-02-11 16:12:22,510] {logging_mixin.py:104} INFO - [2022-02-11 16:12:22,510] {dagbag.py:496} INFO - Filling up the DagBag from /opt/airflow/dags/deploy_structure.py
[2022-02-11 16:12:22,525] {scheduler_job.py:643} INFO - DAG(s) dict_keys(['deploy_structure']) retrieved from /opt/airflow/dags/deploy_structure.py
[2022-02-11 16:12:22,556] {logging_mixin.py:104} INFO - [2022-02-11 16:12:22,555] {dag.py:1833} INFO - Sync 1 DAGs
[2022-02-11 16:12:22,576] {logging_mixin.py:104} INFO - [2022-02-11 16:12:22,576] {dag.py:2306} INFO - Setting next_dagrun for deploy_structure to None
[2022-02-11 16:12:22,605] {scheduler_job.py:190} INFO - Processing /opt/airflow/dags/deploy_structure.py took 0.103 seconds
[2022-02-11 16:12:44,708] {scheduler_job.py:182} INFO - Started process (PID=53) to work on /opt/airflow/dags/deploy_structure.py
[2022-02-11 16:12:44,710] {scheduler_job.py:633} INFO - Processing file /opt/airflow/dags/deploy_structure.py for tasks to queue
[2022-02-11 16:12:44,711] {logging_mixin.py:104} INFO - [2022-02-11 16:12:44,710] {dagbag.py:496} INFO - Filling up the DagBag from /opt/airflow/dags/deploy_structure.py
[2022-02-11 16:12:44,733] {scheduler_job.py:643} INFO - DAG(s) dict_keys(['deploy_structure']) retrieved from /opt/airflow/dags/deploy_structure.py
[2022-02-11 16:12:47,800] {logging_mixin.py:104} INFO - [2022-02-11 16:12:47,800] {dag.py:1833} INFO - Sync 1 DAGs
[2022-02-11 16:12:47,817] {logging_mixin.py:104} INFO - [2022-02-11 16:12:47,817] {dag.py:2306} INFO - Setting next_dagrun for deploy_structure to None
[2022-02-11 16:12:47,852] {scheduler_job.py:190} INFO - Processing /opt/airflow/dags/deploy_structure.py took 3.151 seconds
[2022-02-11 16:13:18,003] {scheduler_job.py:182} INFO - Started process (PID=55) to work on /opt/airflow/dags/deploy_structure.py
[2022-02-11 16:13:18,004] {scheduler_job.py:633} INFO - Processing file /opt/airflow/dags/deploy_structure.py for tasks to queue
[2022-02-11 16:13:18,005] {logging_mixin.py:104} INFO - [2022-02-11 16:13:18,005] {dagbag.py:496} INFO - Filling up the DagBag from /opt/airflow/dags/deploy_structure.py
[2022-02-11 16:13:18,021] {scheduler_job.py:643} INFO - DAG(s) dict_keys(['deploy_structure']) retrieved from /opt/airflow/dags/deploy_structure.py
[2022-02-11 16:13:18,055] {logging_mixin.py:104} INFO - [2022-02-11 16:13:18,055] {dag.py:1833} INFO - Sync 1 DAGs
[2022-02-11 16:13:18,076] {logging_mixin.py:104} INFO - [2022-02-11 16:13:18,076] {dag.py:2306} INFO - Setting next_dagrun for deploy_structure to None
[2022-02-11 16:13:18,296] {scheduler_job.py:190} INFO - Processing /opt/airflow/dags/deploy_structure.py took 0.298 seconds
[2022-02-11 16:13:21,455] {scheduler_job.py:182} INFO - Started process (PID=56) to work on /opt/airflow/dags/deploy_structure.py
[2022-02-11 16:13:21,457] {scheduler_job.py:633} INFO - Processing file /opt/airflow/dags/deploy_structure.py for tasks to queue
[2022-02-11 16:13:21,457] {logging_mixin.py:104} INFO - [2022-02-11 16:13:21,457] {dagbag.py:496} INFO - Filling up the DagBag from /opt/airflow/dags/deploy_structure.py
[2022-02-11 16:13:21,473] {scheduler_job.py:643} INFO - DAG(s) dict_keys(['deploy_structure']) retrieved from /opt/airflow/dags/deploy_structure.py
[2022-02-11 16:13:21,522] {scheduler_job.py:600} INFO - Executed failure callback for <TaskInstance: deploy_structure.spark_connection 2022-02-11 16:08:18.637558+00:00 [up_for_retry]> in state up_for_retry
[2022-02-11 16:13:21,539] {logging_mixin.py:104} INFO - [2022-02-11 16:13:21,539] {dag.py:1833} INFO - Sync 1 DAGs
[2022-02-11 16:13:21,558] {logging_mixin.py:104} INFO - [2022-02-11 16:13:21,558] {dag.py:2306} INFO - Setting next_dagrun for deploy_structure to None
[2022-02-11 16:13:21,578] {scheduler_job.py:190} INFO - Processing /opt/airflow/dags/deploy_structure.py took 0.127 seconds
[2022-02-11 16:13:51,680] {scheduler_job.py:182} INFO - Started process (PID=58) to work on /opt/airflow/dags/deploy_structure.py
[2022-02-11 16:13:51,683] {scheduler_job.py:633} INFO - Processing file /opt/airflow/dags/deploy_structure.py for tasks to queue
[2022-02-11 16:13:51,684] {logging_mixin.py:104} INFO - [2022-02-11 16:13:51,684] {dagbag.py:496} INFO - Filling up the DagBag from /opt/airflow/dags/deploy_structure.py
[2022-02-11 16:13:51,700] {scheduler_job.py:643} INFO - DAG(s) dict_keys(['deploy_structure']) retrieved from /opt/airflow/dags/deploy_structure.py
[2022-02-11 16:13:51,732] {logging_mixin.py:104} INFO - [2022-02-11 16:13:51,732] {dag.py:1833} INFO - Sync 1 DAGs
[2022-02-11 16:13:51,758] {logging_mixin.py:104} INFO - [2022-02-11 16:13:51,757] {dag.py:2306} INFO - Setting next_dagrun for deploy_structure to None
[2022-02-11 16:13:51,779] {scheduler_job.py:190} INFO - Processing /opt/airflow/dags/deploy_structure.py took 0.104 seconds
[2022-02-11 16:14:21,879] {scheduler_job.py:182} INFO - Started process (PID=60) to work on /opt/airflow/dags/deploy_structure.py
[2022-02-11 16:14:21,881] {scheduler_job.py:633} INFO - Processing file /opt/airflow/dags/deploy_structure.py for tasks to queue
[2022-02-11 16:14:21,882] {logging_mixin.py:104} INFO - [2022-02-11 16:14:21,882] {dagbag.py:496} INFO - Filling up the DagBag from /opt/airflow/dags/deploy_structure.py
[2022-02-11 16:14:21,900] {scheduler_job.py:643} INFO - DAG(s) dict_keys(['deploy_structure']) retrieved from /opt/airflow/dags/deploy_structure.py
[2022-02-11 16:14:21,931] {logging_mixin.py:104} INFO - [2022-02-11 16:14:21,931] {dag.py:1833} INFO - Sync 1 DAGs
[2022-02-11 16:14:21,952] {logging_mixin.py:104} INFO - [2022-02-11 16:14:21,952] {dag.py:2306} INFO - Setting next_dagrun for deploy_structure to None
[2022-02-11 16:14:21,968] {scheduler_job.py:190} INFO - Processing /opt/airflow/dags/deploy_structure.py took 0.094 seconds
[2022-02-11 16:14:28,004] {scheduler_job.py:182} INFO - Started process (PID=61) to work on /opt/airflow/dags/deploy_structure.py
[2022-02-11 16:14:28,005] {scheduler_job.py:633} INFO - Processing file /opt/airflow/dags/deploy_structure.py for tasks to queue
[2022-02-11 16:14:28,006] {logging_mixin.py:104} INFO - [2022-02-11 16:14:28,006] {dagbag.py:496} INFO - Filling up the DagBag from /opt/airflow/dags/deploy_structure.py
[2022-02-11 16:14:28,021] {scheduler_job.py:643} INFO - DAG(s) dict_keys(['deploy_structure']) retrieved from /opt/airflow/dags/deploy_structure.py
[2022-02-11 16:14:28,048] {logging_mixin.py:104} INFO - [2022-02-11 16:14:28,048] {dag.py:1833} INFO - Sync 1 DAGs
[2022-02-11 16:14:28,066] {logging_mixin.py:104} INFO - [2022-02-11 16:14:28,066] {dag.py:2306} INFO - Setting next_dagrun for deploy_structure to None
[2022-02-11 16:14:28,138] {scheduler_job.py:190} INFO - Processing /opt/airflow/dags/deploy_structure.py took 0.139 seconds
[2022-02-11 16:15:55,728] {scheduler_job.py:182} INFO - Started process (PID=26) to work on /opt/airflow/dags/deploy_structure.py
[2022-02-11 16:15:55,731] {scheduler_job.py:633} INFO - Processing file /opt/airflow/dags/deploy_structure.py for tasks to queue
[2022-02-11 16:15:55,732] {logging_mixin.py:104} INFO - [2022-02-11 16:15:55,732] {dagbag.py:496} INFO - Filling up the DagBag from /opt/airflow/dags/deploy_structure.py
[2022-02-11 16:15:55,754] {scheduler_job.py:643} INFO - DAG(s) dict_keys(['deploy_structure']) retrieved from /opt/airflow/dags/deploy_structure.py
[2022-02-11 16:15:55,808] {logging_mixin.py:104} INFO - [2022-02-11 16:15:55,807] {dag.py:1833} INFO - Sync 1 DAGs
[2022-02-11 16:15:55,935] {logging_mixin.py:104} INFO - [2022-02-11 16:15:55,935] {dag.py:2306} INFO - Setting next_dagrun for deploy_structure to None
[2022-02-11 16:15:56,065] {scheduler_job.py:190} INFO - Processing /opt/airflow/dags/deploy_structure.py took 0.341 seconds
[2022-02-11 16:16:26,383] {scheduler_job.py:182} INFO - Started process (PID=28) to work on /opt/airflow/dags/deploy_structure.py
[2022-02-11 16:16:26,385] {scheduler_job.py:633} INFO - Processing file /opt/airflow/dags/deploy_structure.py for tasks to queue
[2022-02-11 16:16:26,386] {logging_mixin.py:104} INFO - [2022-02-11 16:16:26,386] {dagbag.py:496} INFO - Filling up the DagBag from /opt/airflow/dags/deploy_structure.py
[2022-02-11 16:16:26,410] {scheduler_job.py:643} INFO - DAG(s) dict_keys(['deploy_structure']) retrieved from /opt/airflow/dags/deploy_structure.py
[2022-02-11 16:16:26,728] {logging_mixin.py:104} INFO - [2022-02-11 16:16:26,728] {dag.py:1833} INFO - Sync 1 DAGs
[2022-02-11 16:16:26,782] {logging_mixin.py:104} INFO - [2022-02-11 16:16:26,782] {dag.py:2306} INFO - Setting next_dagrun for deploy_structure to None
[2022-02-11 16:16:26,945] {scheduler_job.py:190} INFO - Processing /opt/airflow/dags/deploy_structure.py took 0.569 seconds
[2022-02-11 16:16:57,251] {scheduler_job.py:182} INFO - Started process (PID=30) to work on /opt/airflow/dags/deploy_structure.py
[2022-02-11 16:16:57,253] {scheduler_job.py:633} INFO - Processing file /opt/airflow/dags/deploy_structure.py for tasks to queue
[2022-02-11 16:16:57,254] {logging_mixin.py:104} INFO - [2022-02-11 16:16:57,254] {dagbag.py:496} INFO - Filling up the DagBag from /opt/airflow/dags/deploy_structure.py
[2022-02-11 16:16:57,268] {scheduler_job.py:643} INFO - DAG(s) dict_keys(['deploy_structure']) retrieved from /opt/airflow/dags/deploy_structure.py
[2022-02-11 16:16:57,297] {logging_mixin.py:104} INFO - [2022-02-11 16:16:57,297] {dag.py:1833} INFO - Sync 1 DAGs
[2022-02-11 16:16:57,322] {logging_mixin.py:104} INFO - [2022-02-11 16:16:57,322] {dag.py:2306} INFO - Setting next_dagrun for deploy_structure to None
[2022-02-11 16:16:57,351] {scheduler_job.py:190} INFO - Processing /opt/airflow/dags/deploy_structure.py took 0.106 seconds
[2022-02-11 16:17:27,486] {scheduler_job.py:182} INFO - Started process (PID=32) to work on /opt/airflow/dags/deploy_structure.py
[2022-02-11 16:17:27,487] {scheduler_job.py:633} INFO - Processing file /opt/airflow/dags/deploy_structure.py for tasks to queue
[2022-02-11 16:17:27,488] {logging_mixin.py:104} INFO - [2022-02-11 16:17:27,488] {dagbag.py:496} INFO - Filling up the DagBag from /opt/airflow/dags/deploy_structure.py
[2022-02-11 16:17:27,502] {scheduler_job.py:643} INFO - DAG(s) dict_keys(['deploy_structure']) retrieved from /opt/airflow/dags/deploy_structure.py
[2022-02-11 16:17:27,535] {logging_mixin.py:104} INFO - [2022-02-11 16:17:27,534] {dag.py:1833} INFO - Sync 1 DAGs
[2022-02-11 16:17:27,559] {logging_mixin.py:104} INFO - [2022-02-11 16:17:27,558] {dag.py:2306} INFO - Setting next_dagrun for deploy_structure to None
[2022-02-11 16:17:27,583] {scheduler_job.py:190} INFO - Processing /opt/airflow/dags/deploy_structure.py took 0.101 seconds
[2022-02-11 16:17:57,711] {scheduler_job.py:182} INFO - Started process (PID=34) to work on /opt/airflow/dags/deploy_structure.py
[2022-02-11 16:17:57,712] {scheduler_job.py:633} INFO - Processing file /opt/airflow/dags/deploy_structure.py for tasks to queue
[2022-02-11 16:17:57,714] {logging_mixin.py:104} INFO - [2022-02-11 16:17:57,713] {dagbag.py:496} INFO - Filling up the DagBag from /opt/airflow/dags/deploy_structure.py
[2022-02-11 16:17:57,734] {scheduler_job.py:643} INFO - DAG(s) dict_keys(['deploy_structure']) retrieved from /opt/airflow/dags/deploy_structure.py
[2022-02-11 16:17:57,774] {logging_mixin.py:104} INFO - [2022-02-11 16:17:57,774] {dag.py:1833} INFO - Sync 1 DAGs
[2022-02-11 16:17:57,802] {logging_mixin.py:104} INFO - [2022-02-11 16:17:57,801] {dag.py:2306} INFO - Setting next_dagrun for deploy_structure to None
[2022-02-11 16:17:57,824] {scheduler_job.py:190} INFO - Processing /opt/airflow/dags/deploy_structure.py took 0.118 seconds
[2022-02-11 16:18:24,465] {scheduler_job.py:182} INFO - Started process (PID=36) to work on /opt/airflow/dags/deploy_structure.py
[2022-02-11 16:18:24,467] {scheduler_job.py:633} INFO - Processing file /opt/airflow/dags/deploy_structure.py for tasks to queue
[2022-02-11 16:18:24,468] {logging_mixin.py:104} INFO - [2022-02-11 16:18:24,468] {dagbag.py:496} INFO - Filling up the DagBag from /opt/airflow/dags/deploy_structure.py
[2022-02-11 16:18:24,491] {scheduler_job.py:643} INFO - DAG(s) dict_keys(['deploy_structure']) retrieved from /opt/airflow/dags/deploy_structure.py
[2022-02-11 16:18:24,609] {scheduler_job.py:600} INFO - Executed failure callback for <TaskInstance: deploy_structure.spark_connection 2022-02-11 16:08:18.637558+00:00 [failed]> in state failed
[2022-02-11 16:18:24,626] {logging_mixin.py:104} INFO - [2022-02-11 16:18:24,626] {dag.py:1833} INFO - Sync 1 DAGs
[2022-02-11 16:18:24,650] {logging_mixin.py:104} INFO - [2022-02-11 16:18:24,649] {dag.py:2306} INFO - Setting next_dagrun for deploy_structure to None
[2022-02-11 16:18:24,675] {scheduler_job.py:190} INFO - Processing /opt/airflow/dags/deploy_structure.py took 0.216 seconds
[2022-02-11 16:18:26,308] {scheduler_job.py:182} INFO - Started process (PID=37) to work on /opt/airflow/dags/deploy_structure.py
[2022-02-11 16:18:26,311] {scheduler_job.py:633} INFO - Processing file /opt/airflow/dags/deploy_structure.py for tasks to queue
[2022-02-11 16:18:26,313] {logging_mixin.py:104} INFO - [2022-02-11 16:18:26,313] {dagbag.py:496} INFO - Filling up the DagBag from /opt/airflow/dags/deploy_structure.py
[2022-02-11 16:18:26,332] {scheduler_job.py:643} INFO - DAG(s) dict_keys(['deploy_structure']) retrieved from /opt/airflow/dags/deploy_structure.py
[2022-02-11 16:18:26,387] {scheduler_job.py:600} INFO - Executed failure callback for <TaskInstance: deploy_structure.spark_connection 2022-02-11 16:18:24.205006+00:00 [up_for_retry]> in state up_for_retry
[2022-02-11 16:18:26,404] {logging_mixin.py:104} INFO - [2022-02-11 16:18:26,404] {dag.py:1833} INFO - Sync 1 DAGs
[2022-02-11 16:18:26,425] {logging_mixin.py:104} INFO - [2022-02-11 16:18:26,425] {dag.py:2306} INFO - Setting next_dagrun for deploy_structure to None
[2022-02-11 16:18:26,453] {scheduler_job.py:190} INFO - Processing /opt/airflow/dags/deploy_structure.py took 0.151 seconds
[2022-02-11 16:18:56,515] {scheduler_job.py:182} INFO - Started process (PID=39) to work on /opt/airflow/dags/deploy_structure.py
[2022-02-11 16:18:56,516] {scheduler_job.py:633} INFO - Processing file /opt/airflow/dags/deploy_structure.py for tasks to queue
[2022-02-11 16:18:56,517] {logging_mixin.py:104} INFO - [2022-02-11 16:18:56,517] {dagbag.py:496} INFO - Filling up the DagBag from /opt/airflow/dags/deploy_structure.py
[2022-02-11 16:18:56,531] {scheduler_job.py:643} INFO - DAG(s) dict_keys(['deploy_structure']) retrieved from /opt/airflow/dags/deploy_structure.py
[2022-02-11 16:18:56,567] {logging_mixin.py:104} INFO - [2022-02-11 16:18:56,567] {dag.py:1833} INFO - Sync 1 DAGs
[2022-02-11 16:18:56,587] {logging_mixin.py:104} INFO - [2022-02-11 16:18:56,587] {dag.py:2306} INFO - Setting next_dagrun for deploy_structure to None
[2022-02-11 16:18:56,612] {scheduler_job.py:190} INFO - Processing /opt/airflow/dags/deploy_structure.py took 0.103 seconds
[2022-02-11 16:19:26,732] {scheduler_job.py:182} INFO - Started process (PID=41) to work on /opt/airflow/dags/deploy_structure.py
[2022-02-11 16:19:26,733] {scheduler_job.py:633} INFO - Processing file /opt/airflow/dags/deploy_structure.py for tasks to queue
[2022-02-11 16:19:26,734] {logging_mixin.py:104} INFO - [2022-02-11 16:19:26,734] {dagbag.py:496} INFO - Filling up the DagBag from /opt/airflow/dags/deploy_structure.py
[2022-02-11 16:19:26,750] {scheduler_job.py:643} INFO - DAG(s) dict_keys(['deploy_structure']) retrieved from /opt/airflow/dags/deploy_structure.py
[2022-02-11 16:19:26,784] {logging_mixin.py:104} INFO - [2022-02-11 16:19:26,784] {dag.py:1833} INFO - Sync 1 DAGs
[2022-02-11 16:19:26,804] {logging_mixin.py:104} INFO - [2022-02-11 16:19:26,804] {dag.py:2306} INFO - Setting next_dagrun for deploy_structure to None
[2022-02-11 16:19:26,834] {scheduler_job.py:190} INFO - Processing /opt/airflow/dags/deploy_structure.py took 0.107 seconds
[2022-02-11 16:19:58,460] {scheduler_job.py:182} INFO - Started process (PID=43) to work on /opt/airflow/dags/deploy_structure.py
[2022-02-11 16:19:58,462] {scheduler_job.py:633} INFO - Processing file /opt/airflow/dags/deploy_structure.py for tasks to queue
[2022-02-11 16:19:58,463] {logging_mixin.py:104} INFO - [2022-02-11 16:19:58,463] {dagbag.py:496} INFO - Filling up the DagBag from /opt/airflow/dags/deploy_structure.py
[2022-02-11 16:19:58,609] {scheduler_job.py:643} INFO - DAG(s) dict_keys(['deploy_structure']) retrieved from /opt/airflow/dags/deploy_structure.py
[2022-02-11 16:20:00,876] {logging_mixin.py:104} INFO - [2022-02-11 16:20:00,876] {dag.py:1833} INFO - Sync 1 DAGs
[2022-02-11 16:20:00,899] {logging_mixin.py:104} INFO - [2022-02-11 16:20:00,899] {dag.py:2306} INFO - Setting next_dagrun for deploy_structure to None
[2022-02-11 16:20:01,058] {scheduler_job.py:190} INFO - Processing /opt/airflow/dags/deploy_structure.py took 2.615 seconds
[2022-02-11 16:20:31,271] {scheduler_job.py:182} INFO - Started process (PID=45) to work on /opt/airflow/dags/deploy_structure.py
[2022-02-11 16:20:31,313] {scheduler_job.py:633} INFO - Processing file /opt/airflow/dags/deploy_structure.py for tasks to queue
[2022-02-11 16:20:31,315] {logging_mixin.py:104} INFO - [2022-02-11 16:20:31,314] {dagbag.py:496} INFO - Filling up the DagBag from /opt/airflow/dags/deploy_structure.py
[2022-02-11 16:20:32,120] {scheduler_job.py:643} INFO - DAG(s) dict_keys(['deploy_structure']) retrieved from /opt/airflow/dags/deploy_structure.py
[2022-02-11 16:20:32,226] {logging_mixin.py:104} INFO - [2022-02-11 16:20:32,226] {dag.py:1833} INFO - Sync 1 DAGs
[2022-02-11 16:20:32,260] {logging_mixin.py:104} INFO - [2022-02-11 16:20:32,260] {dag.py:2306} INFO - Setting next_dagrun for deploy_structure to None
[2022-02-11 16:20:32,280] {scheduler_job.py:190} INFO - Processing /opt/airflow/dags/deploy_structure.py took 1.021 seconds
[2022-02-11 16:21:02,440] {scheduler_job.py:182} INFO - Started process (PID=47) to work on /opt/airflow/dags/deploy_structure.py
[2022-02-11 16:21:02,442] {scheduler_job.py:633} INFO - Processing file /opt/airflow/dags/deploy_structure.py for tasks to queue
[2022-02-11 16:21:02,443] {logging_mixin.py:104} INFO - [2022-02-11 16:21:02,443] {dagbag.py:496} INFO - Filling up the DagBag from /opt/airflow/dags/deploy_structure.py
[2022-02-11 16:21:02,466] {scheduler_job.py:643} INFO - DAG(s) dict_keys(['deploy_structure']) retrieved from /opt/airflow/dags/deploy_structure.py
[2022-02-11 16:21:02,500] {logging_mixin.py:104} INFO - [2022-02-11 16:21:02,500] {dag.py:1833} INFO - Sync 1 DAGs
[2022-02-11 16:21:02,525] {logging_mixin.py:104} INFO - [2022-02-11 16:21:02,524] {dag.py:2306} INFO - Setting next_dagrun for deploy_structure to None
[2022-02-11 16:21:02,543] {scheduler_job.py:190} INFO - Processing /opt/airflow/dags/deploy_structure.py took 0.110 seconds
[2022-02-11 16:21:32,689] {scheduler_job.py:182} INFO - Started process (PID=49) to work on /opt/airflow/dags/deploy_structure.py
[2022-02-11 16:21:32,690] {scheduler_job.py:633} INFO - Processing file /opt/airflow/dags/deploy_structure.py for tasks to queue
[2022-02-11 16:21:32,691] {logging_mixin.py:104} INFO - [2022-02-11 16:21:32,690] {dagbag.py:496} INFO - Filling up the DagBag from /opt/airflow/dags/deploy_structure.py
[2022-02-11 16:21:32,718] {scheduler_job.py:643} INFO - DAG(s) dict_keys(['deploy_structure']) retrieved from /opt/airflow/dags/deploy_structure.py
[2022-02-11 16:21:32,750] {logging_mixin.py:104} INFO - [2022-02-11 16:21:32,750] {dag.py:1833} INFO - Sync 1 DAGs
[2022-02-11 16:21:32,773] {logging_mixin.py:104} INFO - [2022-02-11 16:21:32,773] {dag.py:2306} INFO - Setting next_dagrun for deploy_structure to None
[2022-02-11 16:21:32,796] {scheduler_job.py:190} INFO - Processing /opt/airflow/dags/deploy_structure.py took 0.124 seconds
[2022-02-11 16:22:02,930] {scheduler_job.py:182} INFO - Started process (PID=51) to work on /opt/airflow/dags/deploy_structure.py
[2022-02-11 16:22:02,933] {scheduler_job.py:633} INFO - Processing file /opt/airflow/dags/deploy_structure.py for tasks to queue
[2022-02-11 16:22:02,934] {logging_mixin.py:104} INFO - [2022-02-11 16:22:02,933] {dagbag.py:496} INFO - Filling up the DagBag from /opt/airflow/dags/deploy_structure.py
[2022-02-11 16:22:02,952] {scheduler_job.py:643} INFO - DAG(s) dict_keys(['deploy_structure']) retrieved from /opt/airflow/dags/deploy_structure.py
[2022-02-11 16:22:02,980] {logging_mixin.py:104} INFO - [2022-02-11 16:22:02,980] {dag.py:1833} INFO - Sync 1 DAGs
[2022-02-11 16:22:02,999] {logging_mixin.py:104} INFO - [2022-02-11 16:22:02,999] {dag.py:2306} INFO - Setting next_dagrun for deploy_structure to None
[2022-02-11 16:22:03,027] {scheduler_job.py:190} INFO - Processing /opt/airflow/dags/deploy_structure.py took 0.101 seconds
[2022-02-11 16:22:33,168] {scheduler_job.py:182} INFO - Started process (PID=53) to work on /opt/airflow/dags/deploy_structure.py
[2022-02-11 16:22:33,176] {scheduler_job.py:633} INFO - Processing file /opt/airflow/dags/deploy_structure.py for tasks to queue
[2022-02-11 16:22:33,177] {logging_mixin.py:104} INFO - [2022-02-11 16:22:33,177] {dagbag.py:496} INFO - Filling up the DagBag from /opt/airflow/dags/deploy_structure.py
[2022-02-11 16:22:33,193] {scheduler_job.py:643} INFO - DAG(s) dict_keys(['deploy_structure']) retrieved from /opt/airflow/dags/deploy_structure.py
[2022-02-11 16:22:33,223] {logging_mixin.py:104} INFO - [2022-02-11 16:22:33,223] {dag.py:1833} INFO - Sync 1 DAGs
[2022-02-11 16:22:33,249] {logging_mixin.py:104} INFO - [2022-02-11 16:22:33,249] {dag.py:2306} INFO - Setting next_dagrun for deploy_structure to None
[2022-02-11 16:22:33,269] {scheduler_job.py:190} INFO - Processing /opt/airflow/dags/deploy_structure.py took 0.105 seconds
[2022-02-11 16:23:03,406] {scheduler_job.py:182} INFO - Started process (PID=55) to work on /opt/airflow/dags/deploy_structure.py
[2022-02-11 16:23:03,408] {scheduler_job.py:633} INFO - Processing file /opt/airflow/dags/deploy_structure.py for tasks to queue
[2022-02-11 16:23:03,409] {logging_mixin.py:104} INFO - [2022-02-11 16:23:03,408] {dagbag.py:496} INFO - Filling up the DagBag from /opt/airflow/dags/deploy_structure.py
[2022-02-11 16:23:03,424] {scheduler_job.py:643} INFO - DAG(s) dict_keys(['deploy_structure']) retrieved from /opt/airflow/dags/deploy_structure.py
[2022-02-11 16:23:03,454] {logging_mixin.py:104} INFO - [2022-02-11 16:23:03,454] {dag.py:1833} INFO - Sync 1 DAGs
[2022-02-11 16:23:03,474] {logging_mixin.py:104} INFO - [2022-02-11 16:23:03,474] {dag.py:2306} INFO - Setting next_dagrun for deploy_structure to None
[2022-02-11 16:23:03,545] {scheduler_job.py:190} INFO - Processing /opt/airflow/dags/deploy_structure.py took 0.143 seconds
[2022-02-11 16:23:28,464] {scheduler_job.py:182} INFO - Started process (PID=57) to work on /opt/airflow/dags/deploy_structure.py
[2022-02-11 16:23:28,466] {scheduler_job.py:633} INFO - Processing file /opt/airflow/dags/deploy_structure.py for tasks to queue
[2022-02-11 16:23:28,467] {logging_mixin.py:104} INFO - [2022-02-11 16:23:28,467] {dagbag.py:496} INFO - Filling up the DagBag from /opt/airflow/dags/deploy_structure.py
[2022-02-11 16:23:28,484] {scheduler_job.py:643} INFO - DAG(s) dict_keys(['deploy_structure']) retrieved from /opt/airflow/dags/deploy_structure.py
[2022-02-11 16:23:28,538] {scheduler_job.py:600} INFO - Executed failure callback for <TaskInstance: deploy_structure.spark_connection 2022-02-11 16:18:24.205006+00:00 [up_for_retry]> in state up_for_retry
[2022-02-11 16:23:28,553] {logging_mixin.py:104} INFO - [2022-02-11 16:23:28,553] {dag.py:1833} INFO - Sync 1 DAGs
[2022-02-11 16:23:28,575] {logging_mixin.py:104} INFO - [2022-02-11 16:23:28,575] {dag.py:2306} INFO - Setting next_dagrun for deploy_structure to None
[2022-02-11 16:23:28,593] {scheduler_job.py:190} INFO - Processing /opt/airflow/dags/deploy_structure.py took 0.135 seconds
[2022-02-11 16:23:58,722] {scheduler_job.py:182} INFO - Started process (PID=59) to work on /opt/airflow/dags/deploy_structure.py
[2022-02-11 16:23:58,724] {scheduler_job.py:633} INFO - Processing file /opt/airflow/dags/deploy_structure.py for tasks to queue
[2022-02-11 16:23:58,725] {logging_mixin.py:104} INFO - [2022-02-11 16:23:58,725] {dagbag.py:496} INFO - Filling up the DagBag from /opt/airflow/dags/deploy_structure.py
[2022-02-11 16:23:58,750] {scheduler_job.py:643} INFO - DAG(s) dict_keys(['deploy_structure']) retrieved from /opt/airflow/dags/deploy_structure.py
[2022-02-11 16:23:58,847] {logging_mixin.py:104} INFO - [2022-02-11 16:23:58,847] {dag.py:1833} INFO - Sync 1 DAGs
[2022-02-11 16:23:58,883] {logging_mixin.py:104} INFO - [2022-02-11 16:23:58,883] {dag.py:2306} INFO - Setting next_dagrun for deploy_structure to None
[2022-02-11 16:23:58,933] {scheduler_job.py:190} INFO - Processing /opt/airflow/dags/deploy_structure.py took 0.221 seconds
[2022-02-11 16:24:29,071] {scheduler_job.py:182} INFO - Started process (PID=61) to work on /opt/airflow/dags/deploy_structure.py
[2022-02-11 16:24:29,073] {scheduler_job.py:633} INFO - Processing file /opt/airflow/dags/deploy_structure.py for tasks to queue
[2022-02-11 16:24:29,074] {logging_mixin.py:104} INFO - [2022-02-11 16:24:29,074] {dagbag.py:496} INFO - Filling up the DagBag from /opt/airflow/dags/deploy_structure.py
[2022-02-11 16:24:29,142] {scheduler_job.py:643} INFO - DAG(s) dict_keys(['deploy_structure']) retrieved from /opt/airflow/dags/deploy_structure.py
[2022-02-11 16:24:29,194] {logging_mixin.py:104} INFO - [2022-02-11 16:24:29,193] {dag.py:1833} INFO - Sync 1 DAGs
[2022-02-11 16:24:29,218] {logging_mixin.py:104} INFO - [2022-02-11 16:24:29,218] {dag.py:2306} INFO - Setting next_dagrun for deploy_structure to None
[2022-02-11 16:24:29,252] {scheduler_job.py:190} INFO - Processing /opt/airflow/dags/deploy_structure.py took 0.194 seconds
[2022-02-11 16:24:59,276] {scheduler_job.py:182} INFO - Started process (PID=67) to work on /opt/airflow/dags/deploy_structure.py
[2022-02-11 16:24:59,278] {scheduler_job.py:633} INFO - Processing file /opt/airflow/dags/deploy_structure.py for tasks to queue
[2022-02-11 16:24:59,278] {logging_mixin.py:104} INFO - [2022-02-11 16:24:59,278] {dagbag.py:496} INFO - Filling up the DagBag from /opt/airflow/dags/deploy_structure.py
[2022-02-11 16:24:59,293] {scheduler_job.py:643} INFO - DAG(s) dict_keys(['deploy_structure']) retrieved from /opt/airflow/dags/deploy_structure.py
[2022-02-11 16:24:59,319] {logging_mixin.py:104} INFO - [2022-02-11 16:24:59,319] {dag.py:1833} INFO - Sync 1 DAGs
[2022-02-11 16:24:59,338] {logging_mixin.py:104} INFO - [2022-02-11 16:24:59,337] {dag.py:2306} INFO - Setting next_dagrun for deploy_structure to None
[2022-02-11 16:24:59,403] {scheduler_job.py:190} INFO - Processing /opt/airflow/dags/deploy_structure.py took 0.130 seconds
[2022-02-11 16:25:29,482] {scheduler_job.py:182} INFO - Started process (PID=69) to work on /opt/airflow/dags/deploy_structure.py
[2022-02-11 16:25:29,483] {scheduler_job.py:633} INFO - Processing file /opt/airflow/dags/deploy_structure.py for tasks to queue
[2022-02-11 16:25:29,485] {logging_mixin.py:104} INFO - [2022-02-11 16:25:29,484] {dagbag.py:496} INFO - Filling up the DagBag from /opt/airflow/dags/deploy_structure.py
[2022-02-11 16:25:29,500] {scheduler_job.py:643} INFO - DAG(s) dict_keys(['deploy_structure']) retrieved from /opt/airflow/dags/deploy_structure.py
[2022-02-11 16:25:29,532] {logging_mixin.py:104} INFO - [2022-02-11 16:25:29,531] {dag.py:1833} INFO - Sync 1 DAGs
[2022-02-11 16:25:29,591] {logging_mixin.py:104} INFO - [2022-02-11 16:25:29,591] {dag.py:2306} INFO - Setting next_dagrun for deploy_structure to None
[2022-02-11 16:25:29,966] {scheduler_job.py:190} INFO - Processing /opt/airflow/dags/deploy_structure.py took 0.489 seconds
[2022-02-11 16:26:00,628] {scheduler_job.py:182} INFO - Started process (PID=71) to work on /opt/airflow/dags/deploy_structure.py
[2022-02-11 16:26:00,629] {scheduler_job.py:633} INFO - Processing file /opt/airflow/dags/deploy_structure.py for tasks to queue
[2022-02-11 16:26:00,630] {logging_mixin.py:104} INFO - [2022-02-11 16:26:00,630] {dagbag.py:496} INFO - Filling up the DagBag from /opt/airflow/dags/deploy_structure.py
[2022-02-11 16:26:00,644] {scheduler_job.py:643} INFO - DAG(s) dict_keys(['deploy_structure']) retrieved from /opt/airflow/dags/deploy_structure.py
[2022-02-11 16:26:00,677] {logging_mixin.py:104} INFO - [2022-02-11 16:26:00,677] {dag.py:1833} INFO - Sync 1 DAGs
[2022-02-11 16:26:00,698] {logging_mixin.py:104} INFO - [2022-02-11 16:26:00,697] {dag.py:2306} INFO - Setting next_dagrun for deploy_structure to None
[2022-02-11 16:26:00,717] {scheduler_job.py:190} INFO - Processing /opt/airflow/dags/deploy_structure.py took 0.096 seconds
[2022-02-11 16:26:30,824] {scheduler_job.py:182} INFO - Started process (PID=73) to work on /opt/airflow/dags/deploy_structure.py
[2022-02-11 16:26:30,825] {scheduler_job.py:633} INFO - Processing file /opt/airflow/dags/deploy_structure.py for tasks to queue
[2022-02-11 16:26:30,826] {logging_mixin.py:104} INFO - [2022-02-11 16:26:30,826] {dagbag.py:496} INFO - Filling up the DagBag from /opt/airflow/dags/deploy_structure.py
[2022-02-11 16:26:30,843] {scheduler_job.py:643} INFO - DAG(s) dict_keys(['deploy_structure']) retrieved from /opt/airflow/dags/deploy_structure.py
[2022-02-11 16:26:30,874] {logging_mixin.py:104} INFO - [2022-02-11 16:26:30,873] {dag.py:1833} INFO - Sync 1 DAGs
[2022-02-11 16:26:30,894] {logging_mixin.py:104} INFO - [2022-02-11 16:26:30,894] {dag.py:2306} INFO - Setting next_dagrun for deploy_structure to None
[2022-02-11 16:26:30,941] {scheduler_job.py:190} INFO - Processing /opt/airflow/dags/deploy_structure.py took 0.121 seconds
[2022-02-11 16:27:01,055] {scheduler_job.py:182} INFO - Started process (PID=75) to work on /opt/airflow/dags/deploy_structure.py
[2022-02-11 16:27:01,057] {scheduler_job.py:633} INFO - Processing file /opt/airflow/dags/deploy_structure.py for tasks to queue
[2022-02-11 16:27:01,058] {logging_mixin.py:104} INFO - [2022-02-11 16:27:01,057] {dagbag.py:496} INFO - Filling up the DagBag from /opt/airflow/dags/deploy_structure.py
[2022-02-11 16:27:01,074] {scheduler_job.py:643} INFO - DAG(s) dict_keys(['deploy_structure']) retrieved from /opt/airflow/dags/deploy_structure.py
[2022-02-11 16:27:01,101] {logging_mixin.py:104} INFO - [2022-02-11 16:27:01,101] {dag.py:1833} INFO - Sync 1 DAGs
[2022-02-11 16:27:01,119] {logging_mixin.py:104} INFO - [2022-02-11 16:27:01,119] {dag.py:2306} INFO - Setting next_dagrun for deploy_structure to None
[2022-02-11 16:27:01,231] {scheduler_job.py:190} INFO - Processing /opt/airflow/dags/deploy_structure.py took 0.180 seconds
[2022-02-11 16:27:31,337] {scheduler_job.py:182} INFO - Started process (PID=77) to work on /opt/airflow/dags/deploy_structure.py
[2022-02-11 16:27:31,339] {scheduler_job.py:633} INFO - Processing file /opt/airflow/dags/deploy_structure.py for tasks to queue
[2022-02-11 16:27:31,340] {logging_mixin.py:104} INFO - [2022-02-11 16:27:31,340] {dagbag.py:496} INFO - Filling up the DagBag from /opt/airflow/dags/deploy_structure.py
[2022-02-11 16:27:31,356] {scheduler_job.py:643} INFO - DAG(s) dict_keys(['deploy_structure']) retrieved from /opt/airflow/dags/deploy_structure.py
[2022-02-11 16:27:31,391] {logging_mixin.py:104} INFO - [2022-02-11 16:27:31,390] {dag.py:1833} INFO - Sync 1 DAGs
[2022-02-11 16:27:31,411] {logging_mixin.py:104} INFO - [2022-02-11 16:27:31,411] {dag.py:2306} INFO - Setting next_dagrun for deploy_structure to None
[2022-02-11 16:27:31,432] {scheduler_job.py:190} INFO - Processing /opt/airflow/dags/deploy_structure.py took 0.100 seconds
[2022-02-11 16:28:01,549] {scheduler_job.py:182} INFO - Started process (PID=79) to work on /opt/airflow/dags/deploy_structure.py
[2022-02-11 16:28:01,550] {scheduler_job.py:633} INFO - Processing file /opt/airflow/dags/deploy_structure.py for tasks to queue
[2022-02-11 16:28:01,551] {logging_mixin.py:104} INFO - [2022-02-11 16:28:01,550] {dagbag.py:496} INFO - Filling up the DagBag from /opt/airflow/dags/deploy_structure.py
[2022-02-11 16:28:01,565] {scheduler_job.py:643} INFO - DAG(s) dict_keys(['deploy_structure']) retrieved from /opt/airflow/dags/deploy_structure.py
[2022-02-11 16:28:01,595] {logging_mixin.py:104} INFO - [2022-02-11 16:28:01,594] {dag.py:1833} INFO - Sync 1 DAGs
[2022-02-11 16:28:01,616] {logging_mixin.py:104} INFO - [2022-02-11 16:28:01,615] {dag.py:2306} INFO - Setting next_dagrun for deploy_structure to None
[2022-02-11 16:28:01,662] {scheduler_job.py:190} INFO - Processing /opt/airflow/dags/deploy_structure.py took 0.117 seconds
[2022-02-11 16:28:30,713] {scheduler_job.py:182} INFO - Started process (PID=81) to work on /opt/airflow/dags/deploy_structure.py
[2022-02-11 16:28:30,716] {scheduler_job.py:633} INFO - Processing file /opt/airflow/dags/deploy_structure.py for tasks to queue
[2022-02-11 16:28:30,717] {logging_mixin.py:104} INFO - [2022-02-11 16:28:30,716] {dagbag.py:496} INFO - Filling up the DagBag from /opt/airflow/dags/deploy_structure.py
[2022-02-11 16:28:30,732] {scheduler_job.py:643} INFO - DAG(s) dict_keys(['deploy_structure']) retrieved from /opt/airflow/dags/deploy_structure.py
[2022-02-11 16:28:30,799] {scheduler_job.py:600} INFO - Executed failure callback for <TaskInstance: deploy_structure.spark_connection 2022-02-11 16:18:24.205006+00:00 [failed]> in state failed
[2022-02-11 16:28:30,816] {logging_mixin.py:104} INFO - [2022-02-11 16:28:30,816] {dag.py:1833} INFO - Sync 1 DAGs
[2022-02-11 16:28:30,842] {logging_mixin.py:104} INFO - [2022-02-11 16:28:30,842] {dag.py:2306} INFO - Setting next_dagrun for deploy_structure to None
[2022-02-11 16:28:30,865] {scheduler_job.py:190} INFO - Processing /opt/airflow/dags/deploy_structure.py took 0.159 seconds
[2022-02-11 16:29:00,977] {scheduler_job.py:182} INFO - Started process (PID=83) to work on /opt/airflow/dags/deploy_structure.py
[2022-02-11 16:29:00,979] {scheduler_job.py:633} INFO - Processing file /opt/airflow/dags/deploy_structure.py for tasks to queue
[2022-02-11 16:29:00,980] {logging_mixin.py:104} INFO - [2022-02-11 16:29:00,980] {dagbag.py:496} INFO - Filling up the DagBag from /opt/airflow/dags/deploy_structure.py
[2022-02-11 16:29:00,994] {scheduler_job.py:643} INFO - DAG(s) dict_keys(['deploy_structure']) retrieved from /opt/airflow/dags/deploy_structure.py
[2022-02-11 16:29:01,027] {logging_mixin.py:104} INFO - [2022-02-11 16:29:01,027] {dag.py:1833} INFO - Sync 1 DAGs
[2022-02-11 16:29:01,050] {logging_mixin.py:104} INFO - [2022-02-11 16:29:01,050] {dag.py:2306} INFO - Setting next_dagrun for deploy_structure to None
[2022-02-11 16:29:01,074] {scheduler_job.py:190} INFO - Processing /opt/airflow/dags/deploy_structure.py took 0.103 seconds
[2022-02-11 16:29:31,177] {scheduler_job.py:182} INFO - Started process (PID=85) to work on /opt/airflow/dags/deploy_structure.py
[2022-02-11 16:29:31,179] {scheduler_job.py:633} INFO - Processing file /opt/airflow/dags/deploy_structure.py for tasks to queue
[2022-02-11 16:29:31,180] {logging_mixin.py:104} INFO - [2022-02-11 16:29:31,180] {dagbag.py:496} INFO - Filling up the DagBag from /opt/airflow/dags/deploy_structure.py
[2022-02-11 16:29:31,196] {scheduler_job.py:643} INFO - DAG(s) dict_keys(['deploy_structure']) retrieved from /opt/airflow/dags/deploy_structure.py
[2022-02-11 16:29:31,228] {logging_mixin.py:104} INFO - [2022-02-11 16:29:31,227] {dag.py:1833} INFO - Sync 1 DAGs
[2022-02-11 16:29:31,252] {logging_mixin.py:104} INFO - [2022-02-11 16:29:31,252] {dag.py:2306} INFO - Setting next_dagrun for deploy_structure to None
[2022-02-11 16:29:31,273] {scheduler_job.py:190} INFO - Processing /opt/airflow/dags/deploy_structure.py took 0.100 seconds
[2022-02-11 16:30:01,379] {scheduler_job.py:182} INFO - Started process (PID=87) to work on /opt/airflow/dags/deploy_structure.py
[2022-02-11 16:30:01,381] {scheduler_job.py:633} INFO - Processing file /opt/airflow/dags/deploy_structure.py for tasks to queue
[2022-02-11 16:30:01,382] {logging_mixin.py:104} INFO - [2022-02-11 16:30:01,382] {dagbag.py:496} INFO - Filling up the DagBag from /opt/airflow/dags/deploy_structure.py
[2022-02-11 16:30:01,402] {scheduler_job.py:643} INFO - DAG(s) dict_keys(['deploy_structure']) retrieved from /opt/airflow/dags/deploy_structure.py
[2022-02-11 16:30:01,436] {logging_mixin.py:104} INFO - [2022-02-11 16:30:01,436] {dag.py:1833} INFO - Sync 1 DAGs
[2022-02-11 16:30:01,459] {logging_mixin.py:104} INFO - [2022-02-11 16:30:01,458] {dag.py:2306} INFO - Setting next_dagrun for deploy_structure to None
[2022-02-11 16:30:01,483] {scheduler_job.py:190} INFO - Processing /opt/airflow/dags/deploy_structure.py took 0.109 seconds
[2022-02-11 16:30:31,599] {scheduler_job.py:182} INFO - Started process (PID=89) to work on /opt/airflow/dags/deploy_structure.py
[2022-02-11 16:30:31,601] {scheduler_job.py:633} INFO - Processing file /opt/airflow/dags/deploy_structure.py for tasks to queue
[2022-02-11 16:30:31,603] {logging_mixin.py:104} INFO - [2022-02-11 16:30:31,603] {dagbag.py:496} INFO - Filling up the DagBag from /opt/airflow/dags/deploy_structure.py
[2022-02-11 16:30:31,626] {scheduler_job.py:643} INFO - DAG(s) dict_keys(['deploy_structure']) retrieved from /opt/airflow/dags/deploy_structure.py
[2022-02-11 16:30:31,666] {logging_mixin.py:104} INFO - [2022-02-11 16:30:31,665] {dag.py:1833} INFO - Sync 1 DAGs
[2022-02-11 16:30:31,689] {logging_mixin.py:104} INFO - [2022-02-11 16:30:31,689] {dag.py:2306} INFO - Setting next_dagrun for deploy_structure to None
[2022-02-11 16:30:31,712] {scheduler_job.py:190} INFO - Processing /opt/airflow/dags/deploy_structure.py took 0.119 seconds
[2022-02-11 16:34:59,010] {scheduler_job.py:182} INFO - Started process (PID=25) to work on /opt/airflow/dags/deploy_structure.py
[2022-02-11 16:34:59,012] {scheduler_job.py:633} INFO - Processing file /opt/airflow/dags/deploy_structure.py for tasks to queue
[2022-02-11 16:34:59,013] {logging_mixin.py:104} INFO - [2022-02-11 16:34:59,013] {dagbag.py:496} INFO - Filling up the DagBag from /opt/airflow/dags/deploy_structure.py
[2022-02-11 16:34:59,310] {scheduler_job.py:643} INFO - DAG(s) dict_keys(['deploy_structure']) retrieved from /opt/airflow/dags/deploy_structure.py
[2022-02-11 16:34:59,428] {logging_mixin.py:104} INFO - [2022-02-11 16:34:59,428] {dag.py:1833} INFO - Sync 1 DAGs
[2022-02-11 16:34:59,549] {logging_mixin.py:104} INFO - [2022-02-11 16:34:59,549] {dag.py:2306} INFO - Setting next_dagrun for deploy_structure to None
[2022-02-11 16:34:59,635] {scheduler_job.py:190} INFO - Processing /opt/airflow/dags/deploy_structure.py took 0.631 seconds
[2022-02-11 16:35:29,711] {scheduler_job.py:182} INFO - Started process (PID=27) to work on /opt/airflow/dags/deploy_structure.py
[2022-02-11 16:35:29,713] {scheduler_job.py:633} INFO - Processing file /opt/airflow/dags/deploy_structure.py for tasks to queue
[2022-02-11 16:35:29,713] {logging_mixin.py:104} INFO - [2022-02-11 16:35:29,713] {dagbag.py:496} INFO - Filling up the DagBag from /opt/airflow/dags/deploy_structure.py
[2022-02-11 16:35:30,012] {scheduler_job.py:643} INFO - DAG(s) dict_keys(['deploy_structure']) retrieved from /opt/airflow/dags/deploy_structure.py
[2022-02-11 16:35:30,049] {logging_mixin.py:104} INFO - [2022-02-11 16:35:30,049] {dag.py:1833} INFO - Sync 1 DAGs
[2022-02-11 16:35:30,074] {logging_mixin.py:104} INFO - [2022-02-11 16:35:30,074] {dag.py:2306} INFO - Setting next_dagrun for deploy_structure to None
[2022-02-11 16:35:30,112] {scheduler_job.py:190} INFO - Processing /opt/airflow/dags/deploy_structure.py took 0.404 seconds
[2022-02-11 16:36:00,192] {scheduler_job.py:182} INFO - Started process (PID=29) to work on /opt/airflow/dags/deploy_structure.py
[2022-02-11 16:36:00,208] {scheduler_job.py:633} INFO - Processing file /opt/airflow/dags/deploy_structure.py for tasks to queue
[2022-02-11 16:36:00,209] {logging_mixin.py:104} INFO - [2022-02-11 16:36:00,209] {dagbag.py:496} INFO - Filling up the DagBag from /opt/airflow/dags/deploy_structure.py
[2022-02-11 16:36:00,253] {scheduler_job.py:643} INFO - DAG(s) dict_keys(['deploy_structure']) retrieved from /opt/airflow/dags/deploy_structure.py
[2022-02-11 16:36:00,337] {logging_mixin.py:104} INFO - [2022-02-11 16:36:00,337] {dag.py:1833} INFO - Sync 1 DAGs
[2022-02-11 16:36:00,373] {logging_mixin.py:104} INFO - [2022-02-11 16:36:00,372] {dag.py:2306} INFO - Setting next_dagrun for deploy_structure to None
[2022-02-11 16:36:00,663] {scheduler_job.py:190} INFO - Processing /opt/airflow/dags/deploy_structure.py took 0.477 seconds
[2022-02-11 16:36:30,788] {scheduler_job.py:182} INFO - Started process (PID=31) to work on /opt/airflow/dags/deploy_structure.py
[2022-02-11 16:36:30,805] {scheduler_job.py:633} INFO - Processing file /opt/airflow/dags/deploy_structure.py for tasks to queue
[2022-02-11 16:36:30,806] {logging_mixin.py:104} INFO - [2022-02-11 16:36:30,806] {dagbag.py:496} INFO - Filling up the DagBag from /opt/airflow/dags/deploy_structure.py
[2022-02-11 16:36:30,842] {scheduler_job.py:643} INFO - DAG(s) dict_keys(['deploy_structure']) retrieved from /opt/airflow/dags/deploy_structure.py
[2022-02-11 16:36:30,941] {logging_mixin.py:104} INFO - [2022-02-11 16:36:30,941] {dag.py:1833} INFO - Sync 1 DAGs
[2022-02-11 16:36:30,994] {logging_mixin.py:104} INFO - [2022-02-11 16:36:30,994] {dag.py:2306} INFO - Setting next_dagrun for deploy_structure to None
[2022-02-11 16:36:31,041] {scheduler_job.py:190} INFO - Processing /opt/airflow/dags/deploy_structure.py took 0.259 seconds
[2022-02-11 16:36:33,680] {scheduler_job.py:182} INFO - Started process (PID=33) to work on /opt/airflow/dags/deploy_structure.py
[2022-02-11 16:36:33,682] {scheduler_job.py:633} INFO - Processing file /opt/airflow/dags/deploy_structure.py for tasks to queue
[2022-02-11 16:36:33,683] {logging_mixin.py:104} INFO - [2022-02-11 16:36:33,682] {dagbag.py:496} INFO - Filling up the DagBag from /opt/airflow/dags/deploy_structure.py
[2022-02-11 16:36:33,698] {scheduler_job.py:643} INFO - DAG(s) dict_keys(['deploy_structure']) retrieved from /opt/airflow/dags/deploy_structure.py
[2022-02-11 16:36:33,817] {scheduler_job.py:600} INFO - Executed failure callback for <TaskInstance: deploy_structure.spark_connection 2022-02-11 16:36:30.257516+00:00 [up_for_retry]> in state up_for_retry
[2022-02-11 16:36:33,833] {logging_mixin.py:104} INFO - [2022-02-11 16:36:33,833] {dag.py:1833} INFO - Sync 1 DAGs
[2022-02-11 16:36:33,853] {logging_mixin.py:104} INFO - [2022-02-11 16:36:33,853] {dag.py:2306} INFO - Setting next_dagrun for deploy_structure to None
[2022-02-11 16:36:33,873] {scheduler_job.py:190} INFO - Processing /opt/airflow/dags/deploy_structure.py took 0.197 seconds
[2022-02-11 16:37:04,799] {scheduler_job.py:182} INFO - Started process (PID=35) to work on /opt/airflow/dags/deploy_structure.py
[2022-02-11 16:37:04,800] {scheduler_job.py:633} INFO - Processing file /opt/airflow/dags/deploy_structure.py for tasks to queue
[2022-02-11 16:37:04,801] {logging_mixin.py:104} INFO - [2022-02-11 16:37:04,801] {dagbag.py:496} INFO - Filling up the DagBag from /opt/airflow/dags/deploy_structure.py
[2022-02-11 16:37:04,825] {scheduler_job.py:643} INFO - DAG(s) dict_keys(['deploy_structure']) retrieved from /opt/airflow/dags/deploy_structure.py
[2022-02-11 16:37:04,866] {logging_mixin.py:104} INFO - [2022-02-11 16:37:04,865] {dag.py:1833} INFO - Sync 1 DAGs
[2022-02-11 16:37:04,897] {logging_mixin.py:104} INFO - [2022-02-11 16:37:04,897] {dag.py:2306} INFO - Setting next_dagrun for deploy_structure to None
[2022-02-11 16:37:04,927] {scheduler_job.py:190} INFO - Processing /opt/airflow/dags/deploy_structure.py took 0.133 seconds
[2022-02-11 16:37:35,016] {scheduler_job.py:182} INFO - Started process (PID=37) to work on /opt/airflow/dags/deploy_structure.py
[2022-02-11 16:37:35,018] {scheduler_job.py:633} INFO - Processing file /opt/airflow/dags/deploy_structure.py for tasks to queue
[2022-02-11 16:37:35,018] {logging_mixin.py:104} INFO - [2022-02-11 16:37:35,018] {dagbag.py:496} INFO - Filling up the DagBag from /opt/airflow/dags/deploy_structure.py
[2022-02-11 16:37:35,033] {scheduler_job.py:643} INFO - DAG(s) dict_keys(['deploy_structure']) retrieved from /opt/airflow/dags/deploy_structure.py
[2022-02-11 16:37:35,058] {logging_mixin.py:104} INFO - [2022-02-11 16:37:35,057] {dag.py:1833} INFO - Sync 1 DAGs
[2022-02-11 16:37:35,076] {logging_mixin.py:104} INFO - [2022-02-11 16:37:35,076] {dag.py:2306} INFO - Setting next_dagrun for deploy_structure to None
[2022-02-11 16:37:35,127] {scheduler_job.py:190} INFO - Processing /opt/airflow/dags/deploy_structure.py took 0.114 seconds
[2022-02-11 16:38:05,269] {scheduler_job.py:182} INFO - Started process (PID=39) to work on /opt/airflow/dags/deploy_structure.py
[2022-02-11 16:38:05,271] {scheduler_job.py:633} INFO - Processing file /opt/airflow/dags/deploy_structure.py for tasks to queue
[2022-02-11 16:38:05,272] {logging_mixin.py:104} INFO - [2022-02-11 16:38:05,272] {dagbag.py:496} INFO - Filling up the DagBag from /opt/airflow/dags/deploy_structure.py
[2022-02-11 16:38:05,288] {scheduler_job.py:643} INFO - DAG(s) dict_keys(['deploy_structure']) retrieved from /opt/airflow/dags/deploy_structure.py
[2022-02-11 16:38:05,320] {logging_mixin.py:104} INFO - [2022-02-11 16:38:05,320] {dag.py:1833} INFO - Sync 1 DAGs
[2022-02-11 16:38:05,341] {logging_mixin.py:104} INFO - [2022-02-11 16:38:05,341] {dag.py:2306} INFO - Setting next_dagrun for deploy_structure to None
[2022-02-11 16:38:05,357] {scheduler_job.py:190} INFO - Processing /opt/airflow/dags/deploy_structure.py took 0.093 seconds
[2022-02-11 16:38:35,490] {scheduler_job.py:182} INFO - Started process (PID=41) to work on /opt/airflow/dags/deploy_structure.py
[2022-02-11 16:38:35,492] {scheduler_job.py:633} INFO - Processing file /opt/airflow/dags/deploy_structure.py for tasks to queue
[2022-02-11 16:38:35,493] {logging_mixin.py:104} INFO - [2022-02-11 16:38:35,492] {dagbag.py:496} INFO - Filling up the DagBag from /opt/airflow/dags/deploy_structure.py
[2022-02-11 16:38:35,513] {scheduler_job.py:643} INFO - DAG(s) dict_keys(['deploy_structure']) retrieved from /opt/airflow/dags/deploy_structure.py
[2022-02-11 16:38:35,546] {logging_mixin.py:104} INFO - [2022-02-11 16:38:35,545] {dag.py:1833} INFO - Sync 1 DAGs
[2022-02-11 16:38:35,566] {logging_mixin.py:104} INFO - [2022-02-11 16:38:35,566] {dag.py:2306} INFO - Setting next_dagrun for deploy_structure to None
[2022-02-11 16:38:35,588] {scheduler_job.py:190} INFO - Processing /opt/airflow/dags/deploy_structure.py took 0.102 seconds
[2022-02-11 16:39:05,718] {scheduler_job.py:182} INFO - Started process (PID=43) to work on /opt/airflow/dags/deploy_structure.py
[2022-02-11 16:39:05,720] {scheduler_job.py:633} INFO - Processing file /opt/airflow/dags/deploy_structure.py for tasks to queue
[2022-02-11 16:39:05,721] {logging_mixin.py:104} INFO - [2022-02-11 16:39:05,721] {dagbag.py:496} INFO - Filling up the DagBag from /opt/airflow/dags/deploy_structure.py
[2022-02-11 16:39:05,736] {scheduler_job.py:643} INFO - DAG(s) dict_keys(['deploy_structure']) retrieved from /opt/airflow/dags/deploy_structure.py
[2022-02-11 16:39:05,769] {logging_mixin.py:104} INFO - [2022-02-11 16:39:05,769] {dag.py:1833} INFO - Sync 1 DAGs
[2022-02-11 16:39:05,789] {logging_mixin.py:104} INFO - [2022-02-11 16:39:05,789] {dag.py:2306} INFO - Setting next_dagrun for deploy_structure to None
[2022-02-11 16:39:05,810] {scheduler_job.py:190} INFO - Processing /opt/airflow/dags/deploy_structure.py took 0.098 seconds
