[2022-02-08 23:02:43,643] {taskinstance.py:896} INFO - Dependencies all met for <TaskInstance: hello_world.spark_job 2022-02-08T23:02:40.372802+00:00 [queued]>
[2022-02-08 23:02:43,798] {taskinstance.py:896} INFO - Dependencies all met for <TaskInstance: hello_world.spark_job 2022-02-08T23:02:40.372802+00:00 [queued]>
[2022-02-08 23:02:43,798] {taskinstance.py:1087} INFO - 
--------------------------------------------------------------------------------
[2022-02-08 23:02:43,798] {taskinstance.py:1088} INFO - Starting attempt 1 of 1
[2022-02-08 23:02:43,798] {taskinstance.py:1089} INFO - 
--------------------------------------------------------------------------------
[2022-02-08 23:02:43,821] {taskinstance.py:1107} INFO - Executing <Task(SparkSubmitOperator): spark_job> on 2022-02-08T23:02:40.372802+00:00
[2022-02-08 23:02:43,828] {standard_task_runner.py:52} INFO - Started process 62 to run task
[2022-02-08 23:02:43,834] {standard_task_runner.py:76} INFO - Running: ['***', 'tasks', 'run', 'hello_world', 'spark_job', '2022-02-08T23:02:40.372802+00:00', '--job-id', '29', '--pool', 'default_pool', '--raw', '--subdir', 'DAGS_FOLDER/task.py', '--cfg-path', '/tmp/tmpe63iavf0', '--error-file', '/tmp/tmpvzrnv2r9']
[2022-02-08 23:02:43,835] {standard_task_runner.py:77} INFO - Job 29: Subtask spark_job
[2022-02-08 23:02:43,951] {logging_mixin.py:104} INFO - Running <TaskInstance: hello_world.spark_job 2022-02-08T23:02:40.372802+00:00 [running]> on host 6c6e08eb0fd4
[2022-02-08 23:02:44,421] {taskinstance.py:1300} INFO - Exporting the following env vars:
AIRFLOW_CTX_DAG_OWNER=admin
AIRFLOW_CTX_DAG_ID=hello_world
AIRFLOW_CTX_TASK_ID=spark_job
AIRFLOW_CTX_EXECUTION_DATE=2022-02-08T23:02:40.372802+00:00
AIRFLOW_CTX_DAG_RUN_ID=manual__2022-02-08T23:02:40.372802+00:00
[2022-02-08 23:02:44,448] {base.py:69} INFO - Using connection to: id: spark_default. Host: spark://spark, Port: 7077, Schema: , Login: ***, Password: ***, extra: {'queue': 'root.default'}
[2022-02-08 23:02:44,451] {spark_submit.py:360} INFO - Spark-Submit cmd: spark-submit --master spark://spark:7077 --conf master=spark://spark:7077 --name test --verbose --queue root.default /opt/bitnami/spark/app/test.py
[2022-02-08 23:02:45,973] {spark_submit.py:514} INFO - JAVA_HOME is not set
[2022-02-08 23:02:45,991] {taskinstance.py:1501} ERROR - Task failed with exception
Traceback (most recent call last):
  File "/home/airflow/.local/lib/python3.8/site-packages/airflow/models/taskinstance.py", line 1157, in _run_raw_task
    self._prepare_and_execute_task_with_callbacks(context, task)
  File "/home/airflow/.local/lib/python3.8/site-packages/airflow/models/taskinstance.py", line 1331, in _prepare_and_execute_task_with_callbacks
    result = self._execute_task(context, task_copy)
  File "/home/airflow/.local/lib/python3.8/site-packages/airflow/models/taskinstance.py", line 1361, in _execute_task
    result = task_copy.execute(context=context)
  File "/home/airflow/.local/lib/python3.8/site-packages/airflow/providers/apache/spark/operators/spark_submit.py", line 182, in execute
    self._hook.submit(self._application)
  File "/home/airflow/.local/lib/python3.8/site-packages/airflow/providers/apache/spark/hooks/spark_submit.py", line 445, in submit
    raise AirflowException(
airflow.exceptions.AirflowException: Cannot execute: spark-submit --master spark://spark:7077 --conf master=spark://spark:7077 --name test --verbose --queue root.default /opt/bitnami/spark/app/test.py. Error code is: 1.
[2022-02-08 23:02:46,034] {taskinstance.py:1544} INFO - Marking task as FAILED. dag_id=hello_world, task_id=spark_job, execution_date=20220208T230240, start_date=20220208T230243, end_date=20220208T230246
[2022-02-08 23:02:46,146] {local_task_job.py:151} INFO - Task exited with return code 1
