[2022-02-10 12:40:36,363] {taskinstance.py:896} INFO - Dependencies all met for <TaskInstance: spark_first_run.2 2022-02-10T12:39:11.523683+00:00 [queued]>
[2022-02-10 12:40:36,416] {taskinstance.py:896} INFO - Dependencies all met for <TaskInstance: spark_first_run.2 2022-02-10T12:39:11.523683+00:00 [queued]>
[2022-02-10 12:40:36,416] {taskinstance.py:1087} INFO - 
--------------------------------------------------------------------------------
[2022-02-10 12:40:36,417] {taskinstance.py:1088} INFO - Starting attempt 1 of 4
[2022-02-10 12:40:36,417] {taskinstance.py:1089} INFO - 
--------------------------------------------------------------------------------
[2022-02-10 12:40:36,447] {taskinstance.py:1107} INFO - Executing <Task(PythonOperator): 2> on 2022-02-10T12:39:11.523683+00:00
[2022-02-10 12:40:36,453] {standard_task_runner.py:52} INFO - Started process 350 to run task
[2022-02-10 12:40:36,460] {standard_task_runner.py:76} INFO - Running: ['***', 'tasks', 'run', 'spark_first_run', '2', '2022-02-10T12:39:11.523683+00:00', '--job-id', '6', '--pool', 'default_pool', '--raw', '--subdir', 'DAGS_FOLDER/task.py', '--cfg-path', '/tmp/tmpr1zuijdz', '--error-file', '/tmp/tmpqc4gqxr_']
[2022-02-10 12:40:36,461] {standard_task_runner.py:77} INFO - Job 6: Subtask 2
[2022-02-10 12:40:36,543] {logging_mixin.py:104} INFO - Running <TaskInstance: spark_first_run.2 2022-02-10T12:39:11.523683+00:00 [running]> on host af54f92459ec
[2022-02-10 12:40:36,647] {taskinstance.py:1300} INFO - Exporting the following env vars:
AIRFLOW_CTX_DAG_OWNER=admin
AIRFLOW_CTX_DAG_ID=spark_first_run
AIRFLOW_CTX_TASK_ID=2
AIRFLOW_CTX_EXECUTION_DATE=2022-02-10T12:39:11.523683+00:00
AIRFLOW_CTX_DAG_RUN_ID=manual__2022-02-10T12:39:11.523683+00:00
[2022-02-10 12:40:36,662] {logging_mixin.py:104} INFO - finished
[2022-02-10 12:40:36,663] {python.py:151} INFO - Done. Returned value was: None
[2022-02-10 12:40:36,693] {taskinstance.py:1204} INFO - Marking task as SUCCESS. dag_id=spark_first_run, task_id=2, execution_date=20220210T123911, start_date=20220210T124036, end_date=20220210T124036
[2022-02-10 12:40:36,755] {taskinstance.py:1265} INFO - 0 downstream tasks scheduled from follow-on schedule check
[2022-02-10 12:40:36,792] {local_task_job.py:151} INFO - Task exited with return code 0
